5
18
73
82
66
32
100
78 79
29 83
68 79
77 48
52 51
84 85
43 88
50 51
46 7
33 42
0 29
54 71
43 69
80 19
19 65
0 77
17 45
13 62
86 42
43 76
38 54
63 12
84 16
0 84
46 55
12 53
14 49
15 59
46 91
51 94
56 69
75 54
1 22
86 80
43 2
71 80
86 70
28 61
46 17
12 83
69 62
1 70
89 80
17 63
0 43
22 49
87 6
39 35
19 49
1 62
88 37
92 59
33 61
27 89
13 11
12 11
12 8
47 34
71 8
0 16
28 87
37 83
70 49
61 49
22 6
13 8
9 8
35 5
47 2
64 41
28 11
0 28
23 47
89 78
24 41
86 87
59 94
39 63
9 4
19 64
83 49
9 93
88 33
1 63
92 6
41 34
92 49
46 27
0 15
19 17
61 68
68 4
46 13
58 4
0 46
62 94
33 34
1 47
39 4
86 88
