5
38
26
91
17
83
100
32 59
90 10
90 88
44 55
0 99
80 27
29 18
61 52
37 70
53 52
74 9
49 87
87 98
66 53
2 23
64 88
61 89
18 88
85 94
68 84
98 99
37 6
28 76
49 76
85 80
0 37
90 4
19 9
0 96
69 41
44 2
20 61
3 53
1 77
5 7
0 85
90 2
25 69
54 12
87 70
19 5
0 20
44 77
60 59
14 22
58 72
50 56
82 23
54 75
97 89
44 54
33 9
27 56
44 51
76 56
13 70
82 11
29 43
72 99
88 99
57 94
13 7
14 5
41 12
73 3
56 55
22 8
97 68
97 93
63 12
63 3
55 59
76 41
34 12
76 77
19 64
97 75
6 66
82 67
10 8
28 11
45 95
65 4
49 24
66 9
8 71
19 84
29 45
59 99
87 77
79 96
97 32
49 56
82 60
82 3
0 1
44 18
22 5
46 60
97 46
