2
14
39
100
0 73
55 68
35 34
55 70
35 65
33 7
27 49
57 72
34 36
48 69
51 69
56 7
32 5
66 5
10 5
21 73
50 5
8 19
15 71
37 49
43 49
55 8
15 20
56 71
66 28
24 58
5 73
50 28
67 69
3 58
55 35
37 51
0 55
27 71
56 43
28 29
10 51
0 15
33 10
67 3
58 73
41 42
26 51
46 7
24 69
33 16
27 17
37 10
23 57
0 32
70 43
67 44
60 13
3 73
36 69
29 69
50 6
58 68
33 4
33 17
66 11
21 69
56 11
58 69
70 54
61 62
7 73
31 20
21 20
53 63
68 73
27 67
41 67
47 10
50 40
53 11
31 1
66 26
19 42
31 2
24 59
24 28
29 20
33 37
56 18
27 66
63 69
63 13
57 13
71 73
24 23
21 62
20 73
41 5
70 1
4 59
56 61
10 62
20 69
27 23
