5
70
69
17
63
11
100
29 82
0 79
29 16
0 44
28 90
83 72
54 90
64 76
80 65
29 25
87 90
19 30
59 65
0 29
50 30
54 65
33 24
61 90
85 30
32 16
40 34
0 39
78 74
78 58
76 47
14 38
41 9
76 58
61 51
66 65
0 64
2 81
41 40
28 55
56 24
42 34
0 83
60 65
30 90
55 40
13 38
24 34
65 90
62 40
61 50
56 33
81 90
46 16
55 15
13 74
62 73
6 34
16 90
48 33
51 34
21 33
20 35
45 3
62 12
55 8
14 6
86 33
8 71
33 34
50 85
32 35
56 45
88 10
34 90
7 58
33 71
24 6
85 49
0 90
24 12
36 53
61 8
19 38
7 59
75 83
25 6
3 71
60 12
0 75
85 71
0 5
56 72
56 21
62 19
62 67
59 6
49 90
25 47
23 53
7 45
80 53
71 90
76 45
62 31
78 83
