5
26
5
69
42
73
100
48 92
35 28
39 28
75 24
84 92
51 93
50 24
32 52
59 47
70 28
56 19
36 11
28 99
36 27
71 80
35 38
92 38
17 75
43 84
76 16
37 55
59 54
80 57
9 24
71 53
87 53
3 54
67 78
58 68
0 49
17 61
92 44
0 17
44 99
47 78
0 89
10 31
28 11
47 98
9 79
12 99
92 68
52 98
92 19
63 16
57 68
78 99
29 25
55 11
79 96
44 3
72 27
44 55
14 82
15 38
44 63
87 23
24 25
7 55
25 99
80 38
29 99
52 97
95 2
24 27
47 97
9 68
81 86
28 14
9 74
48 37
71 89
83 11
57 55
48 38
12 39
47 84
92 87
1 11
44 4
57 67
27 99
38 99
50 82
95 91
7 67
44 7
15 8
48 76
72 86
13 55
47 91
52 74
43 87
56 11
47 11
95 23
66 30
9 72
2 68
