5
67
77
81
95
34
100
1 32
78 33
4 99
60 38
98 78
0 57
47 38
19 38
56 44
43 99
65 99
56 12
13 8
60 57
4 83
0 98
41 48
1 98
54 84
56 8
62 84
12 99
10 87
60 82
79 41
72 8
56 30
13 16
19 53
2 68
55 18
48 49
47 58
54 47
19 52
44 83
37 24
24 68
79 10
0 1
20 2
75 18
75 8
56 20
91 90
2 18
94 17
48 37
73 78
49 6
60 19
46 23
65 38
83 99
46 38
12 31
42 30
68 6
14 78
0 60
53 6
50 27
92 31
38 57
22 17
46 25
4 36
17 27
5 53
91 25
59 96
49 26
86 31
13 97
4 57
46 37
13 96
15 30
42 92
13 50
54 46
73 90
91 66
58 64
4 41
4 62
91 19
64 57
3 16
15 61
42 73
15 93
42 5
83 18
80 36
26 51
41 53
41 31
59 61
59 50
