5
22
10
61
83
72
100
84 95
0 27
84 48
9 95
25 69
25 88
58 80
58 77
67 95
46 68
70 95
21 68
47 75
69 91
53 80
84 68
12 95
5 74
88 91
58 27
21 18
91 95
86 7
53 95
58 8
16 42
64 42
12 44
58 13
46 84
44 95
42 80
80 95
2 25
47 62
53 88
27 95
2 5
21 71
67 87
2 52
2 87
11 35
37 74
25 95
57 56
8 87
23 65
47 26
21 23
48 41
77 69
77 84
53 45
33 15
62 88
0 95
47 52
86 26
86 71
31 56
94 5
88 95
67 52
85 13
41 69
2 79
18 56
21 17
57 82
81 82
55 5
57 13
32 66
0 46
2 48
86 43
58 86
15 74
94 82
32 74
69 5
67 16
51 45
64 13
15 93
70 43
82 95
51 5
51 40
91 74
67 93
2 37
74 56
23 56
71 56
52 81
77 45
58 73
51 19
