5
32
45
42
28
30
100
17 19
84 95
75 47
94 9
41 87
56 95
41 20
40 26
41 50
94 17
62 20
58 22
94 78
43 20
85 70
31 55
82 66
94 31
12 81
48 78
94 13
65 80
71 36
88 66
94 39
94 85
94 76
40 90
75 78
94 40
52 65
21 27
48 77
78 20
44 24
12 25
75 19
81 22
94 52
23 73
23 48
6 1
60 20
0 94
75 10
41 52
43 34
78 25
75 58
6 72
6 90
91 20
43 18
6 26
88 44
24 20
16 49
9 95
62 79
41 84
4 22
44 4
60 4
78 90
51 19
26 79
26 22
20 95
43 74
6 69
75 64
16 1
22 95
87 92
12 62
23 51
81 79
23 94
75 84
57 79
12 70
78 1
0 48
37 79
90 18
90 77
44 48
12 94
26 67
31 1
66 19
83 18
70 93
77 92
39 74
72 48
0 23
94 18
93 92
41 88
