5
89
81
38
93
62
98
15 99
51 75
17 46
66 10
44 99
45 51
66 78
53 35
66 65
35 99
82 51
56 34
90 73
15 30
26 99
7 61
60 73
5 41
42 36
98 36
8 19
44 23
52 23
58 49
30 7
58 7
82 33
13 64
10 40
37 13
75 23
66 91
26 51
90 64
95 78
56 85
12 83
30 2
20 27
15 56
21 25
18 28
82 88
82 68
30 8
41 96
47 59
46 58
57 77
74 70
64 11
71 95
50 32
94 51
47 83
43 69
3 29
64 76
24 77
50 33
43 75
71 39
94 19
37 44
91 58
52 18
68 69
67 72
53 22
67 51
88 29
88 5
19 4
88 60
31 69
85 13
72 97
96 99
14 11
6 7
84 11
90 43
32 73
20 12
98 34
85 48
12 63
98 5
75 13
85 90
75 84
88 31
9 72
72 80
68 88
97 99
11 16
33 49
