5
4
95
14
81
26
100
10 2
80 27
54 80
55 97
94 5
10 89
55 51
48 55
10 74
13 58
94 76
10 1
43 27
71 53
28 33
54 19
37 44
2 99
93 5
40 99
24 53
21 49
53 49
0 85
0 48
32 94
60 42
58 71
47 28
58 90
88 23
49 99
88 12
32 58
36 10
88 91
68 73
47 88
72 78
1 87
67 31
36 92
2 77
50 65
72 6
83 28
86 23
23 38
75 64
60 58
43 75
50 29
56 12
51 62
76 16
60 19
6 77
22 62
11 13
60 66
50 15
10 79
38 16
36 84
68 45
97 73
0 3
36 43
53 88
62 73
60 22
97 80
16 35
44 13
93 35
97 98
30 20
59 74
77 16
39 28
78 42
30 43
90 64
11 53
18 40
80 65
11 6
39 49
13 64
16 87
17 68
67 8
51 58
54 25
31 70
67 22
80 38
76 46
58 87
89 40
