5
90
31
35
39
23
100
7 45
0 21
52 25
28 42
79 75
0 93
74 75
87 73
51 46
85 24
97 85
79 45
86 11
7 40
22 78
12 62
36 38
0 52
69 30
75 99
97 18
0 7
50 33
27 78
27 42
28 55
67 16
78 99
0 87
32 97
64 26
32 91
70 11
41 56
36 33
61 7
69 74
54 37
40 11
79 71
84 18
95 26
45 99
14 98
79 4
76 68
64 20
64 60
94 20
42 99
86 16
0 86
5 92
32 53
77 20
24 75
68 73
54 6
38 99
69 84
48 67
0 54
0 79
65 7
88 12
59 55
0 99
0 32
51 52
55 92
55 33
67 18
64 22
69 64
19 95
24 92
19 84
83 34
49 43
69 94
97 21
69 49
56 33
78 9
61 32
59 60
29 97
17 54
76 88
40 18
69 57
61 51
24 60
61 76
42 92
12 7
19 45
69 29
0 69
14 30
