5
66
1
85
11
3
100
44 55
0 12
90 65
0 88
81 99
84 15
21 23
30 23
65 20
82 53
14 8
77 99
23 99
69 36
20 99
45 80
16 79
83 45
47 79
69 31
51 46
16 49
0 28
16 37
19 74
82 7
82 51
72 58
87 86
76 93
79 53
87 60
0 82
16 4
69 78
0 14
83 16
21 16
55 78
21 67
48 17
69 89
52 93
21 79
35 99
74 95
0 83
31 53
69 48
17 36
46 59
21 8
32 92
53 99
61 92
72 16
34 76
54 33
93 12
17 90
20 71
5 46
68 63
5 89
58 89
45 36
17 8
2 76
9 43
4 36
79 95
26 37
32 55
61 91
13 58
45 12
75 58
5 90
74 76
29 76
35 36
10 58
96 16
94 37
17 6
46 63
74 55
72 61
62 44
7 36
95 99
74 39
67 30
32 61
34 96
42 76
36 99
31 6
43 12
75 6
