5
96
95
98
87
92
100
0 3
0 1
0 2
19 97
65 97
67 10
4 16
4 67
69 60
30 85
72 12
10 97
74 97
89 97
68 29
65 90
59 85
4 30
53 97
44 90
44 27
61 64
84 64
4 40
61 49
68 90
59 54
94 90
59 93
44 47
94 35
94 25
65 24
61 81
4 59
65 29
44 81
19 67
94 78
65 47
48 97
91 60
65 54
68 66
72 90
94 62
60 97
72 54
72 35
94 31
65 17
51 49
85 97
91 49
94 3
69 3
4 68
72 56
29 97
69 31
49 97
94 88
51 67
51 81
94 93
94 54
72 17
27 97
52 75
90 97
76 62
21 64
4 94
76 75
61 70
55 78
91 88
72 9
69 73
19 70
4 44
61 43
4 72
45 35
91 31
4 19
51 23
71 35
4 69
24 78
74 64
91 23
66 64
91 41
47 17
15 81
91 3
71 67
31 97
64 97
