5
56
58
8
33
13
100
55 10
7 5
0 3
49 59
26 52
40 46
32 52
11 36
21 24
0 40
41 31
20 23
51 5
0 26
2 3
36 4
44 59
4 59
49 32
21 37
21 20
21 32
21 41
3 53
21 7
9 59
49 41
34 55
2 7
14 41
50 45
5 59
49 26
2 41
25 52
14 6
51 26
14 39
38 41
50 22
31 10
54 28
2 14
44 52
50 41
31 54
11 18
10 28
44 16
2 47
54 26
11 26
49 31
3 30
55 46
0 21
16 59
19 6
50 57
48 57
18 26
34 41
34 48
28 59
6 37
55 23
0 2
0 59
52 59
43 37
45 41
11 57
50 31
50 19
20 6
38 14
34 3
49 1
45 40
37 59
29 39
16 41
0 49
12 17
40 59
50 20
47 57
39 41
16 57
15 46
0 50
34 10
36 46
57 59
37 48
47 42
5 26
26 59
5 41
46 41
