5
75
48
30
96
17
100
98 60
70 93
34 99
7 20
87 40
32 25
70 98
54 65
10 79
65 74
87 99
26 51
79 99
72 71
71 20
91 33
65 4
89 20
34 32
7 76
44 18
68 1
26 89
60 20
70 78
19 29
10 89
57 12
49 18
26 52
94 10
4 99
7 65
10 99
71 65
54 45
58 81
34 83
29 20
11 43
70 53
33 57
70 91
94 12
87 44
41 83
70 7
65 89
24 99
94 86
70 72
73 12
43 89
42 62
4 18
76 20
16 18
97 21
45 99
65 5
41 59
11 59
94 25
19 82
71 42
82 21
41 32
97 29
68 19
81 20
5 73
94 98
26 92
71 93
97 33
40 21
68 71
94 40
8 6
42 33
9 53
86 6
0 99
0 34
65 25
9 39
97 60
79 25
63 83
46 89
32 73
90 25
57 20
21 39
81 55
82 5
0 87
41 98
3 83
79 74
