5
57
6
70
4
19
100
85 51
78 30
0 23
0 65
34 30
64 68
78 34
28 41
89 41
14 83
28 21
56 21
71 84
3 82
91 23
0 46
85 25
85 11
36 33
64 80
68 30
36 79
84 94
0 85
37 21
36 67
78 56
31 65
79 94
3 68
52 58
37 58
92 46
35 49
0 78
52 67
73 67
92 23
0 14
71 62
8 34
33 24
40 23
35 82
38 30
31 93
27 23
35 37
35 92
77 45
31 61
74 58
81 53
21 30
35 24
35 67
31 41
36 16
50 30
53 65
34 65
28 73
31 53
18 22
75 67
63 29
1 67
77 54
61 51
44 51
34 17
73 53
31 74
73 74
28 20
10 22
61 67
0 52
76 65
13 10
45 30
34 41
17 65
0 28
83 93
83 68
27 74
21 24
77 63
91 64
44 58
91 33
83 90
35 27
73 68
91 13
91 14
35 18
83 54
68 94
