5
83
39
63
22
11
100
62 95
31 95
24 75
26 75
24 70
13 20
31 61
24 80
62 14
37 91
87 61
37 71
41 75
52 95
50 3
64 61
75 61
0 13
82 70
53 57
24 65
74 41
62 77
90 40
25 57
3 95
66 65
24 2
73 86
62 64
86 61
16 70
90 74
26 74
61 95
74 95
25 64
24 84
55 7
58 77
58 79
64 95
70 95
57 95
47 79
1 51
62 85
50 85
54 16
68 85
62 79
24 1
14 95
62 16
69 88
68 44
4 44
4 85
65 16
0 76
82 85
87 81
82 79
1 79
74 16
89 38
53 17
81 44
37 13
37 84
56 88
51 16
0 78
31 25
90 77
2 77
62 28
26 68
85 95
2 44
30 77
31 13
9 87
53 72
31 40
73 72
0 58
90 68
53 44
47 42
90 47
74 23
17 76
9 77
53 48
38 44
90 18
35 72
36 25
53 84
