5
95
7
1
18
19
100
0 89
77 15
41 94
23 84
31 41
54 91
26 78
8 81
97 69
58 27
8 28
58 21
55 84
49 48
58 72
94 68
79 43
45 78
70 87
96 81
58 77
23 72
94 8
0 31
58 67
87 78
94 33
88 78
25 11
94 22
55 57
60 24
15 69
32 57
56 24
40 99
11 99
55 3
85 69
15 76
39 33
60 32
58 97
71 35
48 99
58 2
6 65
30 47
43 69
70 42
35 99
56 63
40 93
60 64
69 99
17 21
35 76
58 24
60 91
58 55
57 12
57 73
87 81
2 71
38 71
65 91
60 46
6 84
16 91
67 56
73 12
23 67
27 96
60 70
93 99
55 64
69 12
88 28
32 24
42 24
40 62
73 91
25 10
78 99
61 33
94 34
62 72
45 84
25 46
50 79
87 10
27 64
30 46
94 15
72 99
23 57
17 49
94 26
58 3
84 71
