1
43
100
0 70
32 8
32 28
55 35
0 32
69 55
42 55
65 61
0 20
0 38
65 8
0 23
47 38
49 70
68 33
0 26
36 46
45 20
47 45
65 35
33 22
47 36
65 68
18 63
42 45
30 25
15 31
0 47
42 60
65 4
28 34
46 6
30 8
17 34
25 22
57 42
7 64
46 20
66 61
68 22
30 41
65 52
28 33
9 32
66 21
28 20
2 61
31 34
8 33
46 30
2 50
33 63
27 40
38 28
46 25
53 44
3 63
14 61
27 23
69 20
2 45
53 26
0 57
37 60
58 14
49 18
8 45
0 65
22 70
29 21
1 60
53 7
53 69
50 51
46 4
37 62
58 21
11 7
58 25
2 64
58 9
53 9
37 15
55 28
66 9
32 34
61 70
63 70
21 70
46 57
59 54
53 27
3 6
46 55
54 40
52 64
28 44
42 26
59 40
17 33
