5
67
19
7
54
88
100
83 89
85 82
25 20
49 82
62 70
18 50
69 73
50 70
1 70
46 23
71 44
34 10
72 27
51 2
71 14
65 73
78 39
72 44
37 16
59 64
48 46
74 5
71 83
30 10
47 75
30 12
11 38
6 24
72 11
80 57
72 6
42 17
57 18
2 70
53 18
13 10
47 32
33 18
28 78
81 41
71 42
69 37
53 1
9 63
81 40
45 65
18 10
40 75
80 20
17 76
80 69
26 78
20 79
31 42
46 25
66 37
33 84
71 74
60 68
82 89
84 22
63 66
71 30
66 11
21 39
12 64
38 21
39 27
33 55
8 14
39 77
83 3
87 16
49 40
64 27
35 27
38 51
23 15
52 16
77 76
33 23
32 40
83 22
83 49
13 12
8 2
17 40
26 36
4 57
84 53
27 11
29 87
69 14
80 8
13 32
13 2
63 25
13 29
12 61
65 44
