5
3
27
13
34
32
94
31 59
45 23
29 59
14 42
14 10
19 22
12 59
56 9
47 59
44 40
11 25
20 50
36 51
37 6
25 5
17 19
14 36
4 26
17 56
14 21
20 43
8 2
12 44
33 11
12 55
36 44
6 26
12 53
25 48
37 44
20 35
41 21
30 42
12 19
52 10
23 24
58 40
38 22
49 37
14 57
52 41
22 29
47 30
56 21
28 37
12 24
12 31
38 6
15 31
52 22
37 19
55 9
25 6
52 47
41 19
25 50
37 29
11 44
18 48
56 46
16 29
7 28
51 6
12 15
11 15
39 44
19 26
1 30
38 15
36 49
44 43
49 24
49 50
35 16
49 31
4 24
58 42
35 36
14 52
12 52
55 52
25 52
29 21
54 50
31 28
7 15
19 6
58 53
26 40
2 46
45 17
8 20
43 21
46 9
