5
84
48
65
3
44
100
83 88
63 15
4 64
34 78
64 88
0 34
63 36
0 63
56 12
6 56
64 85
1 35
29 61
37 12
35 88
64 15
79 15
86 19
23 32
1 41
37 56
25 74
19 74
71 18
0 23
40 15
1 79
38 15
22 15
46 50
18 74
27 74
64 40
2 29
0 2
35 83
54 28
64 11
61 15
8 36
1 7
35 30
0 6
46 68
26 5
66 56
35 10
25 20
61 58
72 28
40 88
85 21
63 74
46 75
77 87
35 43
77 21
31 56
25 72
54 17
85 79
8 71
60 5
25 36
32 36
85 1
58 74
10 88
17 83
86 37
61 70
64 54
26 36
41 57
41 5
40 53
61 43
56 30
50 28
85 86
85 6
0 85
46 47
17 50
79 75
74 88
0 46
52 75
33 21
78 67
0 76
41 27
9 42
60 4
31 19
49 11
45 53
41 73
38 70
14 29
