5
81
35
74
8
11
100
0 54
46 79
48 3
46 47
0 48
51 57
49 52
68 56
34 91
51 60
23 1
76 24
54 13
76 15
45 2
51 61
79 18
80 13
52 89
41 93
63 1
76 51
79 75
55 38
24 31
59 25
80 25
89 93
0 93
1 93
76 54
46 34
24 86
80 36
76 34
75 31
0 46
24 2
75 62
65 93
0 76
43 18
62 86
39 26
24 51
44 78
24 22
60 36
23 91
63 56
17 86
13 56
42 15
44 55
42 39
24 62
28 4
5 26
52 56
54 2
60 70
44 61
42 27
83 78
5 59
55 4
19 56
91 36
59 28
60 25
7 45
43 27
79 58
23 5
24 52
60 22
77 22
40 4
84 56
44 80
17 25
91 51
17 70
17 45
79 22
25 26
42 13
19 85
42 60
59 51
25 87
85 4
71 56
24 66
61 18
17 67
59 29
25 62
85 53
0 23
