5
67
12
29
11
18
100
0 2
0 86
69 97
79 33
69 96
7 27
79 69
54 2
97 8
80 99
49 99
87 98
21 99
0 54
91 5
64 99
92 94
86 55
45 85
0 99
40 23
89 94
73 23
22 5
7 6
7 87
76 94
77 2
92 51
43 82
28 33
92 76
7 72
0 45
28 34
42 17
55 3
91 90
10 34
91 59
0 79
7 73
0 7
93 2
55 93
96 3
26 17
77 17
94 5
38 53
91 73
38 72
87 34
33 2
4 93
31 5
4 17
5 99
83 77
6 2
64 35
4 54
68 52
91 68
89 40
71 42
96 49
51 9
91 71
83 41
19 10
89 10
38 62
76 14
22 59
85 2
2 99
96 14
95 9
87 57
74 13
6 32
3 99
96 50
97 10
95 34
15 9
1 58
64 72
82 32
96 42
32 34
50 72
57 72
83 60
89 4
88 37
17 99
88 60
81 9
