5
43
24
16
59
34
100
0 35
11 65
60 3
65 93
11 94
50 83
47 78
50 94
11 12
85 1
18 94
61 23
0 9
47 77
94 66
0 50
49 87
94 25
67 78
0 57
81 74
61 78
47 58
39 38
0 47
75 80
94 19
20 99
46 99
14 4
94 97
79 13
75 54
28 33
15 85
75 32
28 68
44 6
93 80
93 38
61 15
83 66
28 55
75 53
96 27
31 38
5 51
4 66
80 99
87 99
38 6
6 99
30 68
0 28
95 57
46 65
61 5
3 29
76 22
17 49
21 29
74 30
1 66
96 79
70 66
74 14
61 28
85 13
53 77
53 84
27 55
81 91
72 29
6 66
74 54
76 89
4 55
96 39
40 9
13 66
27 97
85 82
15 40
66 99
53 60
62 57
49 99
36 88
62 70
8 97
19 97
32 4
91 88
90 97
29 88
36 84
78 42
9 60
52 97
61 53
