5
12
33
53
97
85
100
59 99
15 64
36 76
64 99
50 56
89 9
11 46
31 63
62 22
82 23
17 47
83 8
69 9
36 21
50 15
18 86
76 32
56 92
79 84
60 62
66 51
5 3
8 9
98 35
49 52
15 16
75 45
50 18
87 81
17 36
79 90
59 35
66 59
34 70
25 57
22 68
44 26
30 17
6 74
66 93
27 52
55 26
64 19
15 42
3 90
55 84
94 16
80 86
1 92
27 13
6 98
95 11
64 37
80 88
69 58
88 84
14 61
55 48
57 92
39 45
66 75
35 45
47 84
86 45
96 91
54 31
65 22
21 20
11 77
87 40
1 43
10 32
68 67
72 88
43 71
7 41
9 67
25 28
39 52
41 52
79 38
78 34
43 23
5 37
23 31
29 75
48 51
35 51
81 51
92 73
54 87
40 43
32 39
74 28
94 31
40 60
48 62
91 37
62 8
47 39
