1
1
93
0 99
0 2
97 99
0 98
2 4
3 5
21 19
49 47
78 80
62 4
56 9
32 34
75 77
25 95
82 7
12 6
38 36
18 19
96 98
6 4
23 21
48 47
46 47
57 55
43 19
23 50
26 27
28 29
27 29
42 44
91 93
90 92
87 91
57 58
25 59
31 29
89 91
13 15
7 9
14 15
33 31
69 71
14 16
71 53
56 90
17 19
41 43
32 31
92 94
68 66
42 62
36 37
26 28
23 24
87 89
63 62
61 62
90 91
76 50
73 74
84 83
63 61
35 33
85 38
81 82
80 79
83 81
9 11
34 6
77 78
20 93
53 51
54 52
49 48
88 89
76 78
76 75
38 37
42 41
70 68
69 67
65 63
66 64
24 25
86 85
67 65
74 72
73 71
73 72
11 10
95 96
13 12
11 12
