5
57
80
17
70
34
100
19 25
56 14
69 20
65 41
27 26
32 91
8 33
56 37
27 9
27 25
0 19
62 36
37 36
63 13
63 8
40 91
46 33
89 9
38 67
67 36
55 33
63 18
20 22
78 41
84 8
46 61
54 33
20 89
13 36
86 41
54 9
33 91
63 74
44 83
73 18
53 9
20 62
50 18
41 91
37 69
63 24
1 27
28 27
40 72
88 84
88 38
11 26
58 8
36 91
20 32
29 31
24 31
73 11
37 64
63 28
66 28
29 62
0 88
66 71
78 31
54 12
20 50
49 11
46 62
89 64
45 81
40 32
79 12
53 7
66 74
58 71
66 38
24 15
12 18
40 11
54 50
63 44
63 78
33 64
42 64
45 71
81 64
85 64
32 18
53 68
32 31
37 39
48 7
1 60
3 84
52 71
89 18
35 59
73 88
24 30
24 11
46 50
58 11
38 7
0 20
