5
60
17
3
28
58
100
22 10
15 51
35 5
34 4
11 5
63 44
5 71
20 12
0 20
1 70
27 42
42 10
66 10
0 47
9 24
68 64
68 24
13 71
38 26
23 4
7 39
40 45
24 26
10 71
39 18
68 71
49 23
1 57
53 8
51 4
49 70
8 4
1 2
52 35
54 50
35 26
26 71
0 15
44 25
27 4
9 64
18 4
54 49
0 1
66 29
54 2
70 64
49 29
19 50
49 57
40 1
42 19
19 29
46 45
16 20
0 40
4 71
30 32
0 67
65 29
46 29
68 29
61 20
66 19
25 27
47 71
46 71
46 59
59 55
68 42
65 25
49 32
19 36
16 67
23 29
32 45
13 64
39 55
66 70
66 42
66 9
39 64
43 2
39 29
55 71
16 24
46 7
46 56
21 7
23 67
16 34
48 2
45 71
21 2
69 67
14 48
7 64
36 64
30 19
30 44
