5
29
1
40
2
12
93
10 13
0 7
10 14
4 7
0 6
0 5
0 8
0 3
4 8
9 13
13 30
14 18
15 18
14 17
15 17
19 20
14 16
15 16
15 19
17 18
24 28
18 30
17 19
17 20
17 21
19 23
27 30
27 28
19 21
20 21
19 22
20 22
9 11
5 7
10 11
5 8
6 8
9 7
6 7
6 10
5 9
6 3
6 9
7 11
7 8
10 8
21 25
16 18
20 23
16 19
20 18
24 21
4 5
6 5
27 26
23 21
54 60
59 60
49 56
26 30
32 36
49 55
33 47
52 53
24 23
11 13
11 15
38 43
42 47
49 54
39 43
33 38
13 16
14 13
24 25
26 25
22 25
27 25
27 23
24 26
22 23
50 53
52 48
48 51
46 52
47 50
33 34
39 38
37 42
39 42
47 43
26 28
32 37
