5
42
35
93
11
6
100
53 99
44 78
79 99
70 99
54 36
54 33
80 46
47 66
65 1
12 7
26 32
0 72
85 49
15 95
19 15
44 92
54 19
71 23
76 15
91 49
78 49
14 55
30 29
62 37
2 34
57 63
0 67
73 33
49 66
85 87
46 66
63 47
20 45
7 55
1 33
21 47
62 58
62 87
50 69
52 61
48 58
81 34
43 77
22 77
40 5
51 15
9 47
38 94
57 76
2 87
45 58
44 84
77 30
54 28
85 62
19 56
54 83
80 56
86 94
40 48
88 47
88 10
88 34
12 36
82 28
40 86
94 61
21 59
51 64
98 25
22 59
1 7
24 3
51 59
81 5
20 90
51 57
78 12
60 8
19 39
4 81
64 58
60 97
4 27
92 39
4 43
64 50
96 48
68 48
41 65
89 2
89 96
28 96
10 56
53 41
70 62
12 17
68 96
45 92
12 41
