5
7
85
70
50
46
86
5 12
41 48
6 10
0 3
56 35
45 76
49 10
29 21
64 99
60 89
84 79
63 80
97 67
22 19
51 89
67 48
22 41
75 89
59 88
8 33
63 62
58 32
19 6
56 76
1 4
88 48
23 62
19 39
36 8
40 42
96 49
43 29
22 18
93 69
55 14
6 29
91 44
22 31
44 42
0 36
28 13
22 1
5 8
74 90
42 76
63 28
32 29
30 4
81 18
82 64
98 72
60 35
22 81
1 77
2 38
40 56
21 15
26 71
26 84
21 98
68 49
87 72
73 72
20 3
74 56
10 75
94 52
34 12
11 8
95 78
40 53
13 24
30 53
54 25
17 11
63 21
27 35
82 12
31 45
34 96
19 18
45 15
65 31
56 81
4 6
1 5
