5
87
46
33
50
10
100
67 99
85 84
24 74
75 74
72 73
5 6
8 7
85 86
7 78
92 29
39 40
80 79
0 3
73 74
77 78
78 99
72 51
43 61
63 97
74 99
97 98
52 51
2 23
77 73
14 15
1 39
1 85
66 67
2 71
40 17
4 70
69 70
64 31
4 5
75 16
61 60
66 13
18 17
94 70
16 17
35 84
13 14
20 83
61 57
25 48
47 48
84 83
38 14
66 65
27 77
9 8
27 64
7 80
4 56
43 38
9 56
35 36
61 62
29 78
20 24
6 69
4 9
97 77
64 65
15 16
38 39
22 40
47 14
18 31
61 66
67 75
21 22
68 29
18 55
22 23
20 67
91 92
91 90
93 92
62 76
60 30
63 60
64 28
53 54
64 43
31 85
31 32
56 39
69 59
27 26
58 59
89 25
44 60
41 40
37 23
71 83
48 81
71 85
71 8
95 20
