3
18
17
68
100
0 99
29 55
0 84
97 40
0 29
63 1
76 6
83 7
6 99
22 72
36 76
83 21
0 13
0 33
0 71
73 61
95 43
77 99
19 72
63 15
38 75
44 43
86 12
0 36
20 24
67 11
0 73
0 53
21 61
0 26
70 99
0 20
67 78
87 99
43 99
67 55
49 16
62 98
72 12
61 99
38 8
12 99
0 21
51 99
39 11
67 74
76 99
8 84
77 11
44 42
67 14
87 16
38 83
67 13
16 99
0 67
0 62
78 99
0 38
57 65
63 73
65 84
96 11
44 72
94 27
41 74
78 81
74 11
63 47
66 35
0 23
0 49
80 3
57 21
65 3
87 90
87 35
63 34
74 36
66 98
51 27
88 13
66 72
66 42
44 86
88 73
37 2
87 49
96 47
51 48
0 63
8 10
46 42
27 99
35 11
29 42
50 13
72 11
40 75
29 93
