5
77
47
32
56
75
100
25 90
49 44
0 85
70 99
27 15
90 99
16 15
0 66
76 44
29 42
1 87
94 74
53 82
5 43
93 88
0 49
81 89
5 83
1 18
46 10
0 29
79 69
0 58
53 22
31 27
88 55
96 6
1 17
60 10
97 38
31 81
23 95
15 6
71 55
78 85
0 5
3 62
50 82
55 99
53 60
88 24
3 2
16 82
79 3
22 82
34 24
94 73
53 23
90 54
24 99
61 67
79 86
53 51
57 95
6 99
61 2
16 58
53 84
45 21
52 74
36 89
92 45
97 22
97 76
61 27
82 99
0 99
33 25
0 31
2 58
88 48
10 62
41 22
14 42
42 58
62 69
28 48
98 45
18 67
74 58
97 79
34 38
71 58
21 58
16 66
27 68
69 99
2 66
58 99
7 66
76 66
21 90
76 23
19 4
90 95
93 48
97 7
63 66
12 41
0 97
