5
63
31
13
95
47
100
59 99
2 92
58 27
66 21
88 76
24 41
8 11
0 4
97 87
53 99
92 99
54 79
91 17
61 70
57 86
26 40
24 17
61 38
60 77
85 87
14 89
92 44
61 76
42 49
87 86
61 48
29 98
49 98
0 88
14 30
86 99
64 48
1 3
52 60
14 83
14 50
94 83
61 83
46 99
61 64
91 1
44 12
7 30
21 99
84 51
18 78
16 12
71 60
19 52
61 96
77 56
1 12
0 19
80 93
20 74
94 23
71 66
27 40
10 78
9 37
41 85
75 60
9 66
80 5
78 66
14 93
74 40
91 75
76 56
0 94
39 56
26 83
14 8
1 85
91 54
68 85
24 82
24 22
9 40
24 64
0 61
6 77
36 79
74 29
42 99
6 5
16 83
37 56
30 40
0 14
16 81
46 10
85 40
26 58
27 79
60 66
66 99
16 18
46 58
51 12
