5
16
76
78
20
18
100
55 95
23 35
55 4
80 42
60 31
80 58
39 34
35 95
34 33
33 50
26 94
15 39
25 95
34 50
94 68
80 32
34 89
60 65
4 50
79 46
77 74
51 74
67 13
59 68
49 77
40 37
93 79
7 19
56 19
11 95
15 65
89 50
59 65
15 4
7 13
49 28
55 87
65 95
68 95
49 12
42 51
93 91
8 77
35 28
66 70
60 26
77 79
30 70
50 95
66 31
0 15
10 45
63 62
8 37
90 89
55 66
42 3
55 41
63 52
80 49
88 17
21 82
26 79
47 62
12 62
93 88
36 28
85 89
90 45
55 30
37 28
47 89
7 61
82 52
4 28
3 66
66 89
85 52
45 62
7 3
34 26
82 28
89 95
28 95
0 80
0 93
82 13
33 62
33 37
66 52
60 66
71 46
61 62
65 13
57 13
27 13
4 79
10 88
58 32
45 52
