5
25
43
52
42
87
100
68 99
95 83
24 7
48 83
17 89
92 83
59 77
7 64
93 83
6 64
6 28
95 92
89 99
92 38
95 59
48 75
48 24
12 20
35 93
96 53
95 98
63 60
85 75
2 79
23 97
20 83
51 76
33 53
74 5
64 38
64 83
90 37
85 98
9 83
16 38
62 83
85 59
2 91
93 38
60 53
68 50
71 55
7 27
50 8
91 51
35 47
85 84
23 27
0 95
65 27
58 84
71 58
71 84
71 91
92 67
15 75
96 26
71 4
60 6
48 82
35 77
38 99
31 70
88 75
90 99
69 47
76 57
97 8
19 75
30 6
24 82
97 75
6 75
83 99
48 85
8 99
92 63
12 95
0 11
20 79
74 56
24 21
78 76
60 9
40 79
71 59
90 21
50 22
24 2
92 16
90 45
56 9
13 85
93 59
92 94
15 9
69 86
60 11
12 63
17 14
