0
100
39 42
36 38
12 15
17 18
42 44
43 44
12 14
33 35
34 35
9 12
4 6
40 42
0 2
0 3
13 16
30 31
33 31
1 2
1 3
4 2
30 33
22 23
22 25
34 36
37 38
37 40
14 16
21 24
20 23
15 18
7 10
8 11
7 9
22 24
22 21
47 50
46 49
48 50
51 52
10 11
8 9
31 34
23 26
25 27
49 52
14 17
18 21
16 19
25 26
24 26
27 30
50 53
28 29
38 41
32 33
32 34
38 39
36 39
38 40
39 41
44 47
46 47
44 45
41 42
10 13
12 13
11 14
4 3
12 11
45 47
28 30
24 27
31 32
31 29
26 29
7 6
20 21
17 19
18 19
20 22
29 32
28 27
49 50
23 25
43 46
44 46
45 48
15 17
16 17
48 51
5 6
5 3
8 6
7 8
8 10
48 49
35 37
36 37
43 45
13 15
