0
100
22 44
44 99
20 16
94 69
69 99
86 99
16 72
9 39
20 15
9 12
16 50
96 56
23 59
0 49
69 59
67 51
9 85
37 51
59 99
64 31
20 49
51 5
58 50
80 43
39 99
98 87
33 85
0 96
66 25
89 30
54 31
89 25
61 5
20 70
80 48
98 52
94 82
23 62
72 99
65 10
79 46
23 38
74 24
33 62
86 32
29 12
85 5
33 35
80 2
16 79
16 15
16 13
0 20
10 99
30 99
50 99
74 95
1 87
0 99
40 52
74 2
56 52
89 69
86 44
0 98
86 75
54 48
5 99
45 88
0 23
89 81
57 81
86 13
6 8
56 83
57 47
0 16
86 22
27 19
80 27
57 35
68 36
89 68
57 83
8 99
81 99
54 47
45 66
33 90
22 14
94 75
7 83
69 47
28 41
25 48
11 38
47 48
11 9
54 67
4 7
