5
41
73
20
19
36
100
80 91
0 4
0 35
0 92
0 59
0 37
0 23
0 13
0 6
0 62
0 68
0 22
0 84
0 67
0 75
71 92
0 5
0 42
0 72
0 71
0 8
0 82
0 64
0 7
0 69
40 80
0 28
0 51
0 80
0 65
86 77
0 33
0 24
0 29
0 3
79 77
0 9
11 70
0 48
0 58
0 1
0 79
0 43
47 42
0 11
0 2
0 77
30 91
0 81
0 32
0 45
0 40
0 17
0 60
0 78
0 44
0 87
0 56
0 86
0 27
0 76
0 63
0 30
0 52
0 31
0 61
0 46
0 90
0 15
0 34
0 88
0 49
0 53
0 38
0 91
0 16
0 85
0 50
0 57
0 14
0 74
0 12
0 21
0 89
83 92
0 10
0 26
0 66
0 47
0 18
0 83
0 55
0 70
0 54
0 25
39 45
39 68
39 1
39 16
39 13
