5
90
1
76
38
82
100
0 14
0 17
0 60
0 41
0 33
0 94
0 66
0 10
0 11
0 45
0 6
0 89
62 95
0 64
0 36
0 34
0 53
0 78
0 51
19 95
0 24
0 37
0 74
0 88
0 19
0 95
0 58
0 7
0 49
0 18
0 21
0 92
0 75
0 46
68 95
0 71
0 27
0 4
0 59
89 95
0 81
0 16
35 66
0 20
0 87
0 91
0 29
0 73
0 35
0 22
66 95
0 68
0 47
0 50
30 7
0 69
0 30
0 48
0 72
0 86
0 85
0 5
0 43
0 42
0 13
0 28
0 77
37 95
0 15
0 54
0 67
0 56
0 79
0 8
0 40
7 95
0 39
0 62
0 3
0 93
0 25
0 55
73 43
0 23
0 32
0 2
0 80
0 44
0 52
0 26
0 31
0 57
0 65
0 9
0 61
0 70
0 83
0 63
0 12
84 50
