5
21
59
97
94
3
100
14 35
73 66
66 41
39 9
24 38
34 9
0 24
78 41
52 56
0 54
39 95
46 74
6 52
46 2
32 41
0 8
66 36
6 81
27 34
0 14
0 27
7 4
58 70
6 91
41 99
2 99
31 37
95 56
6 34
34 99
91 81
46 14
46 7
34 4
0 99
1 39
78 4
81 56
42 81
30 33
95 60
4 99
19 33
57 81
68 37
82 1
91 48
82 47
6 32
31 79
39 74
84 5
2 85
0 46
42 88
82 51
23 35
10 37
52 49
13 68
34 66
34 64
56 99
73 9
65 22
89 37
91 9
71 81
69 90
70 99
42 82
15 86
2 74
52 99
2 22
76 81
43 30
89 24
31 92
88 8
39 48
42 22
15 82
62 92
45 28
41 9
0 31
51 92
44 63
49 99
98 8
98 5
13 89
69 43
58 92
2 62
52 33
2 30
15 30
39 68
