5
72
73
60
4
56
100
0 12
0 11
17 99
0 61
0 86
0 13
34 99
0 71
0 94
97 79
97 51
97 12
97 87
97 80
97 60
90 25
90 30
90 24
90 7
90 65
90 13
34 17
34 61
34 75
34 92
34 43
34 68
60 85
34 88
66 4
16 60
66 9
66 87
74 56
66 36
66 67
66 80
66 52
66 47
66 74
66 13
6 8
6 89
6 19
3 18
3 65
27 1
27 62
27 12
28 45
28 38
28 68
96 63
96 5
96 73
96 52
81 99
96 57
96 32
87 70
62 17
62 10
62 58
62 4
62 26
2 12
2 36
25 82
25 67
25 5
56 99
25 74
93 22
31 99
98 52
98 72
98 18
98 49
22 58
19 22
19 91
19 65
19 86
76 99
64 29
64 71
64 14
74 36
74 24
78 99
74 54
38 99
13 72
13 75
13 24
13 80
13 46
9 86
9 82
9 91
