5
18
51
77
82
32
100
0 73
0 29
0 84
0 43
0 16
0 46
0 38
0 15
19 80
0 71
0 1
13 62
0 86
79 73
61 49
0 39
0 28
0 23
0 19
73 94
0 9
0 25
0 80
0 58
0 53
0 17
0 91
0 87
89 80
89 78
89 70
89 60
89 44
89 12
89 27
89 71
89 40
89 64
89 52
89 34
89 88
89 87
89 86
89 36
89 38
93 94
49 94
89 11
89 41
89 26
89 43
89 90
93 62
93 78
93 92
93 9
93 70
69 62
93 10
59 94
93 68
93 8
93 1
93 88
93 2
93 45
93 15
93 36
93 7
30 52
30 91
30 31
30 75
30 71
30 61
30 8
30 29
30 44
30 15
37 7
30 76
58 4
58 23
58 9
58 40
58 59
58 72
58 80
58 70
58 60
58 54
58 39
58 7
68 4
58 61
58 78
58 27
58 74
57 90
22 6
