5
7
77
34
35
46
100
0 33
0 53
0 97
0 82
12 42
12 68
66 59
14 61
14 55
71 59
14 29
53 59
72 13
72 69
50 15
72 88
81 87
81 51
81 90
65 22
65 1
93 91
93 66
93 49
24 83
58 69
24 17
89 33
64 99
67 99
57 33
58 2
58 38
89 36
68 85
89 9
38 79
38 17
19 39
19 64
19 2
94 31
16 94
16 15
16 73
28 70
28 25
28 8
74 6
74 21
8 63
74 97
88 84
88 80
4 47
4 42
52 49
27 52
27 13
27 97
98 6
98 3
41 94
41 52
95 56
95 11
95 49
2 75
83 8
83 97
48 55
48 51
48 62
40 43
40 87
40 60
96 54
96 10
96 91
80 86
80 69
13 57
3 90
5 36
5 37
87 54
21 36
21 20
30 82
10 78
85 82
76 36
32 90
32 76
39 45
32 29
39 47
22 62
22 68
67 9
