5
12
67
42
21
33
92
41 99
0 18
64 99
3 18
7 70
52 78
98 3
0 98
39 74
38 58
0 84
25 4
87 69
79 92
14 41
78 99
40 25
36 99
44 68
5 91
40 80
76 85
15 43
47 11
4 77
46 44
8 83
68 58
2 62
39 94
44 51
1 35
59 29
46 85
97 19
63 71
97 8
27 18
74 55
75 18
70 28
73 56
24 96
3 26
71 49
95 41
38 73
19 1
97 92
63 50
34 13
38 84
93 70
59 60
60 92
49 54
78 53
82 83
44 8
19 91
37 31
39 84
17 1
31 70
1 98
68 77
43 45
70 83
91 8
53 14
16 62
95 55
32 64
11 48
86 64
32 74
32 10
29 9
23 78
74 45
31 30
37 56
10 20
56 45
32 3
15 11
16 96
71 90
90 65
61 51
17 34
2 15
