5
41
58
34
33
25
100
0 28
0 15
0 87
0 48
0 62
0 70
54 74
0 18
0 73
0 50
0 4
0 88
0 35
0 74
0 89
0 21
0 1
80 91
0 80
36 46
36 2
36 27
36 48
36 17
36 63
36 67
37 7
36 55
36 16
36 49
36 74
36 24
36 84
23 85
23 18
23 6
23 27
23 4
23 72
23 46
23 17
23 81
23 21
78 93
23 1
23 24
23 67
23 92
23 87
23 79
23 32
84 22
84 5
84 83
84 90
84 66
84 86
7 93
84 56
84 12
84 60
84 1
78 2
7 90
78 8
78 56
85 68
78 1
78 57
78 3
78 7
78 4
78 75
78 87
78 37
78 53
78 39
78 10
78 27
78 17
88 27
88 57
54 57
88 54
88 43
88 37
88 81
88 40
88 64
88 79
88 14
88 15
88 91
88 87
88 89
88 17
90 93
39 21
92 15
39 92
