5
1
2
3
4
6
100
10 11
13 14
68 69
71 72
74 75
77 78
80 81
83 84
86 87
89 90
92 93
95 96
98 99
16 18
33 34
67 68
70 71
73 74
76 77
79 80
82 83
85 86
88 89
19 21
22 24
25 27
66 67
69 70
72 73
75 76
78 79
81 82
84 85
87 88
90 91
93 94
28 30
71 74
79 82
87 90
31 35
31 33
36 40
65 68
66 68
73 76
81 84
41 45
70 73
78 81
86 89
46 50
51 55
64 67
65 67
72 75
80 83
88 91
96 99
96 97
56 60
36 41
37 41
42 46
47 51
52 56
57 61
42 47
43 47
48 52
53 57
58 62
0 7
8 10
9 10
12 19
12 13
12 15
14 15
17 19
20 22
23 25
26 28
17 23
20 23
21 23
26 29
27 29
32 36
32 37
33 37
38 42
43 48
44 48
49 53
49 54
50 54
55 59
60 68
43 49
