5
64
1
67
28
2
100
0 15
0 76
48 39
5 79
0 54
15 79
48 79
41 44
0 21
13 79
0 40
45 8
38 8
58 79
8 79
44 79
0 59
38 49
10 79
60 59
38 19
40 59
71 19
0 32
17 72
74 59
25 59
50 8
36 72
72 59
8 59
65 19
50 59
0 14
19 59
20 59
0 16
0 61
29 59
0 17
70 34
70 73
9 42
15 20
7 42
20 42
10 42
75 42
6 42
21 42
65 42
43 47
4 42
35 66
54 25
70 13
23 66
33 66
44 66
70 54
70 52
70 58
9 66
18 66
70 3
58 66
45 66
21 57
55 66
43 61
70 22
74 66
3 57
57 66
70 37
70 27
31 49
25 49
6 49
70 23
70 24
53 71
53 39
10 49
53 73
47 49
53 50
53 43
53 24
44 49
53 31
53 63
41 49
53 47
53 27
22 49
36 11
53 36
53 68
62 49
