5
58
48
64
1
85
100
0 26
0 89
0 67
0 14
0 61
0 81
0 50
0 88
12 99
0 68
0 90
0 16
0 93
0 65
0 25
0 36
0 51
0 34
0 24
0 20
0 76
63 99
0 92
0 19
0 78
0 94
0 82
0 40
0 29
68 99
71 99
0 54
0 18
82 99
0 3
0 12
0 91
0 44
57 99
0 84
0 10
0 28
0 73
0 35
0 60
0 71
0 79
27 61
0 27
0 95
0 41
0 66
0 38
51 99
0 39
0 99
0 2
5 57
0 74
0 5
40 14
0 30
0 42
0 59
0 8
81 23
0 46
0 55
0 53
0 32
0 98
8 99
0 87
23 99
0 52
0 17
0 70
0 22
0 97
0 23
0 56
0 11
0 86
0 75
0 9
0 37
0 47
73 90
0 21
0 33
0 63
0 62
0 57
0 15
0 69
0 7
0 31
0 83
0 4
0 6
