0
100
0 91
79 12
70 45
70 54
16 62
60 97
0 79
37 97
64 62
16 50
85 44
21 68
16 87
83 26
70 93
26 97
68 97
30 41
64 96
85 66
70 9
42 71
52 86
83 4
30 28
71 76
34 45
7 77
50 22
70 57
62 97
50 97
94 97
89 96
59 76
37 45
93 1
73 6
60 54
44 97
64 15
86 29
6 4
46 76
0 16
66 91
1 97
76 97
37 72
70 60
7 60
92 77
83 10
68 10
68 56
50 79
77 4
70 2
7 38
85 23
15 56
4 97
83 38
70 37
22 56
0 20
87 17
8 35
75 54
0 70
86 58
28 56
53 31
26 17
85 86
87 10
8 56
83 45
44 39
83 53
44 2
34 81
93 81
95 54
95 10
68 6
34 73
34 72
83 72
68 27
92 42
15 31
92 18
36 56
44 45
71 20
92 72
85 15
38 72
61 81
