5
98
49
87
77
83
100
36 96
0 51
0 99
81 14
58 99
40 48
88 9
80 90
33 99
33 18
35 99
54 99
18 99
75 9
21 93
3 99
52 79
15 99
4 79
20 7
79 99
40 60
48 12
20 90
93 99
52 99
8 31
95 31
80 47
33 72
8 34
21 90
57 30
34 82
33 57
23 90
33 36
50 47
29 31
65 25
80 72
75 40
58 92
52 56
20 68
46 80
90 31
0 88
12 99
18 31
3 14
46 50
30 31
42 68
39 27
56 31
52 62
31 99
51 82
42 60
75 34
62 60
18 59
75 42
81 9
18 38
40 8
9 8
14 60
22 32
18 41
8 82
40 53
74 72
52 43
9 50
52 58
4 1
62 34
95 60
62 41
82 99
18 91
74 34
9 43
33 21
54 1
75 20
75 3
89 60
58 17
69 41
59 16
18 62
28 16
67 64
0 33
54 3
19 41
18 39
