4
92
12
60
47
86
57 75
32 49
7 25
23 25
73 75
48 49
82 99
58 75
74 75
50 51
50 57
59 61
52 51
8 25
25 32
25 27
98 99
83 99
84 85
76 78
86 99
56 55
56 59
80 84
75 82
84 87
32 33
84 88
26 28
84 89
30 34
59 62
84 90
55 59
31 34
23 24
1 3
53 55
0 7
59 63
34 35
75 77
59 64
34 36
37 49
6 5
0 2
34 38
9 10
34 39
40 49
11 25
91 99
30 29
81 84
9 13
41 49
59 65
31 30
66 75
84 93
84 94
59 67
14 25
15 25
81 80
78 80
9 16
34 42
17 25
95 99
18 25
68 75
96 99
59 69
59 70
9 19
59 71
43 49
6 9
20 25
44 49
5 9
9 21
3 5
45 49
