4
42
9
39
24
100
0 25
0 44
0 9
0 33
11 67
0 52
57 69
0 64
0 15
0 42
0 12
2 56
2 1
2 7
2 28
2 5
2 15
2 35
2 47
24 69
46 69
10 67
2 39
2 36
62 16
62 34
62 58
6 38
6 57
45 17
6 18
6 7
6 56
6 12
6 54
6 29
9 4
68 5
68 3
9 48
68 51
68 7
43 31
43 49
46 3
46 13
4 67
3 67
20 23
7 64
7 25
11 28
7 11
7 42
1 22
59 21
59 49
8 42
3 52
3 38
3 39
3 5
27 10
44 49
65 17
64 4
64 66
64 52
58 14
58 51
1 4
58 39
37 49
58 47
1 14
58 1
37 13
20 19
37 5
29 53
61 15
61 52
66 1
34 33
25 4
33 4
34 14
34 11
34 56
34 1
52 1
26 56
41 33
41 50
45 30
45 16
45 9
16 15
19 15
16 30
