0
100
50 99
88 99
86 99
50 78
81 99
58 57
58 74
59 57
50 59
65 99
50 58
50 93
57 99
50 56
50 69
56 99
83 99
50 81
82 99
0 49
78 99
0 1
50 79
2 49
3 49
50 82
0 4
90 99
5 49
76 99
50 71
0 6
7 49
95 79
80 99
0 8
9 49
10 49
77 99
70 99
55 99
50 80
74 99
85 99
92 99
50 95
11 49
59 99
72 99
94 99
61 99
54 99
50 94
12 49
50 67
59 68
13 49
0 14
51 99
68 99
0 15
81 89
89 99
0 16
0 17
50 66
0 18
91 99
50 91
19 49
0 20
50 73
73 99
79 99
98 99
50 65
0 21
52 99
22 49
50 62
58 99
75 99
62 99
93 99
50 61
50 60
63 80
0 23
50 88
64 88
77 67
76 67
70 67
0 24
50 76
25 49
77 60
87 67
50 63
50 64
