0
92
3 99
3 8
0 7
0 1
0 2
0 54
0 98
0 48
32 22
46 36
44 93
44 34
42 40
42 32
21 17
32 89
34 32
34 36
34 83
31 21
31 41
31 88
6 7
31 1
30 28
30 29
30 33
30 80
22 11
22 26
22 76
22 27
71 11
9 8
22 39
2 9
2 50
2 4
6 10
3 55
6 5
6 52
3 51
6 1
11 8
6 3
6 53
11 58
21 16
16 9
21 25
21 29
21 69
67 29
41 40
38 28
38 36
38 43
38 90
40 49
23 14
23 73
19 12
17 11
19 17
19 66
19 27
37 17
25 18
25 64
28 77
25 28
25 70
25 45
7 8
15 61
9 15
18 29
35 7
5 12
5 59
5 13
7 9
9 18
18 12
15 24
15 74
29 24
11 10
16 10
11 16
11 63
