5
50
77
79
97
98
100
0 99
49 99
48 99
28 29
26 27
76 99
26 99
75 99
25 99
24 99
74 99
23 99
0 51
0 52
22 99
73 99
21 99
0 53
1 2
0 54
20 99
47 99
0 55
19 99
46 99
0 80
0 56
18 99
45 99
0 81
72 99
2 3
44 99
0 82
71 99
17 99
43 99
87 88
0 57
16 99
42 99
0 58
14 15
41 99
0 59
14 99
40 99
0 60
0 3
39 99
0 61
13 99
38 99
0 88
70 99
12 99
37 99
0 89
0 62
11 99
0 29
0 90
69 99
10 99
36 99
0 91
68 99
9 99
35 99
0 83
0 92
67 99
8 99
34 99
0 84
0 93
7 99
33 99
0 63
32 99
0 64
0 85
0 94
6 99
5 99
28 99
0 30
66 99
0 86
0 95
1 99
2 99
4 99
0 15
27 99
0 31
0 65
0 78
0 87
0 96
