5
32
94
5
7
68
100
0 83
6 24
0 6
0 37
0 26
0 52
0 53
0 91
0 25
0 76
0 58
75 36
75 21
88 92
88 68
88 73
88 60
88 30
88 1
72 86
6 66
72 68
72 23
72 65
72 35
72 81
1 94
1 12
1 86
1 66
1 45
42 4
42 80
42 47
42 78
42 37
42 11
42 55
13 44
13 25
15 99
13 30
13 46
5 29
13 23
13 5
13 96
13 11
8 73
8 83
8 18
8 49
8 98
8 6
28 33
92 30
28 62
28 73
28 36
28 64
28 92
28 54
12 34
12 63
12 46
12 31
12 92
12 85
12 6
3 99
12 24
12 26
36 27
36 49
36 31
36 18
36 40
36 83
36 46
36 14
64 29
36 64
70 48
96 99
96 64
96 43
96 16
56 59
29 99
56 7
56 2
56 66
56 20
56 54
10 15
10 44
9 4
9 59
9 79
9 44
