5
59
44
49
3
30
100
52 53
0 1
2 29
54 60
46 47
39 42
28 29
39 33
50 53
48 51
1 29
5 1
46 52
39 38
50 54
41 45
35 40
28 27
33 47
2 1
36 39
37 42
42 47
39 43
1 27
21 25
38 43
40 46
24 20
6 10
19 23
20 23
2 28
18 22
40 42
0 7
32 37
36 40
4 7
22 26
23 27
14 15
19 22
17 20
8 10
10 14
22 25
26 29
0 4
28 24
25 26
14 17
15 17
24 27
21 24
8 11
26 27
11 15
11 14
25 27
14 18
12 15
8 12
13 17
16 17
23 25
14 16
24 25
8 4
0 5
0 6
1 28
21 23
0 8
16 20
5 9
19 20
10 12
12 16
2 5
22 23
19 21
10 13
13 16
2 4
15 18
24 26
21 22
19 17
9 13
18 20
16 18
11 13
6 9
18 21
9 12
15 19
7 11
7 10
12 13
