5
51
11
27
23
75
100
81 99
0 32
17 85
61 99
95 17
95 26
0 95
88 99
33 12
83 99
47 99
0 49
53 25
16 83
36 78
69 99
10 99
0 84
20 79
7 76
66 93
70 19
58 86
70 73
20 10
43 86
0 16
72 26
7 31
0 7
82 99
62 99
0 76
17 42
55 8
12 99
25 99
55 86
17 99
70 60
0 70
2 19
55 16
0 67
74 45
0 77
50 35
55 68
0 55
87 18
0 29
0 21
31 78
0 87
0 19
61 43
0 52
46 16
74 86
4 53
31 4
60 99
31 62
18 91
32 61
86 99
58 21
0 31
48 99
78 76
22 41
29 99
65 45
45 99
16 99
13 99
0 58
1 74
24 99
1 78
22 69
69 42
0 22
97 99
77 99
49 67
49 73
0 74
57 44
46 99
30 10
21 44
57 99
46 42
15 99
0 46
44 99
95 18
2 41
21 99
