5
6
75
68
47
96
100
97 58
57 99
42 99
34 99
0 20
84 99
58 99
45 98
0 16
14 28
92 60
33 28
23 99
0 3
44 28
0 14
21 99
0 44
71 67
11 99
92 99
92 45
31 99
92 21
28 99
0 99
18 99
67 99
59 99
61 99
62 99
38 99
80 99
0 66
25 99
92 57
79 99
0 22
66 99
92 84
72 99
46 99
0 2
54 99
45 99
93 99
63 99
0 92
53 99
37 99
70 99
0 39
13 35
94 99
0 43
71 99
35 99
85 99
5 99
69 82
82 99
49 69
0 18
36 99
69 95
97 99
0 88
0 9
0 10
17 99
64 99
21 95
15 5
83 99
22 99
93 95
39 95
0 57
42 97
97 31
31 95
33 95
43 95
28 95
0 50
50 95
0 15
9 95
55 95
1 95
65 95
97 95
0 49
64 57
63 71
0 64
0 91
0 80
0 61
13 30
