0
100
84 14
0 37
65 99
1 62
55 96
94 41
78 28
62 96
60 5
51 91
16 87
25 14
23 80
89 52
60 71
87 99
13 60
75 14
79 99
94 16
14 99
48 80
97 20
96 99
13 94
57 99
12 20
41 2
89 81
3 68
16 64
9 99
51 77
0 13
56 48
26 2
80 70
3 53
48 81
2 70
20 89
0 84
51 97
78 22
6 24
31 22
65 58
33 50
46 24
62 89
0 51
68 69
63 73
22 81
40 66
16 36
0 77
61 56
0 63
32 54
12 56
39 56
31 35
39 59
52 66
31 61
1 93
25 43
34 66
31 1
92 83
23 36
55 97
54 62
92 76
59 66
70 99
92 93
89 69
78 76
4 21
72 73
31 10
87 12
23 60
55 94
67 58
60 58
66 69
87 44
53 58
55 25
50 64
72 86
47 73
19 73
55 62
67 93
56 62
92 39
