0
99
0 58
37 22
42 54
42 94
42 19
76 97
5 93
25 27
25 58
28 45
28 84
85 99
28 35
69 20
69 26
69 48
69 58
69 7
60 50
90 54
78 65
78 34
35 98
35 37
71 30
71 58
18 29
52 20
52 56
52 17
79 86
79 13
79 94
7 82
50 87
11 47
2 91
2 68
31 20
31 84
37 66
84 64
84 75
15 45
12 57
98 68
53 89
85 46
39 61
39 4
75 30
26 74
26 64
11 64
18 41
59 99
18 67
18 40
18 16
18 77
80 73
54 1
96 73
96 97
88 45
88 77
44 73
58 64
65 48
23 66
23 62
23 46
23 43
95 93
38 32
38 68
4 89
70 49
27 10
8 49
48 41
27 48
27 8
34 46
13 33
13 40
10 99
22 99
49 20
49 63
59 12
24 12
81 89
29 99
17 92
33 57
30 17
1 6
30 40
