5
3
6
13
27
11
99
42 30
22 29
31 59
30 47
45 23
29 59
32 12
47 59
12 59
40 5
0 32
10 52
34 48
20 50
10 14
48 25
34 20
49 50
45 8
20 35
0 45
34 43
40 44
44 12
34 36
32 51
52 25
26 4
17 19
34 10
57 14
4 24
24 12
55 25
18 16
32 57
34 32
10 46
32 36
8 2
42 14
18 48
50 25
19 37
14 36
44 36
16 35
22 38
26 40
49 36
36 35
19 22
19 58
37 44
41 21
26 19
17 20
57 43
58 44
31 28
56 21
28 43
2 50
55 12
9 21
46 56
28 37
20 43
9 56
15 31
52 12
37 49
46 9
49 24
12 8
29 21
21 43
15 38
56 17
14 45
53 32
7 41
15 12
30 32
29 31
30 21
52 55
32 17
22 52
1 53
58 56
56 52
41 52
58 40
32 40
53 49
12 31
53 36
53 56
