5
26
44
38
89
93
100
0 17
0 66
0 81
30 15
30 2
35 99
30 7
30 8
74 70
46 58
46 17
90 73
71 95
71 39
3 29
96 99
51 82
94 51
19 88
19 8
19 4
75 23
43 98
75 51
73 99
75 43
75 13
84 11
20 12
20 40
20 90
27 70
78 80
78 66
78 62
4 72
4 34
77 57
85 56
28 62
23 97
33 72
24 37
24 25
50 33
32 73
32 86
13 64
36 97
13 85
13 37
88 5
72 97
15 99
52 53
42 36
72 80
18 28
18 52
60 16
60 88
23 21
52 82
91 58
91 66
53 62
53 22
82 33
31 6
68 82
68 69
68 88
85 90
85 48
9 5
88 29
88 67
88 31
41 5
34 98
7 61
67 42
64 81
11 92
11 72
67 72
11 64
11 16
51 96
10 40
66 15
43 69
39 90
72 9
7 9
12 63
31 69
79 12
76 64
57 47
