5
83
74
63
22
43
100
0 39
0 11
0 62
0 31
0 24
11 95
61 95
91 31
0 26
0 13
0 58
0 53
0 90
0 37
61 31
0 50
53 31
69 24
0 89
70 95
0 3
81 52
0 52
0 69
0 14
0 76
0 78
0 9
0 48
0 5
0 85
0 73
0 68
0 8
0 12
0 57
0 45
0 49
0 15
0 38
0 92
0 40
0 19
0 59
91 52
3 95
0 91
0 94
28 62
0 88
0 95
40 31
0 70
0 71
0 41
0 54
0 72
0 23
0 28
0 84
0 87
0 44
0 21
31 95
57 95
0 56
0 35
62 95
0 86
41 75
0 4
0 32
0 18
0 17
52 95
0 7
0 75
0 47
0 34
0 36
0 67
0 66
0 55
0 82
16 95
0 46
0 77
0 60
0 16
0 25
0 81
0 27
0 6
64 95
0 79
0 20
0 2
0 80
0 29
0 33
