5
23
9
36
18
50
100
51 93
78 93
60 91
37 11
80 93
82 93
0 52
39 93
85 93
74 10
31 93
47 85
68 93
73 93
74 17
0 60
21 93
43 93
27 93
52 93
15 93
92 93
79 93
48 93
0 16
16 93
0 3
41 93
10 93
81 93
46 93
0 41
77 93
88 93
30 93
57 93
34 93
0 8
0 40
38 93
91 93
87 93
20 63
0 58
4 93
71 93
69 93
63 93
11 93
17 93
53 93
20 93
0 20
0 93
32 93
28 93
61 93
0 22
0 67
55 93
35 93
62 93
70 93
45 93
76 93
24 93
90 93
14 93
84 93
40 93
47 93
75 93
73 65
8 93
5 93
0 33
74 93
37 93
2 93
60 93
22 93
67 93
0 61
59 93
54 93
42 93
3 93
83 93
7 93
58 93
89 93
0 6
13 93
72 93
86 93
44 93
75 12
0 79
29 93
64 93
