0
100
0 19
0 18
21 86
86 96
87 39
47 17
34 39
27 81
37 17
8 57
1 66
0 87
40 62
68 43
8 92
21 46
3 60
23 84
68 77
17 61
26 41
23 72
61 96
31 8
40 55
13 56
45 80
15 56
15 43
91 76
32 19
55 60
32 60
0 96
0 31
39 60
57 60
27 91
93 8
45 19
34 19
84 33
39 35
13 16
52 19
84 85
78 85
7 59
89 85
60 96
3 28
59 19
22 43
90 47
3 4
52 64
68 23
75 80
36 16
44 67
1 42
55 66
43 19
0 68
77 52
27 90
94 18
78 37
81 52
47 96
95 88
64 71
67 71
45 10
75 48
0 13
3 75
28 75
45 76
28 30
74 26
27 40
44 17
93 55
47 19
77 29
0 32
91 96
9 88
94 71
64 56
35 62
7 65
24 20
3 1
86 74
3 78
75 71
77 28
60 62
