5
37
60
15
77
72
100
0 38
18 82
3 54
62 82
54 82
38 52
0 79
0 21
73 82
4 82
63 52
0 62
0 13
0 12
70 82
0 34
68 52
0 74
0 4
0 54
31 9
29 17
35 82
29 10
17 82
0 7
0 29
0 10
0 1
0 55
0 8
0 43
52 82
47 26
47 64
79 14
14 82
23 82
42 82
26 82
47 42
71 82
41 25
51 82
2 82
53 82
63 82
38 56
64 82
6 82
44 82
13 82
67 82
57 82
9 82
26 33
41 49
68 33
47 10
20 49
47 79
3 31
40 33
41 40
44 33
65 33
61 33
81 21
41 43
42 33
74 33
10 33
47 41
47 62
49 33
26 58
58 33
20 52
52 33
78 33
27 33
31 29
24 18
66 71
68 73
47 20
47 57
11 29
13 29
28 29
47 7
47 1
47 75
47 21
43 2
39 73
38 29
65 73
47 81
44 29
