5
75
25
65
15
37
100
0 99
95 99
24 32
16 32
39 47
22 61
47 51
61 63
0 16
0 24
38 53
49 63
0 13
53 60
64 60
8 16
16 48
48 56
44 50
46 50
22 54
19 13
48 52
0 20
12 24
40 48
21 42
48 54
18 24
0 4
1 24
9 13
12 1
0 6
8 1
1 13
16 24
14 24
22 24
14 28
13 24
28 24
20 24
46 53
17 34
0 18
34 30
0 22
0 19
0 14
30 24
0 23
20 26
10 20
11 22
42 48
2 1
53 48
22 44
3 1
1 19
9 18
0 17
40 32
12 18
18 36
5 1
20 40
91 19
32 38
6 34
23 46
19 38
1 22
23 19
22 28
26 32
33 41
31 35
21 17
30 36
26 28
17 13
18 22
12 16
1 16
30 32
10 16
28 34
0 7
9 1
32 34
32 36
10 1
0 11
1 20
0 21
42 44
32 39
42 38
