5
52
57
75
64
69
100
92 16
0 92
0 6
70 99
0 9
34 99
0 70
0 66
0 1
0 7
0 33
0 48
0 56
21 4
21 89
0 26
0 39
22 99
59 99
5 16
0 21
95 99
0 54
38 99
0 49
25 99
0 61
0 20
0 45
0 62
0 73
35 99
0 80
0 86
0 96
0 81
0 95
0 99
0 36
15 99
0 19
30 47
0 98
3 99
0 8
0 76
0 71
0 23
0 31
0 41
0 50
0 90
33 76
0 51
72 79
0 72
4 99
0 13
0 47
0 30
0 94
89 99
0 22
0 27
0 32
0 78
0 15
0 3
0 4
0 35
0 38
54 99
0 44
0 59
0 74
0 82
0 42
25 79
0 67
0 87
0 84
0 97
0 25
0 65
0 88
17 8
16 99
0 63
0 53
0 58
0 79
0 14
0 17
0 77
0 37
0 29
11 99
0 10
0 89
0 91
