5
88
69
65
37
1
100
0 72
0 63
0 32
0 41
0 30
0 54
0 38
0 22
0 84
0 56
0 23
0 33
0 6
0 7
0 80
0 40
0 26
0 16
0 25
36 48
0 29
0 5
0 36
0 27
0 9
0 60
0 90
0 87
0 3
0 77
0 57
0 70
0 47
0 74
0 94
63 4
0 98
81 98
0 62
0 92
0 19
0 35
0 89
0 50
0 58
0 82
0 78
89 86
0 10
0 59
0 86
0 48
86 98
0 67
0 28
0 81
0 79
73 60
0 43
0 85
0 20
0 64
0 73
0 53
0 68
0 13
0 2
0 91
0 18
0 83
0 45
0 96
0 17
0 21
0 55
0 93
0 52
0 4
0 8
0 34
0 51
0 42
0 12
0 97
56 98
0 49
0 31
0 76
0 44
0 11
0 39
0 71
0 14
27 98
0 66
0 95
0 24
0 46
0 15
0 61
