0
91
0 84
0 18
0 41
0 4
62 72
62 50
62 64
54 89
2 13
2 73
2 31
2 9
47 7
71 89
12 89
57 85
47 64
51 76
32 77
33 85
72 34
57 81
57 8
57 87
53 69
52 18
67 58
83 19
83 8
83 86
78 88
78 59
46 17
78 54
78 32
22 72
65 32
9 33
72 35
72 25
40 41
14 58
19 7
17 45
69 45
12 84
53 32
66 75
30 69
24 69
20 10
20 17
20 23
43 48
25 36
9 41
30 66
73 63
32 16
16 13
27 15
42 63
42 13
5 86
88 46
73 5
60 68
5 80
26 60
84 18
87 48
70 88
73 79
73 71
26 70
73 49
27 21
37 11
61 64
71 39
27 26
27 37
27 5
6 74
11 35
59 38
1 49
61 11
61 79
59 6
29 11
