0
100
58 59
83 86
39 40
86 88
49 50
93 96
52 53
59 61
11 12
16 21
15 13
72 75
92 90
42 41
45 46
26 28
23 29
8 11
8 9
5 8
74 79
62 63
62 64
60 59
84 85
41 44
74 77
74 75
75 77
74 73
0 1
47 48
87 92
18 19
43 45
28 30
32 30
25 26
27 29
28 32
22 23
27 28
20 25
19 20
17 19
62 65
11 14
13 18
10 11
44 45
46 47
67 66
12 13
51 50
7 8
2 1
12 14
2 3
4 6
38 40
36 37
72 73
67 68
16 19
4 5
71 74
66 68
63 66
69 70
26 31
5 6
7 9
10 9
23 24
78 80
85 86
81 85
80 84
56 61
60 61
60 58
72 74
29 30
29 31
24 26
23 25
81 84
87 90
91 90
89 90
92 93
94 95
93 95
92 94
3 5
4 1
7 6
24 28
30 35
90 96
