5
65
11
3
20
25
100
0 35
0 13
0 17
0 51
0 15
24 79
44 24
0 26
0 72
0 64
0 60
0 44
0 9
17 32
0 14
0 37
0 69
0 27
0 1
0 73
0 43
0 10
0 53
0 36
0 38
66 30
66 79
66 2
66 63
66 37
66 24
66 12
66 17
66 42
66 15
66 72
64 29
66 21
66 23
66 43
45 47
66 64
66 9
66 78
66 45
66 74
36 50
36 51
36 71
1 4
36 1
36 56
36 55
67 34
36 69
36 67
36 39
36 75
36 53
36 7
78 10
78 32
78 74
78 77
34 79
78 79
78 71
78 61
78 28
4 79
78 52
78 18
78 70
78 63
78 45
78 40
78 22
78 72
78 67
78 6
78 26
78 19
78 27
46 7
46 59
28 79
46 67
46 22
46 52
46 4
46 75
46 43
58 57
46 60
46 77
46 41
19 18
19 62
19 10
19 38
