2
45
89
100
0 99
0 62
76 99
0 48
0 25
0 35
0 72
0 27
0 61
0 21
0 55
0 65
0 14
0 41
0 67
0 73
0 94
0 54
0 91
0 70
0 92
0 98
0 15
0 16
0 97
0 10
57 99
0 2
0 23
0 80
0 90
0 3
0 47
0 79
0 81
0 77
0 71
0 12
67 80
0 49
0 57
0 37
0 38
0 88
0 13
0 59
0 84
0 30
0 63
0 50
0 60
0 83
0 56
0 36
0 66
0 53
0 43
0 26
0 76
0 46
0 28
0 17
0 52
0 68
0 69
0 1
0 86
0 4
0 40
0 87
0 78
0 24
0 74
0 5
80 99
0 82
0 18
0 93
87 99
44 99
0 7
33 25
33 23
33 61
33 83
33 73
33 87
33 70
33 91
33 8
33 80
33 39
33 30
33 34
33 69
33 94
33 41
59 99
33 65
33 12
