5
23
33
44
41
18
100
0 50
3 50
0 11
20 50
22 50
0 40
0 47
0 1
0 3
0 4
0 9
0 10
0 16
0 20
0 22
0 31
0 35
45 29
0 45
0 46
48 11
47 50
48 2
29 50
48 30
34 50
48 42
48 4
48 9
48 10
48 20
48 45
48 47
48 5
48 19
48 21
48 29
48 34
48 36
48 39
35 1
2 50
35 4
35 10
35 20
35 31
35 5
35 8
35 14
35 34
35 39
35 49
16 11
35 22
37 2
37 13
11 50
37 29
37 12
37 15
42 50
21 30
37 27
37 28
37 32
37 36
37 39
37 49
37 1
21 20
21 47
21 13
27 40
21 19
21 42
21 39
21 22
21 26
27 3
27 4
27 45
2 40
27 13
27 8
7 50
27 36
27 2
27 28
27 32
42 3
42 31
42 6
42 13
42 17
40 50
42 36
24 50
30 50
42 7
42 12
