0
89
22 27
52 53
0 10
26 30
79 78
11 22
79 98
0 11
60 71
72 73
22 23
35 36
30 31
59 71
40 45
77 78
90 91
97 98
73 77
96 98
85 78
70 76
77 85
69 68
76 83
81 86
96 97
93 94
68 67
66 80
2 30
30 33
47 58
41 46
80 82
46 58
66 75
32 42
90 89
58 65
42 47
80 81
68 76
43 48
2 9
88 89
83 82
47 69
2 7
51 61
36 37
45 54
33 34
64 67
34 31
50 51
3 6
35 31
40 39
44 49
35 48
37 39
52 51
67 76
61 70
52 40
87 86
36 40
33 42
36 24
28 24
28 23
92 85
71 70
11 23
16 17
15 17
45 61
55 54
56 54
12 14
24 29
13 14
92 93
17 25
15 16
63 54
55 56
74 73
