5
3
22
64
46
50
85
84 79
89 99
37 70
0 37
0 36
81 7
18 86
1 4
1 63
1 26
1 77
1 5
2 38
2 30
88 48
88 59
87 72
84 55
84 91
82 56
82 98
12 34
12 75
8 27
12 5
12 57
14 55
4 6
4 14
30 53
29 21
32 58
29 6
29 48
80 63
80 75
80 85
96 31
76 45
20 10
78 45
89 75
65 31
51 89
51 74
85 57
97 67
36 8
70 45
66 90
39 19
15 45
70 55
18 81
19 56
8 67
6 10
33 62
19 41
33 6
33 8
57 28
93 56
93 69
13 42
13 53
35 56
13 28
13 68
5 23
11 17
98 21
72 73
63 62
63 21
17 61
40 56
96 49
92 25
14 15
44 42
60 56
76 56
42 40
48 67
