5
61
29
37
4
1
100
53 82
23 44
80 82
38 82
13 82
47 44
56 82
53 44
0 53
0 74
0 82
24 82
79 23
0 71
74 82
10 66
41 44
72 82
23 82
44 82
32 14
0 47
78 48
0 78
50 82
76 21
16 82
41 82
81 82
21 82
0 36
54 82
0 31
75 82
0 76
64 82
78 82
0 23
0 21
51 7
0 13
0 33
0 69
20 7
0 57
68 67
24 7
80 7
68 53
12 7
21 7
36 63
68 55
53 7
62 38
68 21
68 62
68 65
50 7
68 27
68 30
8 7
68 73
42 50
68 52
68 69
68 43
68 48
6 7
68 8
68 42
68 28
47 7
68 77
38 7
68 50
69 7
54 75
70 7
12 2
2 7
10 7
9 7
76 7
22 7
28 7
30 7
34 7
67 7
57 7
51 44
65 44
12 44
80 44
75 44
10 9
43 44
26 10
9 44
10 44
