5
7
3
87
4
65
100
54 93
23 93
2 85
68 34
53 93
67 93
60 34
0 49
21 30
48 37
2 31
48 18
34 93
0 2
81 93
20 93
38 93
89 93
84 93
0 19
17 93
0 5
2 93
0 74
74 93
79 93
0 13
0 14
0 35
45 86
28 93
0 93
0 36
37 21
64 32
75 62
0 69
75 20
33 37
0 33
72 86
89 30
20 62
51 18
0 11
0 71
30 93
26 93
0 51
52 76
0 68
0 44
52 11
52 33
37 93
45 93
0 39
63 83
67 35
90 93
83 93
72 53
15 66
59 50
56 93
2 55
31 93
0 59
72 82
72 93
8 29
8 69
72 55
0 90
0 82
57 84
46 93
8 44
0 52
61 18
0 67
0 8
91 93
55 93
82 84
22 93
80 81
76 15
0 42
66 33
33 93
18 93
69 93
0 40
0 37
57 93
36 93
0 24
0 58
68 93
