5
26
46
13
78
27
100
0 57
36 95
0 29
81 45
23 95
49 95
86 95
28 95
0 81
17 95
53 44
44 95
66 95
84 95
0 91
45 95
9 95
0 33
5 95
0 21
0 95
80 95
59 95
22 95
62 95
0 40
19 95
10 95
0 15
0 67
0 53
0 49
68 95
64 95
89 95
76 57
60 95
0 76
6 95
79 95
77 95
18 95
4 95
0 5
63 95
34 95
67 95
0 45
57 95
0 47
47 95
31 18
0 87
75 95
38 95
65 95
15 95
38 72
42 95
0 31
0 69
93 95
76 95
69 95
43 95
87 95
0 8
92 95
51 95
0 68
24 95
0 24
0 41
3 95
2 95
0 73
16 95
21 95
25 95
14 95
0 56
0 22
11 95
0 39
48 95
82 95
35 95
0 59
0 42
0 19
33 95
89 37
37 95
0 25
61 95
0 16
94 95
1 95
85 95
73 95
