5
55
76
85
92
20
100
56 66
9 34
7 47
18 95
7 48
25 62
82 34
62 95
70 95
56 95
52 11
71 95
36 28
28 34
0 10
0 7
34 95
39 10
50 83
36 31
42 24
56 35
16 10
31 95
6 83
74 57
35 84
72 37
62 83
58 66
58 83
6 95
56 5
52 35
39 11
75 59
94 33
67 66
48 23
90 10
72 48
90 65
91 47
84 59
18 53
0 95
0 72
56 13
37 65
15 93
9 91
11 95
77 83
53 83
57 66
79 89
9 72
39 50
28 95
9 42
59 66
52 81
22 7
4 23
0 52
41 46
83 95
90 12
67 71
19 44
33 95
19 7
40 95
25 48
74 49
21 37
29 47
71 66
40 66
34 89
56 60
16 74
90 69
61 10
90 32
94 86
18 5
48 1
39 41
56 19
25 47
82 60
21 61
31 24
38 59
25 75
39 94
56 90
82 29
32 5
