5
72
11
57
56
86
100
0 60
74 99
0 69
96 99
0 95
59 99
64 99
0 75
52 99
20 23
54 63
0 73
7 99
0 37
58 99
0 82
0 3
48 99
21 99
92 3
92 84
80 37
92 33
92 79
92 36
92 7
92 13
9 37
28 60
92 96
92 88
83 27
6 60
27 60
92 95
83 29
92 53
92 67
17 14
50 60
92 24
38 81
81 60
92 17
66 60
97 60
92 5
95 16
14 16
80 60
74 60
79 19
1 95
16 60
40 60
46 60
25 60
33 60
55 91
32 91
28 79
89 91
55 17
28 91
1 97
1 78
1 8
71 39
1 71
1 13
77 91
1 77
1 42
1 30
6 13
6 26
50 17
6 28
67 17
40 91
6 78
50 96
17 91
6 44
6 98
50 10
6 50
45 39
26 91
51 91
69 39
39 91
61 91
6 73
6 81
97 91
67 44
6 24
65 91
6 45
