3
77
17
25
100
0 16
0 76
0 20
0 55
0 80
60 26
0 60
0 15
0 93
0 42
0 67
0 10
35 95
0 53
0 28
0 71
0 12
0 68
0 57
55 95
0 7
0 9
0 82
0 91
40 37
73 31
73 37
73 81
73 53
37 33
73 40
73 34
73 64
73 89
73 76
73 83
73 75
73 80
31 66
62 95
73 1
73 77
73 45
73 41
73 62
73 2
73 17
73 51
73 78
63 52
63 29
63 62
63 30
63 77
63 92
63 26
63 8
63 51
63 16
63 74
63 71
63 44
63 20
63 83
63 10
63 3
63 80
9 39
63 85
63 76
63 9
90 89
90 19
90 17
90 45
90 68
90 36
90 49
90 47
90 93
65 39
90 16
90 88
90 22
50 95
90 60
90 7
90 51
90 79
90 26
90 53
90 58
90 20
90 72
90 76
90 24
9 7
9 46
9 74
9 87
