0
100
0 22
0 10
15 9
61 50
83 21
83 52
25 69
25 88
41 70
91 95
84 95
0 72
9 95
0 27
52 67
8 58
0 61
44 95
12 95
58 80
83 68
83 50
67 95
70 95
53 80
58 27
42 80
7 10
2 25
53 95
0 83
21 18
5 74
58 13
46 68
84 48
58 77
2 52
80 95
46 84
47 62
37 74
11 72
25 72
2 48
47 75
10 95
53 88
69 91
72 95
27 95
21 68
91 88
2 5
21 71
67 87
2 87
11 35
25 95
57 56
61 35
8 87
23 65
85 13
47 26
21 23
22 62
77 69
77 84
53 45
33 15
62 88
0 95
47 52
86 26
86 71
31 56
94 5
88 95
57 13
41 69
68 84
2 79
18 56
21 17
57 82
86 7
55 5
32 66
55 22
0 46
86 43
67 16
58 86
15 74
94 82
52 81
64 13
32 74
69 5
