5
82
6
7
97
42
83
0 2
0 99
0 1
23 3
1 99
98 99
2 4
57 58
59 63
21 20
29 30
60 62
25 59
19 18
23 50
27 29
0 23
90 56
30 62
18 54
27 28
27 26
93 20
63 62
35 33
64 63
53 71
26 28
66 65
19 17
74 73
19 43
10 70
75 73
96 95
64 65
50 76
32 31
70 68
33 70
69 67
92 90
71 69
95 93
72 71
68 67
38 75
84 83
29 78
94 92
81 80
77 75
23 24
25 24
56 9
80 78
21 23
36 38
56 39
45 93
49 47
38 85
48 46
76 74
47 46
36 35
16 18
54 53
52 51
77 76
15 17
29 28
15 16
13 15
49 48
13 14
87 86
86 85
13 12
91 89
89 88
11 12
11 9
