1
87
100
0 99
52 99
18 95
92 99
45 99
0 53
0 76
0 90
0 80
34 6
72 98
44 99
6 99
36 99
78 99
64 99
95 99
34 99
24 99
23 99
90 99
67 99
58 99
37 99
82 99
69 99
96 99
14 41
41 99
26 99
72 68
16 99
98 99
28 99
66 99
80 99
68 99
0 30
85 99
21 99
88 31
59 99
33 99
4 99
84 99
79 99
15 99
10 99
62 99
18 11
18 99
0 79
75 99
3 99
93 99
0 12
0 72
1 99
53 99
40 99
17 99
11 99
49 99
60 99
31 99
86 99
43 99
2 99
32 99
73 99
77 99
74 99
12 99
61 99
71 99
20 99
5 99
46 99
81 99
55 99
27 99
0 24
56 99
94 99
0 82
50 99
89 99
57 99
70 99
0 20
63 99
0 10
0 8
0 70
65 99
91 99
14 99
19 99
54 99
88 99
