5
16
2
35
47
19
100
10 52
40 54
17 54
43 52
50 33
52 54
0 40
51 4
28 42
44 40
38 54
0 15
29 54
43 4
34 54
0 21
28 5
5 50
0 10
20 54
0 44
5 42
5 25
0 11
0 46
21 41
9 29
26 54
25 54
0 8
40 33
13 25
0 5
18 54
7 39
43 11
14 54
6 54
9 45
9 10
33 54
46 54
10 54
36 37
36 22
11 54
45 54
22 54
23 8
21 8
48 27
23 54
43 54
21 32
31 5
21 54
0 23
18 43
8 54
0 24
0 36
9 7
0 45
43 27
40 5
27 54
9 13
32 54
0 42
44 54
51 54
17 52
0 17
44 5
5 54
50 54
1 54
9 43
0 48
50 42
40 41
0 41
0 9
0 13
39 42
15 54
22 51
23 12
20 22
23 26
42 54
23 50
0 20
0 33
20 38
53 30
0 18
0 12
53 48
39 12
