5
82
54
27
14
62
100
0 36
0 49
81 95
81 42
24 95
0 1
78 42
1 89
81 49
83 95
0 56
47 95
42 95
0 11
0 60
39 95
0 15
0 81
18 64
32 95
55 38
23 95
45 95
57 64
76 64
6 95
69 90
68 21
78 43
18 90
63 22
77 90
0 57
0 68
87 30
3 95
89 30
63 95
93 21
64 95
68 78
90 95
40 95
4 76
4 38
63 38
0 63
0 45
19 20
47 89
68 39
38 95
61 38
0 4
16 95
8 20
0 47
41 95
56 34
0 91
33 95
0 75
74 20
0 6
93 38
0 48
73 9
38 20
58 78
55 78
55 7
0 80
58 36
55 19
16 78
69 20
0 58
0 93
89 20
40 6
23 20
40 75
24 20
85 20
84 20
52 92
31 20
43 53
92 20
0 40
30 13
15 20
43 37
56 20
65 23
31 41
31 36
5 7
88 7
31 94
