5
17
32
18
30
1
100
0 99
68 99
36 60
2 99
85 92
60 99
52 29
85 59
96 19
0 85
96 59
43 19
0 9
0 22
29 99
0 7
58 74
33 63
75 63
41 99
21 19
0 31
19 99
62 74
68 49
4 83
59 99
0 69
96 69
0 76
81 96
52 54
0 52
0 10
0 93
84 49
74 99
49 99
0 77
0 94
0 91
77 99
90 99
47 3
41 47
60 56
28 3
55 69
0 11
41 44
0 50
0 41
11 62
38 68
0 48
0 28
73 99
90 31
0 60
0 36
79 62
31 99
69 99
0 53
91 99
98 28
55 97
62 99
57 99
39 99
49 22
20 22
22 99
83 66
37 99
0 86
46 12
10 16
0 70
0 55
25 16
72 99
2 50
0 96
84 94
98 99
46 91
20 99
54 99
0 46
12 99
0 23
81 52
2 16
0 33
0 4
0 98
84 56
52 99
0 6
