5
60
24
64
38
42
100
72 53
35 14
57 53
0 99
14 99
33 99
59 37
0 70
0 21
22 48
23 99
0 98
0 5
37 99
95 98
16 8
70 53
48 53
16 72
53 99
0 79
61 21
63 99
21 99
98 99
0 16
0 66
12 28
83 13
0 74
13 99
59 99
61 79
0 48
94 43
61 66
88 99
82 70
34 87
0 69
95 33
0 95
61 29
33 70
70 93
6 28
0 61
7 15
65 99
0 17
68 87
66 87
78 29
9 99
4 54
0 12
87 99
28 99
0 4
0 33
56 29
0 58
0 78
0 23
35 79
52 1
0 68
96 29
81 31
62 73
81 72
67 51
0 92
81 35
93 99
0 62
0 96
80 99
0 81
29 99
96 41
58 99
1 99
54 41
36 41
80 88
63 97
34 96
43 99
48 99
41 99
39 89
0 80
65 79
22 74
4 99
37 97
96 97
51 99
0 89
