0
100
0 99
0 23
0 15
0 98
0 60
0 75
0 44
22 24
79 90
90 99
0 55
0 79
24 99
0 33
25 99
81 99
62 99
0 29
35 60
0 42
0 6
0 35
32 99
0 20
67 99
0 83
14 99
34 99
22 99
37 99
46 99
53 66
70 99
72 99
0 96
0 17
66 99
1 99
0 25
0 87
0 51
51 91
73 99
64 99
82 47
0 24
93 79
31 79
0 82
38 99
0 48
58 99
67 93
0 67
0 74
54 99
0 94
23 33
0 2
79 99
0 36
0 22
53 33
47 99
49 99
0 37
39 99
2 3
57 88
0 53
0 19
0 92
89 99
0 88
0 70
0 45
88 99
0 54
0 76
23 99
0 46
0 80
0 3
0 49
71 99
0 12
0 1
0 89
93 99
0 93
0 7
3 99
40 99
75 99
38 90
0 72
83 99
13 99
59 99
0 16
