5
49
95
81
58
72
100
0 24
0 26
52 97
0 21
0 16
0 28
0 1
0 7
0 10
0 14
0 5
0 19
0 3
0 20
0 42
0 22
0 31
0 44
0 17
0 12
41 75
0 43
0 27
0 2
0 47
0 46
0 13
36 61
0 34
0 39
0 35
0 41
0 11
0 4
85 41
40 94
0 30
0 15
0 40
0 29
0 25
0 37
0 33
0 18
0 8
0 48
0 6
0 38
0 23
0 36
0 9
0 45
32 57
32 77
32 68
50 97
32 87
32 50
32 74
61 97
32 56
76 97
32 84
32 75
32 78
32 96
32 62
91 97
32 61
32 88
32 66
32 79
32 93
32 89
32 51
32 59
32 55
32 86
32 65
32 91
28 69
32 67
32 64
32 63
32 90
32 83
32 76
32 71
32 60
32 54
32 69
22 77
32 92
32 53
32 82
32 70
32 94
32 85
32 80
32 73
