0
98
0 99
40 41
0 2
1 3
2 4
3 5
4 5
20 22
22 24
71 73
21 23
19 21
18 20
18 19
23 25
24 26
25 27
26 28
35 36
27 29
28 29
34 36
34 35
39 41
38 40
37 39
37 38
71 72
47 49
48 50
90 92
47 48
49 50
72 74
13 15
12 14
15 17
14 16
16 17
12 13
73 75
74 76
75 76
89 91
54 56
53 55
53 54
55 56
88 90
87 89
86 88
85 87
85 86
91 92
96 98
95 97
94 96
30 32
30 31
31 33
32 33
93 95
59 61
93 94
59 60
57 56
57 58
51 52
6 8
51 53
6 7
7 9
8 10
9 11
10 11
60 62
61 62
42 44
42 43
43 45
44 46
45 46
63 64
63 65
64 66
65 66
67 68
67 69
68 70
69 70
77 78
77 79
81 83
78 80
82 84
83 84
79 81
80 82
