5
42
40
80
97
64
100
0 6
0 4
0 24
46 98
48 98
44 98
0 7
26 43
30 43
0 29
16 10
18 14
0 49
5 14
43 98
20 47
0 5
47 98
26 45
0 3
34 45
2 18
39 10
10 14
0 19
38 45
30 45
2 37
28 45
0 2
9 10
0 89
0 9
59 10
25 14
25 4
0 69
26 8
18 45
25 6
84 45
0 39
4 8
30 14
22 45
79 20
30 36
25 32
24 78
79 30
15 14
0 59
44 48
88 45
16 78
14 45
24 5
0 74
36 8
27 8
1 8
36 48
58 45
11 48
23 46
8 45
33 68
10 33
48 45
26 68
10 34
3 78
10 1
22 38
38 68
14 68
68 45
8 78
60 16
12 28
24 28
10 31
16 37
81 28
85 16
10 19
26 37
16 28
6 28
23 90
24 31
44 30
75 28
46 90
51 14
12 2
44 25
21 56
12 1
28 37
