4
15
60
11
13
94
63 99
50 99
1 77
0 76
4 22
78 99
52 99
0 22
88 90
21 63
9 49
97 22
55 28
40 28
87 58
90 28
10 73
12 19
56 62
0 92
98 19
62 73
97 88
0 4
84 50
21 80
16 62
72 73
0 30
0 21
0 46
30 71
30 64
86 75
7 32
45 93
7 88
69 75
24 75
17 24
66 94
16 94
70 21
24 93
49 23
62 20
17 18
38 3
23 75
46 10
6 25
78 86
18 25
46 42
86 58
56 10
86 10
39 77
38 22
17 81
17 76
92 97
47 68
17 92
96 57
52 77
80 95
26 32
38 96
91 56
40 44
5 77
22 32
64 32
42 81
85 87
40 95
55 50
55 54
35 37
51 9
98 86
98 45
61 22
97 45
52 31
88 96
90 61
97 12
98 12
14 16
35 16
34 52
35 43
