5
16
25
88
85
74
100
0 99
86 99
87 99
89 99
0 90
81 99
0 82
0 83
84 99
71 99
0 72
73 99
0 75
72 99
76 75
75 99
0 86
82 99
0 87
0 89
0 81
0 84
1 83
83 99
90 99
50 99
71 46
46 99
37 99
0 71
42 99
73 55
67 99
58 99
66 99
43 99
0 73
71 55
55 99
0 76
0 77
0 78
79 71
0 79
80 71
39 99
0 80
35 99
0 11
20 99
10 99
0 34
8 99
0 32
0 47
0 38
22 99
56 99
0 65
6 99
1 99
14 99
19 99
31 99
26 99
0 69
0 17
0 45
0 15
7 99
0 18
30 99
0 41
0 36
0 70
0 29
0 2
57 99
0 60
49 99
0 12
59 99
0 51
0 53
0 9
62 99
0 33
0 48
4 99
54 99
15 99
27 99
0 24
68 99
63 99
0 1
44 99
35 11
64 99
40 99
