5
2
56
28
32
75
100
0 30
85 84
42 83
0 42
84 95
0 45
0 94
41 20
74 30
20 95
0 41
94 9
0 6
0 12
0 16
0 43
23 48
9 95
0 26
0 23
22 95
92 95
48 95
0 25
30 95
0 81
77 95
0 48
0 35
19 95
0 66
79 95
18 95
0 13
0 37
0 36
0 17
74 95
0 68
0 38
62 95
37 95
42 95
44 95
0 1
69 52
72 95
0 7
50 95
0 69
8 47
0 58
0 51
0 63
63 95
0 15
13 95
58 95
0 18
0 95
59 95
8 95
61 95
0 8
0 5
4 95
0 29
23 15
15 95
73 95
0 73
31 95
33 95
0 89
0 21
5 95
0 24
0 31
39 95
0 52
94 95
80 95
53 95
0 67
0 40
0 55
38 95
10 95
7 95
0 71
29 95
0 49
88 95
0 70
66 95
47 95
45 95
35 95
87 95
0 79
