5
56
44
58
3
13
100
0 33
0 21
0 49
36 4
8 59
0 26
0 2
40 59
34 33
0 40
49 59
5 59
0 50
0 34
0 32
33 59
0 16
0 28
0 6
0 59
0 47
24 4
9 59
41 59
0 37
52 59
16 59
26 59
37 59
0 29
0 22
0 14
0 4
0 36
0 54
4 59
0 27
0 45
28 59
0 5
0 38
0 15
57 59
0 31
0 48
48 59
55 59
6 59
45 59
7 59
30 59
2 59
42 59
10 59
34 59
0 51
0 46
39 59
0 12
11 59
23 59
0 30
36 59
15 59
0 17
43 59
0 18
29 59
17 59
0 43
0 7
9 25
0 9
0 8
0 39
0 23
31 59
35 59
0 41
38 59
0 35
53 59
19 6
0 24
0 55
51 59
32 59
19 59
0 19
0 20
0 52
27 59
47 59
22 59
54 59
25 59
18 59
14 59
12 59
31 41
