5
18
55
40
41
31
90
54 99
49 75
74 28
75 98
15 8
56 95
49 74
10 39
5 3
58 29
13 95
98 99
28 80
47 67
21 35
45 8
52 74
0 10
12 73
35 82
0 46
0 26
65 3
51 95
64 3
93 25
53 74
47 76
62 25
57 84
46 25
46 50
42 78
1 47
20 4
57 58
79 22
21 50
24 42
1 86
87 83
59 33
1 44
78 85
13 64
82 9
88 53
6 34
35 72
77 7
69 64
82 77
19 53
59 35
27 53
63 28
30 43
61 73
48 74
43 5
47 69
48 54
35 68
76 65
47 23
54 87
87 90
34 23
45 44
23 94
6 37
12 79
74 62
34 66
2 77
66 45
43 11
27 46
62 44
76 19
81 39
4 21
96 63
86 44
26 30
32 7
58 2
11 6
38 87
30 87
