5
89
2
27
66
56
100
47 17
48 94
90 17
47 94
0 59
0 62
0 48
9 29
0 88
94 17
0 46
41 32
0 74
0 91
64 16
51 16
42 18
42 26
17 95
71 67
52 67
0 60
0 41
71 95
65 50
32 67
0 71
0 87
0 65
93 50
0 33
16 95
0 42
53 43
84 47
54 95
87 83
26 95
0 9
79 33
7 85
57 95
93 81
31 13
85 33
6 5
81 95
0 7
0 92
70 95
0 23
31 79
53 94
63 95
43 83
0 78
68 33
79 87
0 31
84 74
8 43
33 95
0 84
83 95
0 52
25 95
85 23
79 95
36 10
47 51
0 8
18 95
7 95
0 85
40 95
79 35
85 5
79 90
14 23
52 3
21 95
0 30
29 95
12 25
36 87
0 21
10 95
22 43
79 6
51 7
0 86
0 79
35 95
80 68
23 95
62 20
43 95
47 87
0 67
20 95
