5
41
4
78
85
88
100
0 99
59 99
0 65
0 38
0 71
0 63
0 48
94 99
0 27
0 9
0 12
0 60
0 41
0 3
0 31
0 98
0 16
0 67
23 99
91 99
19 99
0 15
0 80
0 73
0 14
0 86
0 18
0 33
44 99
0 82
0 85
0 40
0 45
0 39
32 99
0 64
0 21
0 90
0 68
0 6
0 20
0 66
0 8
0 34
0 49
0 96
0 1
46 99
0 51
0 61
0 89
0 77
0 54
0 94
0 59
0 22
0 36
0 2
0 55
0 72
0 50
0 19
0 57
0 47
0 44
0 91
0 43
0 30
0 35
0 26
81 15
0 23
0 81
0 32
0 69
0 62
0 70
0 5
0 76
46 3
46 28
46 73
46 37
46 6
46 87
46 96
46 45
46 1
46 38
84 99
46 7
46 31
46 49
46 61
56 99
46 16
46 63
46 60
46 10
46 79
