5
51
27
43
8
62
86
0 63
0 61
61 65
2 1
63 65
3 61
3 2
0 3
4 61
0 4
0 1
2 61
2 63
61 59
6 61
54 58
6 63
61 58
6 5
60 65
61 55
10 9
63 55
59 65
57 58
6 10
58 65
7 63
61 57
63 57
61 53
61 54
7 61
3 63
4 63
11 63
11 61
10 63
61 64
13 9
11 10
61 1
63 53
14 10
54 53
61 49
15 16
25 29
12 63
15 14
56 63
63 49
50 46
46 45
45 49
61 50
12 61
63 50
15 19
20 24
33 35
63 54
59 55
35 63
40 44
26 30
33 37
18 22
28 32
19 23
31 35
34 38
52 56
18 17
39 41
34 35
38 42
61 56
21 22
40 39
52 61
29 30
63 60
63 5
61 60
63 59
