5
13
41
11
52
8
100
0 99
26 64
0 69
0 26
0 55
0 76
0 18
0 83
0 78
0 38
63 76
0 63
0 60
0 62
0 17
0 87
0 49
0 25
0 92
0 47
0 68
0 9
0 29
0 77
0 33
0 6
0 46
0 84
0 12
0 3
0 23
0 80
0 45
0 65
0 15
0 86
0 50
0 34
0 94
0 19
0 44
0 90
0 70
0 4
0 24
0 40
0 32
0 67
69 99
0 73
0 5
0 39
0 98
0 48
0 22
20 99
0 95
0 51
0 7
54 99
0 21
0 96
0 54
0 66
0 88
0 81
0 2
0 36
0 16
0 53
0 75
0 89
0 27
0 58
0 31
0 14
0 74
0 91
0 71
0 57
0 43
0 72
0 64
0 61
0 1
0 59
0 35
0 93
0 82
0 20
0 42
0 30
0 79
0 28
0 56
0 85
0 97
36 80
0 37
10 73
