5
93
71
80
47
81
100
0 16
0 18
0 70
0 98
0 41
0 43
0 61
0 95
0 53
0 40
0 5
83 99
0 39
0 83
0 9
24 99
0 97
0 46
0 26
0 60
0 88
0 7
0 31
0 29
0 56
0 59
0 65
0 64
0 96
0 90
0 34
0 94
0 12
0 72
0 8
0 27
0 73
0 44
0 74
0 24
0 33
0 67
0 68
59 99
0 91
0 1
10 99
0 2
0 13
0 32
0 19
37 2
37 36
51 5
12 63
37 27
37 61
37 94
37 4
37 28
37 83
5 99
37 89
15 99
37 46
37 63
37 74
37 58
37 95
37 1
78 18
37 92
37 16
37 68
37 96
37 15
37 35
37 13
82 91
37 24
37 45
37 78
37 65
37 49
37 60
37 87
37 90
37 17
37 77
37 91
37 54
37 22
37 32
37 66
37 41
37 25
37 38
37 82
37 88
37 56
