5
17
6
45
95
31
100
0 97
0 79
0 62
0 35
22 99
0 2
0 12
7 79
0 14
0 96
24 54
0 84
0 19
0 64
0 51
0 92
22 4
86 61
0 86
52 92
0 71
48 99
0 38
0 10
0 37
0 49
85 79
0 7
0 77
79 99
14 99
0 93
20 99
0 43
0 13
27 99
0 24
0 76
22 3
0 23
0 20
0 74
0 68
0 85
39 99
0 72
0 94
0 1
0 82
0 46
78 99
0 28
0 48
0 15
0 54
0 30
0 67
81 99
75 99
25 61
0 56
0 98
0 57
0 88
61 99
0 26
0 75
0 36
0 27
0 99
66 99
0 59
0 81
0 87
0 78
0 22
0 55
0 40
0 42
0 16
0 32
16 99
0 69
0 41
0 66
0 73
0 47
0 18
0 11
0 39
36 99
0 90
80 99
0 3
0 70
0 29
0 8
82 99
0 5
0 61
