5
4
2
43
40
49
100
0 95
0 32
0 85
0 14
0 48
3 47
72 78
72 6
72 17
72 67
13 58
13 93
13 44
13 71
13 11
13 64
30 10
30 20
30 11
62 73
73 35
62 51
22 92
87 35
16 35
62 53
62 22
62 89
9 91
7 38
57 95
57 45
54 93
57 96
79 81
24 53
79 10
79 12
79 66
85 81
85 83
85 54
37 21
37 44
24 59
44 96
44 6
20 98
20 74
41 53
23 38
41 86
69 94
78 76
78 31
94 5
78 42
94 76
94 17
94 32
23 83
23 88
81 83
23 86
23 95
89 10
89 14
59 74
59 95
59 8
34 5
34 61
34 68
56 26
34 56
38 80
38 90
38 16
27 80
61 21
61 66
12 81
12 88
12 42
33 5
12 16
84 36
14 53
84 8
14 90
14 70
14 19
14 98
64 90
64 75
64 65
64 15
92 36
88 53
31 93
