5
58
27
41
39
28
100
19 93
0 52
43 93
6 73
7 88
33 11
53 93
0 45
0 71
11 93
0 73
0 35
23 4
0 38
0 10
0 34
0 18
0 7
32 93
0 6
82 93
37 80
86 93
37 93
0 60
86 80
0 31
23 70
55 93
46 93
17 93
0 37
0 47
80 93
0 65
36 93
77 13
13 93
0 57
0 48
0 3
69 45
9 93
0 69
65 93
54 93
88 93
20 93
6 93
11 21
45 93
67 18
11 4
12 93
75 93
53 18
62 70
11 77
11 86
11 8
11 23
44 55
11 48
11 44
11 25
52 16
11 5
11 53
11 57
88 18
24 18
70 18
75 18
42 18
75 25
40 18
59 18
80 18
81 18
3 18
29 18
75 47
62 18
61 18
63 18
35 18
13 40
75 67
5 36
75 13
75 51
75 73
64 69
66 36
75 64
66 6
75 66
3 36
26 36
75 77
