0
100
0 57
0 6
0 39
0 33
0 48
16 10
60 62
56 99
16 63
16 82
27 36
60 36
10 99
52 13
52 62
70 75
98 85
16 22
16 86
60 6
60 54
61 93
69 7
69 38
95 6
95 93
60 67
69 17
42 99
0 16
0 60
0 61
0 95
5 14
5 82
56 36
70 26
98 35
75 99
13 99
62 99
22 85
89 85
38 85
5 6
52 34
43 99
5 50
56 24
98 17
0 27
29 14
29 36
52 63
56 84
70 63
70 82
69 73
11 63
22 26
43 26
78 63
89 84
92 35
92 82
92 14
5 10
5 83
5 97
23 2
23 48
52 31
52 38
52 51
52 65
56 10
56 58
70 19
98 9
85 99
0 29
69 29
0 22
0 28
23 7
98 22
5 24
5 67
70 17
98 67
92 50
63 99
14 99
8 26
8 82
18 36
42 35
42 36
42 82
86 36
