5
61
45
47
34
89
100
0 32
0 38
0 20
66 99
0 28
0 26
0 17
0 10
0 41
0 7
0 43
0 34
0 16
0 18
0 27
0 31
0 11
0 19
0 37
0 25
0 23
0 14
0 6
0 9
68 99
0 29
0 8
0 5
0 13
0 2
0 4
0 1
3 26
3 43
3 7
3 15
3 31
3 37
3 17
3 11
3 16
3 27
60 99
3 6
3 14
3 34
3 10
3 51
3 23
3 12
44 53
3 44
3 20
3 19
3 29
3 4
3 2
3 1
3 8
3 13
5 32
5 46
5 42
5 34
5 28
17 61
5 54
5 40
5 10
5 45
5 31
5 9
5 17
5 33
5 41
5 30
5 14
5 7
25 61
5 47
5 24
5 21
5 16
5 44
5 11
5 25
5 51
5 6
5 19
5 18
58 99
53 99
5 8
5 2
5 13
5 1
5 12
4 24
4 46
4 41
