5
29
62
26
30
1
100
0 79
0 2
52 50
77 79
78 79
1 79
7 50
0 64
0 26
0 66
3 72
0 15
34 1
0 31
0 73
0 24
0 37
1 72
0 78
0 34
0 3
60 72
0 70
0 58
0 25
0 30
0 19
0 74
0 69
0 60
58 71
0 44
0 32
0 46
0 77
0 33
70 72
0 21
0 16
0 18
0 49
0 20
0 42
0 29
0 48
0 14
0 17
0 5
0 35
0 28
0 53
21 45
0 71
78 72
64 72
8 3
8 2
8 1
8 21
35 40
56 23
71 62
71 76
71 65
14 2
37 32
26 32
14 25
36 3
14 1
10 6
10 33
10 1
9 2
9 1
9 60
52 3
52 31
52 59
52 55
5 3
5 2
11 1
42 1
5 42
20 3
2 33
20 24
20 2
76 69
76 74
76 77
76 47
45 2
65 3
45 62
44 3
61 65
61 2
61 1
