5
18
5
26
15
12
100
30 10
13 33
0 10
20 44
0 30
33 44
22 38
37 7
29 48
44 51
38 51
10 51
0 29
7 51
0 45
42 20
11 31
0 42
35 51
33 51
8 20
28 17
20 51
11 39
50 23
6 16
33 34
0 22
40 25
0 33
16 51
6 10
49 51
7 10
13 49
0 37
0 13
50 38
39 51
25 51
32 51
0 50
21 51
29 51
1 51
11 40
0 7
40 51
31 51
0 6
23 9
22 28
7 1
50 51
43 28
21 4
0 20
35 31
4 28
0 23
28 51
38 3
33 29
0 35
10 36
43 9
7 9
40 29
22 51
40 21
3 51
20 45
13 51
38 10
40 20
0 38
0 40
21 19
16 42
9 51
46 42
24 42
29 34
46 2
24 34
0 24
2 42
28 42
44 42
43 42
23 34
29 22
3 30
32 42
0 16
34 42
0 31
9 19
0 46
3 9
