0
100
96 36
0 16
85 99
76 11
43 36
71 19
71 84
0 71
73 1
23 30
89 20
39 36
63 13
36 99
89 38
21 89
57 11
26 76
17 25
28 1
17 64
76 33
45 29
21 63
10 29
83 38
10 62
52 45
11 99
94 25
27 50
0 21
8 50
65 48
62 50
33 50
65 30
27 76
30 70
9 45
6 13
57 25
13 30
94 89
35 15
8 22
17 52
47 45
9 93
13 41
1 99
49 73
66 28
67 26
17 75
67 3
2 93
53 76
20 25
85 50
76 50
32 93
65 58
65 74
8 93
39 30
82 6
68 50
15 54
8 81
48 45
53 89
10 64
8 33
39 64
47 56
12 56
17 83
10 88
65 41
0 23
91 93
65 60
25 99
92 3
8 18
7 93
92 90
14 9
33 56
96 75
93 99
3 75
57 80
56 75
81 54
80 74
44 2
68 74
56 86
