5
40
7
8
30
2
100
0 23
0 66
0 77
0 48
0 79
0 74
0 86
0 95
0 78
0 19
0 46
0 33
0 68
0 41
0 51
0 73
0 12
0 62
0 3
0 49
0 59
0 67
0 54
0 37
0 87
0 81
0 13
0 76
0 29
0 44
56 22
0 56
0 18
0 71
0 28
0 94
0 32
0 75
0 88
80 97
0 53
0 17
0 50
0 22
0 60
46 97
0 27
14 89
0 9
0 6
0 83
0 24
53 97
0 70
0 26
0 10
0 34
0 97
0 35
11 97
0 5
0 93
0 57
0 45
0 90
0 55
0 20
0 15
0 92
0 4
0 61
0 31
0 69
0 65
0 47
0 11
0 96
0 16
0 84
0 72
0 39
0 14
0 25
0 89
0 1
24 97
0 52
36 97
0 36
68 97
0 63
0 21
0 85
82 59
0 43
0 82
64 57
0 38
0 42
0 58
