5
66
31
55
86
95
100
0 52
0 73
0 74
0 54
0 22
61 71
22 99
77 99
0 50
0 96
0 9
93 55
0 53
0 81
0 68
0 41
0 76
0 93
0 27
0 59
0 49
0 87
0 85
0 39
0 89
71 99
17 99
0 98
0 99
0 6
0 23
0 79
0 3
0 37
0 2
0 83
0 61
0 24
0 95
0 82
0 11
0 20
0 35
0 84
0 88
0 16
0 69
0 91
0 45
0 57
0 1
0 47
0 10
0 60
71 7
71 73
71 62
71 31
71 77
71 94
71 95
71 11
71 92
71 70
71 90
71 19
71 17
71 2
71 60
71 16
71 10
71 12
71 41
71 20
71 59
71 24
71 42
71 36
71 80
21 99
34 99
71 8
71 34
71 57
71 38
71 33
71 13
71 72
71 29
91 99
71 14
71 67
71 30
71 96
71 82
71 68
71 48
71 49
15 81
15 48
