5
61
6
46
38
71
100
0 70
69 90
0 69
0 79
87 90
55 28
0 11
16 90
59 70
0 63
83 28
70 90
16 32
0 83
0 29
86 28
33 54
0 44
85 28
28 90
76 47
72 54
64 76
85 50
33 24
0 64
0 39
0 75
34 90
54 90
0 30
0 55
62 19
81 90
0 56
0 62
0 5
0 59
60 65
0 76
80 65
0 87
0 65
0 49
0 90
30 90
3 45
0 3
76 58
65 90
0 43
35 90
58 90
74 90
0 35
12 90
85 49
72 90
74 78
8 90
36 21
21 90
80 90
0 19
4 90
0 73
67 90
0 4
33 22
13 49
13 41
89 90
0 78
1 22
23 89
33 48
49 90
10 88
0 74
0 23
22 90
76 90
12 48
0 21
12 62
0 28
7 90
2 19
45 86
33 86
0 2
60 17
0 12
0 42
0 45
57 19
41 9
17 8
57 32
54 77
