5
93
6
16
66
83
100
0 73
0 21
0 43
0 3
0 90
0 35
0 28
0 61
0 40
0 17
41 73
0 10
0 62
0 47
0 11
0 9
0 86
0 44
0 69
92 98
0 57
0 45
0 78
0 74
0 49
0 64
0 79
0 13
0 29
0 92
0 41
0 52
0 71
0 58
0 82
49 32
0 77
0 81
0 25
0 60
0 91
0 37
0 24
0 53
0 98
0 27
0 96
0 54
0 85
0 94
0 39
0 55
0 88
0 34
0 18
0 68
0 2
0 75
35 98
0 30
0 22
0 4
3 5
5 98
0 76
0 97
0 14
0 46
0 5
0 1
0 72
0 95
64 98
0 20
0 65
0 63
0 80
0 59
0 26
0 38
0 33
0 7
0 15
0 19
0 31
0 51
69 98
0 50
0 87
0 23
31 18
0 89
0 84
0 67
18 98
0 70
0 42
0 48
0 8
0 32
