0
100
0 51
9 96
11 96
0 22
11 62
51 95
25 59
51 60
11 31
42 46
57 40
39 62
75 5
61 55
13 50
9 41
42 25
51 61
75 72
12 60
62 96
92 22
45 5
70 89
79 21
87 67
86 82
46 48
36 15
32 21
67 50
42 11
54 95
82 1
13 10
79 85
41 4
0 42
34 55
28 96
95 96
57 22
46 77
40 96
12 19
74 19
14 78
69 5
22 96
92 76
90 47
73 70
92 23
13 65
10 96
41 15
71 64
12 24
40 4
64 15
89 96
70 56
57 74
82 20
16 65
85 15
28 4
87 51
12 80
32 78
92 9
41 1
30 4
0 57
13 20
92 65
82 65
75 2
13 69
81 76
95 60
1 60
19 56
58 31
3 93
39 33
15 96
56 96
16 94
0 13
71 65
41 93
87 37
62 4
7 80
87 91
75 63
78 4
87 64
70 30
