5
43
68
19
63
21
100
0 80
0 57
17 99
0 31
0 7
0 89
0 59
35 65
0 36
34 99
12 99
0 13
6 99
0 5
0 40
62 3
0 60
0 88
0 33
0 3
0 54
90 3
0 62
0 61
0 45
0 46
0 70
0 94
0 51
0 10
0 41
41 59
0 28
0 65
0 86
0 81
0 6
0 72
0 73
0 17
0 58
0 55
0 1
0 85
0 93
0 83
0 39
0 30
0 56
0 97
0 42
0 11
0 27
0 98
6 3
0 75
0 47
0 34
0 67
0 12
0 25
0 71
0 35
0 53
0 18
0 16
0 38
0 95
66 22
0 69
0 4
0 37
0 52
0 9
0 66
0 87
0 99
0 26
0 50
0 32
0 20
0 74
0 64
0 49
0 2
0 78
0 96
0 84
0 8
0 48
0 24
0 91
59 3
0 76
0 23
0 79
0 90
44 79
44 85
97 99
