5
42
76
68
98
52
100
0 18
0 43
2 49
0 23
0 33
0 13
0 8
49 99
0 28
0 54
77 99
0 46
0 10
0 25
0 50
0 39
0 95
0 64
0 2
0 21
0 6
0 47
7 79
0 86
3 79
0 69
0 97
0 73
0 67
58 29
0 5
0 58
0 80
0 56
0 89
0 7
0 65
0 17
0 38
0 85
0 99
0 66
16 99
0 71
0 36
0 78
0 83
0 90
0 4
0 60
0 94
0 81
0 82
55 92
0 24
0 37
0 16
0 45
0 74
0 59
0 35
0 29
92 99
0 20
0 15
0 62
0 31
0 49
0 92
81 5
0 3
0 77
0 40
0 22
0 55
0 26
0 72
0 87
0 51
0 61
0 70
0 44
0 9
0 48
0 27
0 30
0 32
79 99
0 93
66 99
0 91
0 19
0 53
0 11
0 41
14 99
0 1
0 84
0 79
57 78
