5
27
46
49
4
24
100
55 99
25 99
78 99
10 81
0 74
14 77
53 99
0 14
72 99
0 10
0 20
52 65
59 99
23 99
0 36
45 62
42 99
84 72
19 99
0 29
84 57
70 99
0 45
74 25
67 57
5 87
17 67
76 99
43 40
11 86
11 74
0 89
95 10
54 57
40 99
67 15
0 50
0 97
62 80
0 68
30 51
52 63
0 77
21 99
58 80
7 99
13 15
64 73
0 44
36 44
64 58
0 38
61 15
64 3
91 99
88 70
15 99
2 99
71 48
0 91
0 71
33 99
48 99
28 99
11 99
50 99
88 99
82 99
34 99
87 99
62 64
0 96
25 65
0 62
41 99
75 81
20 99
0 52
65 99
0 59
9 54
9 6
71 99
9 32
54 99
0 9
34 22
85 16
83 72
0 66
77 99
67 99
22 99
85 99
0 84
30 12
23 32
58 99
63 99
18 99
