0
93
94 99
76 50
15 37
86 99
0 3
96 52
50 99
53 25
6 46
87 9
59 58
0 91
65 37
0 98
56 37
15 8
29 97
30 84
48 82
97 94
29 20
28 27
69 98
77 3
15 55
70 56
26 4
90 53
0 15
88 82
39 58
66 83
29 69
5 3
7 1
38 99
95 74
79 99
65 74
30 97
11 68
27 62
22 59
92 49
30 14
81 10
87 72
7 4
1 72
73 95
63 42
19 98
93 88
91 10
24 84
87 75
44 84
78 68
8 16
89 10
26 66
75 84
64 84
47 49
94 96
8 35
45 86
37 82
36 23
28 40
2 34
12 60
49 1
14 40
48 54
43 6
62 23
33 7
63 37
93 83
13 18
71 96
71 31
42 17
58 80
73 20
58 46
83 21
3 37
9 38
67 19
81 62
17 21
