0
100
0 25
23 84
5 2
2 93
31 65
30 23
47 48
84 93
31 9
77 93
42 93
46 26
65 57
30 81
69 43
31 87
88 34
10 43
68 58
13 70
78 40
55 93
30 90
40 26
86 85
51 88
33 90
56 90
26 93
87 25
54 25
57 93
13 65
6 25
76 69
12 21
85 90
3 90
90 93
46 21
0 51
53 47
31 7
31 53
2 62
60 91
0 76
49 9
13 60
92 54
75 80
10 22
2 7
9 65
0 31
87 91
11 78
25 93
5 59
12 81
13 61
22 83
4 58
18 43
9 59
33 49
30 13
30 17
78 21
41 67
88 32
88 68
26 43
15 7
92 81
37 7
78 83
54 62
6 43
5 58
0 30
60 21
9 69
35 62
4 81
92 23
14 85
12 33
92 82
90 69
4 26
43 21
53 82
16 67
84 91
84 44
37 79
52 66
80 69
0 4
