5
76
31
83
26
68
100
0 14
63 21
0 58
0 17
0 68
0 5
0 42
0 59
32 88
0 11
0 45
0 89
0 25
66 52
66 93
66 99
66 61
66 13
66 19
66 29
85 98
85 33
85 4
85 68
85 48
85 1
85 83
85 31
85 56
32 47
32 42
32 96
32 62
32 45
32 87
32 1
32 52
88 99
19 44
19 87
19 38
19 37
19 93
19 5
19 98
19 12
19 63
19 21
19 45
19 59
81 95
86 26
81 40
11 95
81 44
81 84
81 45
81 88
81 69
81 14
81 23
98 59
98 67
98 79
98 39
98 25
98 51
70 95
98 10
40 89
40 60
40 77
40 80
71 95
40 52
40 71
40 57
40 78
36 99
40 12
6 63
40 6
23 29
23 36
29 82
23 6
23 31
23 11
23 71
5 65
1 62
1 37
1 24
1 84
1 47
1 92
1 4
30 99
1 22
1 70
