5
21
10
47
56
45
100
0 26
0 8
0 88
0 29
0 49
0 18
0 69
0 57
0 14
0 72
2 98
0 70
0 6
0 27
0 61
0 68
0 83
0 4
0 75
0 9
0 91
0 67
32 74
0 53
0 84
0 48
0 54
0 35
67 60
0 19
0 20
0 50
0 13
0 86
0 95
0 80
0 73
0 64
55 40
55 41
55 77
55 65
55 1
55 13
55 3
55 12
55 43
55 39
55 58
55 49
55 26
55 78
55 54
55 67
55 14
55 19
55 63
35 37
55 95
55 35
55 30
55 57
32 62
55 5
9 66
55 69
55 52
55 84
32 26
32 63
32 92
32 2
32 37
32 85
32 12
32 30
32 67
32 81
32 36
32 93
32 90
32 23
32 57
32 34
32 61
32 77
32 79
32 88
32 80
32 76
32 14
32 51
32 95
32 43
68 76
68 89
68 1
68 79
68 48
68 96
