5
10
2
30
92
83
100
81 96
61 96
62 96
51 39
0 94
0 25
45 96
59 96
77 96
40 96
72 96
76 96
69 96
53 96
66 67
31 96
0 55
89 96
49 61
54 96
67 96
0 73
43 96
78 96
3 96
50 96
71 96
47 96
0 96
0 59
21 96
87 96
0 43
34 96
17 96
86 96
64 96
32 96
18 96
51 96
25 96
75 96
95 96
0 89
80 96
8 96
39 21
60 96
0 49
33 96
5 96
38 96
55 96
53 70
84 96
13 96
23 96
70 96
35 96
82 96
42 96
19 96
79 96
36 26
26 96
52 96
16 96
74 96
22 96
46 96
14 96
63 96
88 20
20 96
28 96
0 36
39 96
24 96
7 96
37 96
1 96
85 96
91 96
68 96
48 96
90 96
88 96
15 96
73 96
58 96
27 96
82 49
41 96
29 96
56 96
4 96
49 96
9 96
36 96
57 96
