0
100
0 6
68 48
68 9
29 99
37 72
57 99
53 62
65 46
64 99
22 48
8 27
13 12
8 20
34 7
37 88
37 9
92 54
15 60
46 10
33 28
55 60
2 82
8 13
71 42
10 60
48 60
34 29
65 74
34 22
92 73
90 41
6 73
9 28
53 57
84 66
26 33
76 59
0 68
98 72
28 99
17 22
21 89
90 59
15 47
98 85
69 6
19 25
29 33
29 71
56 62
12 82
60 99
40 22
95 85
47 54
88 66
54 48
58 78
76 58
56 7
28 64
95 78
91 35
71 66
25 47
14 33
15 71
92 35
48 27
22 72
90 98
64 72
23 8
14 24
79 74
9 81
51 18
18 27
29 41
2 49
26 66
36 74
55 35
16 53
7 66
90 29
37 63
88 81
14 93
16 87
95 30
39 3
77 59
10 97
32 74
40 7
46 67
89 4
4 49
14 97
