0
100
0 89
80 4
4 89
42 89
66 89
28 37
69 21
69 24
65 89
25 43
0 80
2 56
78 56
35 56
67 56
0 28
0 25
0 66
4 38
57 38
0 73
87 38
31 38
82 19
0 86
0 85
0 40
35 44
0 27
0 35
0 82
78 58
78 20
48 38
78 57
23 37
75 38
77 38
6 53
78 40
78 31
15 20
53 38
78 1
20 38
78 83
47 76
47 62
55 60
78 55
47 63
83 27
15 23
9 46
83 60
31 85
83 6
10 85
83 11
69 85
83 28
12 71
1 85
83 32
35 68
83 35
12 6
36 85
33 85
34 31
71 85
11 85
77 85
62 3
23 10
71 55
23 87
20 33
4 55
23 69
62 84
2 55
64 66
16 55
58 23
62 70
42 51
58 72
1 51
62 26
62 10
62 20
60 51
19 51
62 42
62 34
58 50
58 20
26 51
58 84
