5
3
81
94
6
17
100
0 26
0 14
45 15
0 45
0 69
0 28
0 10
0 23
0 29
0 46
0 13
0 7
0 24
0 12
0 20
0 15
0 18
0 67
0 41
0 31
0 9
0 21
0 98
0 62
0 70
0 25
0 22
0 63
0 65
0 72
0 66
83 10
83 13
83 67
83 8
37 92
37 14
37 77
37 4
37 49
37 54
29 16
37 13
50 27
37 10
23 8
37 39
37 52
25 12
25 30
25 14
25 31
25 22
25 4
29 28
29 12
86 1
27 38
86 57
86 22
21 99
86 19
24 23
24 8
24 4
24 87
13 38
24 33
24 13
24 57
58 1
58 22
14 4
14 7
19 8
14 12
14 26
14 5
64 8
64 77
64 26
64 5
45 5
45 22
45 13
96 50
96 71
96 77
22 16
22 32
16 99
8 99
22 8
22 15
22 18
22 56
22 27
22 69
22 34
22 33
