0
100
0 99
0 1
41 97
41 91
41 42
40 25
38 37
33 13
38 42
33 75
33 32
34 26
35 16
25 45
35 58
35 31
37 96
64 91
64 65
62 49
61 91
61 48
97 98
60 59
4 98
57 56
57 73
2 10
48 47
86 85
91 90
90 46
56 45
4 43
57 86
57 58
3 2
75 76
26 76
72 78
3 4
91 58
91 51
91 24
93 31
93 94
48 14
51 52
48 49
67 68
67 23
67 86
66 65
95 29
96 97
96 71
17 18
17 52
17 16
51 84
51 75
1 2
1 53
75 52
59 80
75 20
74 4
73 53
72 24
71 69
70 69
71 70
71 30
14 13
15 54
69 80
31 53
31 32
29 52
29 97
27 26
18 59
20 89
21 9
21 23
22 12
23 87
53 52
55 80
84 82
84 83
54 55
13 12
88 5
88 89
82 81
11 81
5 80
11 10
6 7
