5
76
89
58
5
65
100
19 54
61 75
26 94
22 94
80 94
0 44
13 94
2 70
9 94
91 94
16 94
56 94
53 94
75 94
52 94
17 94
4 94
93 94
66 94
45 94
61 94
0 19
27 94
28 94
57 94
47 94
68 94
12 94
14 94
14 20
15 94
20 94
49 94
69 94
77 94
82 94
86 94
35 94
4 6
67 94
60 94
63 94
23 94
39 94
38 94
2 19
6 94
32 94
68 55
55 94
2 94
81 94
25 94
51 94
10 94
83 94
84 94
46 94
24 94
87 94
71 94
1 94
33 94
48 94
11 94
54 94
3 94
72 94
30 94
43 94
19 94
29 94
34 94
7 94
73 94
44 94
8 94
37 94
41 94
79 94
40 94
64 94
62 94
42 94
21 94
90 94
0 94
31 94
92 94
70 94
50 94
18 94
59 94
36 94
59 66
78 94
85 94
88 94
16 74
66 74
