5
12
78
38
34
87
100
0 67
0 77
0 1
0 98
4 99
0 60
0 57
56 44
56 12
20 65
56 30
65 99
56 8
56 77
56 20
56 42
56 54
13 8
13 16
13 10
18 99
13 97
13 21
13 96
13 50
13 98
13 59
43 99
70 97
70 64
70 92
23 46
70 23
70 73
70 45
70 59
29 77
29 97
29 82
71 34
41 4
29 71
29 88
79 41
79 10
44 83
79 45
79 1
79 44
79 50
82 60
82 9
82 52
21 81
82 21
82 45
82 64
82 78
61 72
83 99
25 11
61 85
59 96
61 15
61 4
61 59
61 23
61 76
80 77
80 66
80 95
80 98
80 91
80 36
80 90
12 99
80 4
71 39
71 67
71 32
71 76
71 48
71 24
71 43
40 81
14 11
1 32
1 98
1 54
1 93
10 87
8 99
10 94
66 91
10 50
10 22
66 63
66 16
6 99
67 99
