5
50
96
56
33
12
100
0 79
55 14
4 1
18 49
87 72
98 77
94 41
13 67
51 80
1 71
57 73
57 32
45 7
29 71
57 9
37 1
58 41
14 42
13 22
77 24
57 2
71 99
42 99
35 1
16 1
4 55
35 79
89 41
37 4
37 97
11 23
54 80
23 83
34 7
68 83
87 35
95 25
48 80
41 99
16 81
87 40
45 25
30 7
87 13
45 43
40 67
10 25
72 85
94 64
79 49
61 9
0 87
72 89
72 65
40 75
59 20
36 99
29 26
62 85
18 22
7 49
94 26
53 80
5 1
53 78
85 99
48 26
5 9
10 77
45 5
0 37
6 78
97 99
44 67
8 92
20 49
91 67
40 98
31 46
21 5
80 99
51 57
54 1
46 89
1 99
53 3
54 60
48 4
20 9
74 9
44 4
49 99
90 3
34 67
9 78
66 61
30 84
86 2
92 2
45 48
