5
68
46
11
63
62
100
16 99
1 15
52 12
52 55
51 99
41 96
7 12
75 99
67 80
32 99
97 36
7 83
10 91
10 16
57 21
1 27
79 12
21 84
57 24
52 86
80 4
44 12
93 31
16 12
15 99
85 94
83 61
61 4
22 21
57 89
4 99
98 37
71 84
98 2
55 73
12 99
92 37
48 67
93 65
36 99
89 84
2 84
3 65
85 97
57 67
92 13
73 97
83 13
52 58
69 45
25 37
24 43
32 97
55 7
47 77
13 9
57 64
56 90
1 91
84 99
17 8
9 37
40 7
57 66
48 1
48 10
52 3
48 73
96 5
52 22
24 7
83 72
52 17
29 98
57 28
96 75
24 76
93 24
19 7
61 66
33 23
47 76
57 23
61 5
52 85
60 78
47 6
55 40
89 30
66 75
75 37
28 5
93 41
98 8
33 88
69 74
33 38
93 60
5 99
55 16
