4
70
29
96
2
100
0 99
0 49
0 8
0 91
0 66
0 45
0 20
0 74
0 4
0 87
0 19
0 57
0 54
0 65
0 92
0 3
86 4
86 84
86 39
86 37
86 62
86 71
86 44
86 49
15 46
15 47
15 68
15 17
15 13
15 54
15 51
15 16
15 35
15 11
15 20
15 80
30 16
23 99
30 64
30 8
30 63
30 84
30 62
30 57
36 45
36 67
36 32
36 22
36 58
36 66
36 54
36 90
36 76
36 11
18 85
18 87
18 24
18 14
18 37
18 83
18 5
18 25
18 62
18 23
18 19
18 76
18 68
18 69
18 77
42 47
42 35
42 3
42 39
42 62
42 74
42 44
42 65
42 91
42 63
43 27
43 19
43 59
43 8
43 93
43 78
43 79
43 89
43 23
41 99
43 55
41 10
41 52
41 23
41 62
41 54
41 28
41 76
41 8
22 54
75 99
