5
93
64
48
50
2
100
79 13
36 51
0 31
0 5
87 72
44 74
0 44
86 72
13 8
17 40
70 42
55 41
13 41
69 32
41 4
40 72
13 97
0 26
0 37
4 99
95 51
7 58
66 26
62 84
29 16
21 40
57 3
98 78
3 73
33 79
87 65
87 70
0 69
90 80
73 8
96 26
86 33
45 97
14 16
84 26
0 86
29 79
66 59
13 29
66 15
7 45
21 59
62 90
77 72
13 17
67 35
41 84
0 13
71 67
0 7
62 88
96 28
18 78
96 98
16 26
47 97
40 20
58 83
22 84
12 73
75 10
32 82
66 44
19 72
70 68
19 97
36 44
54 75
70 52
53 39
0 34
67 68
83 51
0 62
55 84
67 26
96 18
88 17
36 3
89 20
55 59
55 17
47 17
35 68
22 46
54 34
54 88
63 72
78 51
73 72
39 44
8 99
22 53
45 20
54 38
