0
100
88 31
55 99
59 38
0 72
0 85
46 27
58 30
0 21
0 43
0 10
4 30
76 89
66 11
27 31
53 54
38 99
0 3
0 53
4 85
77 30
32 99
4 73
11 45
0 4
6 16
0 13
46 22
55 46
89 99
2 51
31 99
0 6
22 29
14 60
66 41
55 76
35 61
0 14
47 29
0 75
22 10
46 73
45 99
0 55
0 66
46 86
49 76
17 86
59 61
0 46
42 99
79 34
23 56
29 99
8 81
86 99
30 99
0 49
0 80
20 37
17 51
1 47
0 1
19 75
23 47
23 16
79 63
79 54
50 34
88 41
88 46
0 23
41 4
21 24
81 9
88 72
18 21
72 40
50 4
6 10
17 75
6 25
51 99
41 46
61 99
72 9
6 40
6 75
0 22
87 99
12 46
88 37
72 76
17 95
16 99
53 71
82 46
84 78
10 99
0 18
