5
85
30
82
35
37
100
76 69
41 43
14 21
4 21
57 64
43 44
61 64
28 33
96 99
54 55
81 83
16 17
2 3
12 13
7 21
83 84
89 98
46 47
31 34
40 43
48 49
73 78
34 39
36 38
95 99
66 78
26 32
29 36
38 43
84 87
31 36
62 63
84 86
42 43
81 84
68 75
27 32
90 97
89 97
68 70
33 34
97 99
28 29
78 84
88 93
29 34
23 26
21 24
68 69
68 66
33 36
68 73
21 23
90 98
32 36
91 98
68 67
96 93
71 84
34 40
88 92
94 98
88 89
86 93
89 87
88 90
34 41
95 93
88 94
25 28
21 25
87 93
68 76
22 28
24 28
27 23
91 87
91 97
79 72
22 27
96 92
91 95
92 98
91 96
83 80
26 31
94 97
67 84
29 27
25 27
26 24
83 72
86 92
69 80
86 90
79 67
79 80
86 94
96 94
79 83
