5
34
83
63
44
84
100
0 64
0 85
0 6
0 48
0 23
0 35
0 2
0 46
0 26
10 35
0 76
0 41
0 79
0 3
0 40
0 10
0 60
0 52
0 8
0 49
0 65
0 16
0 56
0 43
0 5
0 20
0 62
60 4
0 81
24 47
24 25
18 74
24 50
24 2
64 88
24 9
24 21
24 8
24 33
24 85
24 78
61 43
24 12
24 29
24 11
24 75
24 79
24 13
24 81
24 68
24 45
24 54
24 4
24 31
74 88
24 72
24 5
24 15
24 46
24 27
24 16
24 77
38 15
24 7
24 56
24 20
24 23
39 9
39 61
39 19
39 66
15 88
39 70
39 86
39 85
39 80
39 26
39 88
39 56
39 31
39 1
39 79
39 41
39 60
39 4
39 59
76 4
76 16
76 88
76 49
76 7
76 42
76 80
76 51
76 69
76 15
76 62
76 57
76 8
76 66
