5
46
50
53
24
88
100
92 98
0 56
0 19
0 92
0 10
90 76
0 79
0 94
8 72
0 82
55 49
70 36
72 76
8 97
85 41
0 90
0 57
23 26
15 38
37 3
23 84
70 89
69 95
80 70
38 98
0 23
89 98
0 80
86 32
0 13
36 32
0 69
0 34
0 75
47 98
58 20
0 28
0 58
56 98
3 98
87 98
9 77
0 9
32 98
40 98
15 98
0 26
0 25
26 98
58 98
16 98
63 98
75 98
65 48
70 45
78 98
0 70
45 98
82 98
87 92
65 35
0 33
63 47
0 65
2 98
74 92
40 21
42 98
0 87
86 91
4 93
95 98
0 4
61 98
0 39
63 28
35 98
57 98
63 52
66 91
52 98
96 98
59 91
28 98
0 54
0 97
97 39
0 86
0 40
91 98
0 66
18 98
0 29
26 74
37 98
97 22
0 5
70 39
55 98
62 39
