5
90
21
35
73
86
100
45 99
0 93
62 75
0 79
75 99
0 69
0 52
87 67
0 87
0 32
0 7
0 23
97 85
94 31
42 99
0 61
0 54
78 99
0 14
84 69
26 38
0 19
0 24
31 99
0 99
0 59
0 84
0 88
0 71
0 25
0 20
0 72
91 36
20 94
0 77
0 91
38 99
92 99
0 4
0 58
0 57
0 33
0 22
0 39
0 67
39 99
33 99
7 99
18 99
54 99
0 47
20 99
64 99
32 97
0 65
29 97
94 80
80 99
0 17
37 9
0 37
97 99
0 3
0 30
40 99
2 99
65 99
0 98
0 34
24 99
0 49
89 99
0 83
0 12
0 50
96 99
16 99
0 81
0 27
87 99
53 99
0 26
26 99
0 92
0 97
70 99
0 64
0 70
5 99
0 31
0 45
0 74
74 99
0 60
28 99
0 2
0 55
0 40
0 68
93 99
