5
43
28
59
23
29
100
51 90
0 30
0 36
0 7
64 48
58 62
60 90
85 48
0 69
58 64
11 90
12 3
3 90
0 65
0 21
85 90
0 56
0 85
75 90
0 19
2 90
0 41
0 60
37 46
0 71
0 37
0 61
39 90
14 90
84 90
52 90
64 90
0 87
0 5
0 90
0 40
27 90
22 81
18 36
0 18
0 34
0 76
0 39
0 66
78 90
0 45
50 90
0 38
33 90
0 25
36 90
0 4
82 90
0 16
35 34
0 17
0 48
18 90
67 66
35 66
48 90
0 11
0 83
0 58
0 10
0 81
0 35
1 90
0 22
0 20
26 90
24 90
5 90
0 44
10 90
0 26
80 90
0 70
34 90
0 3
20 90
9 90
0 62
0 89
68 90
0 72
25 90
0 42
86 63
0 79
0 32
0 13
63 90
0 1
4 90
0 14
0 75
61 90
0 50
16 90
