5
77
22
25
15
41
100
91 99
18 99
74 99
7 99
0 20
96 99
21 99
95 99
73 99
28 99
13 99
71 99
31 99
1 99
5 99
20 99
67 99
76 99
16 99
0 6
10 99
94 99
66 99
0 98
90 99
2 99
87 99
88 99
93 99
61 79
79 99
0 68
30 99
6 99
23 99
80 84
84 99
12 99
72 99
83 99
80 99
89 99
8 99
24 99
65 99
9 99
82 99
86 99
19 99
27 99
92 99
0 81
78 99
97 99
0 30
0 71
32 99
26 99
85 99
33 99
75 99
17 99
14 99
70 99
4 99
3 99
29 99
68 99
69 99
11 99
0 8
19 45
0 19
0 10
54 81
0 28
0 90
0 69
3 10
0 80
56 61
85 81
0 3
0 70
61 81
0 94
0 7
0 2
85 3
0 78
0 85
0 23
0 14
83 81
6 81
0 86
0 84
83 59
0 97
0 9
