5
38
26
91
17
85
100
0 96
0 20
59 99
0 99
88 99
98 99
53 99
0 37
19 9
72 99
56 99
0 1
9 99
94 99
0 44
5 99
77 99
43 99
5 7
3 99
60 99
2 99
0 19
29 99
45 99
0 87
1 99
0 82
0 29
0 22
34 99
0 84
0 34
40 99
61 99
0 57
73 99
64 99
0 2
0 12
48 99
15 99
39 99
28 99
79 99
80 99
32 99
0 10
62 99
20 99
0 7
46 99
0 24
0 28
49 99
89 99
54 99
71 99
0 83
30 99
28 36
0 77
78 99
67 99
57 99
41 99
36 99
42 99
0 67
7 99
0 48
0 65
63 99
0 55
87 99
0 76
0 8
0 16
51 99
0 35
21 99
65 99
75 99
0 6
0 36
11 99
0 27
96 99
0 18
0 66
0 41
0 31
0 43
0 88
0 89
0 62
0 39
0 11
0 93
0 72
