5
25
6
8
85
18
100
0 3
1 46
1 39
74 75
2 61
2 23
2 71
2 3
11 12
11 33
70 16
10 9
10 4
10 37
75 67
10 86
3 87
3 34
95 20
3 95
4 5
4 70
4 9
56 9
56 39
56 57
55 33
55 45
53 52
53 64
9 87
61 66
30 29
30 60
31 64
31 32
65 66
78 99
65 64
29 68
29 92
78 77
29 28
29 78
69 68
69 59
69 70
57 61
59 46
60 61
60 63
60 23
43 38
44 45
43 64
43 61
84 83
42 36
39 38
40 22
40 17
40 39
78 79
81 48
82 87
82 83
16 15
98 99
17 16
98 73
97 87
74 99
97 77
97 63
95 91
87 99
67 99
94 87
94 70
92 74
74 73
92 91
20 67
36 50
71 72
13 12
77 73
20 84
20 15
83 32
20 21
20 24
83 39
70 49
23 38
23 37
23 22
62 76
64 27
27 66
