5
24
45
63
89
86
100
2 68
0 80
46 35
0 46
4 34
0 2
0 33
0 35
0 3
0 17
0 79
0 31
65 99
0 96
0 32
0 41
68 99
0 77
0 34
46 13
53 99
0 82
0 81
82 12
0 21
0 61
0 43
85 12
62 99
0 85
12 99
0 29
0 26
0 20
26 99
0 38
0 72
0 67
0 70
0 16
83 65
0 76
32 39
0 8
0 62
0 98
0 4
0 57
0 19
0 73
0 68
0 83
0 36
0 11
0 5
0 84
0 64
0 95
0 90
0 42
0 30
0 25
98 99
0 69
27 7
7 99
0 23
9 99
0 6
0 92
54 99
60 99
0 44
82 99
0 14
0 65
0 54
93 99
0 78
46 99
0 97
0 7
0 48
0 18
0 40
0 99
25 99
18 99
0 94
0 55
0 39
1 99
13 99
0 74
0 49
0 28
0 51
20 99
15 99
0 87
