5
42
6
73
44
38
100
0 31
16 55
72 99
80 99
25 99
0 1
71 70
88 99
75 99
53 99
0 64
0 61
49 99
0 87
2 99
87 99
0 13
9 99
66 99
71 24
0 17
71 99
82 99
15 99
34 99
68 99
0 92
0 98
83 99
0 51
86 99
0 71
0 88
0 89
12 98
35 99
84 99
20 99
43 99
0 12
79 99
0 3
62 99
0 28
85 99
52 99
10 99
0 54
0 29
27 99
0 68
50 99
12 99
0 41
98 99
90 99
67 99
0 58
95 99
0 94
0 11
24 99
31 99
63 99
0 80
39 99
0 40
0 55
1 99
0 79
92 99
56 99
0 95
90 5
0 30
0 43
0 59
28 5
16 5
0 50
0 45
0 69
0 67
0 32
0 4
0 8
0 33
0 83
50 97
0 90
0 91
52 5
0 93
10 5
84 5
55 22
53 5
35 5
4 5
65 20
