5
66
3
41
72
64
100
0 51
0 14
0 45
81 23
0 94
0 74
0 40
0 16
0 62
23 99
0 34
0 71
0 37
0 59
75 99
0 75
0 83
0 79
0 86
0 84
6 91
0 17
0 6
40 76
0 11
0 39
0 67
0 60
0 98
0 89
0 93
0 69
97 99
0 50
0 9
0 25
0 22
0 1
0 19
0 35
0 85
0 12
35 99
0 97
0 43
0 8
44 27
39 99
0 29
0 27
0 54
0 82
0 30
76 99
0 88
0 58
0 32
0 28
0 70
0 68
0 47
0 95
0 63
0 44
0 38
0 73
0 48
0 56
0 36
0 90
0 65
0 55
0 77
0 78
0 5
0 42
0 26
0 13
0 49
0 15
0 23
0 81
0 57
0 61
0 53
0 46
0 31
0 96
0 20
0 33
0 87
0 91
0 21
0 92
0 80
20 99
0 4
0 10
18 38
18 50
