5
71
41
35
66
18
100
0 99
0 33
0 61
0 75
0 98
0 57
0 17
0 11
25 57
0 95
0 67
0 38
0 31
44 8
0 80
0 23
0 28
0 70
0 83
0 36
0 79
0 43
0 40
0 25
0 84
0 22
0 81
0 59
53 83
0 53
0 60
0 1
0 82
0 3
0 76
16 99
0 15
0 51
0 47
0 55
0 58
0 65
0 37
0 42
0 13
0 73
0 45
0 9
0 69
0 6
0 52
0 16
0 72
86 96
86 68
86 49
86 59
86 33
8 99
86 54
86 11
58 89
86 94
86 72
57 99
86 58
86 79
86 76
86 22
86 75
86 43
86 28
25 95
86 50
86 88
86 10
86 30
86 6
86 93
86 2
86 95
86 99
86 32
86 69
10 82
86 47
86 62
86 85
86 77
86 92
86 74
86 52
61 39
86 16
86 82
86 38
86 25
20 60
86 13
86 5
