5
63
50
88
74
1
100
0 99
0 33
0 80
0 94
41 99
0 38
0 69
35 99
38 99
0 46
78 99
0 87
0 65
56 70
0 34
0 20
0 12
0 92
0 40
0 79
0 95
0 82
0 42
70 99
0 62
0 97
0 48
0 52
16 94
10 99
0 16
0 55
0 6
0 8
58 99
0 89
0 60
0 68
0 10
0 71
0 32
0 26
0 41
69 11
0 96
0 83
0 73
0 25
75 42
0 36
49 32
0 11
0 77
42 11
0 54
0 93
0 30
0 39
0 29
0 51
0 84
0 59
0 17
0 53
9 93
0 24
11 99
0 76
0 44
0 57
0 49
0 27
0 75
93 99
0 45
0 22
0 70
0 67
85 56
0 85
0 3
19 49
0 35
0 98
0 14
30 99
0 28
0 37
0 7
0 23
0 47
0 64
0 19
0 15
0 13
0 91
0 31
0 86
0 72
0 43
