5
3
44
68
61
80
100
0 52
70 35
5 99
0 59
18 99
43 35
79 25
37 99
0 4
0 27
70 81
19 99
84 6
98 99
28 99
63 15
0 92
0 39
57 42
93 99
5 35
86 51
52 73
0 43
73 35
34 69
54 99
0 8
35 99
30 41
0 1
36 41
0 64
66 41
67 99
70 47
70 85
70 39
82 39
41 99
98 96
0 70
0 73
0 34
0 57
67 96
84 39
0 58
39 99
63 9
85 42
30 73
0 78
12 2
0 48
96 99
63 30
67 91
73 2
63 42
2 99
85 48
26 99
0 67
63 97
74 99
9 27
17 40
15 99
66 40
6 4
63 39
95 77
38 6
22 99
57 13
78 20
65 23
63 38
9 42
90 4
65 95
19 13
21 13
77 4
40 99
63 65
36 13
63 85
31 92
92 13
63 18
25 72
63 84
72 13
63 11
72 91
66 86
66 13
79 13
