0
99
0 51
0 45
0 37
65 69
65 11
64 36
33 67
33 8
64 60
76 31
52 98
76 91
96 15
96 30
49 72
49 31
61 73
79 99
34 39
61 86
59 21
19 36
59 6
3 85
3 24
22 99
1 50
14 53
19 14
84 99
58 1
77 95
58 80
72 95
79 35
97 30
46 37
46 40
71 80
12 5
71 10
12 9
17 89
17 91
52 92
15 18
94 27
94 74
13 90
13 91
2 20
2 28
77 67
32 62
32 83
16 84
16 4
92 50
41 8
29 82
27 8
41 87
44 48
44 29
98 42
7 78
7 29
63 68
63 48
60 66
26 70
26 78
86 34
74 56
38 79
38 34
66 73
45 78
42 90
53 28
43 23
43 5
11 55
25 20
39 69
68 25
56 81
55 54
70 87
47 93
6 93
4 57
47 18
62 51
22 24
57 21
9 23
37 28
9 75
