5
4
95
3
98
67
100
1 89
97 99
29 45
76 96
2 93
1 50
62 32
0 2
1 93
86 54
45 96
56 49
5 96
86 51
1 86
50 96
84 96
70 82
1 75
70 84
1 7
49 96
1 70
93 96
64 96
97 96
53 96
25 96
51 96
14 96
15 96
16 96
54 96
1 27
61 49
53 46
1 40
1 81
92 88
73 96
88 96
58 96
89 96
1 53
90 96
77 96
94 96
61 43
61 74
59 38
74 96
72 96
81 50
82 96
61 47
38 96
56 96
61 92
18 96
32 96
42 96
61 81
47 17
61 15
90 17
48 17
61 72
65 17
70 17
97 17
70 52
61 59
92 17
64 66
19 93
93 17
72 17
61 45
48 86
52 17
87 78
78 17
86 17
44 17
28 66
19 66
31 17
40 66
64 34
66 17
39 17
84 34
76 34
85 34
70 34
61 94
61 58
19 92
87 72
90 34
