5
16
11
91
25
9
100
0 32
71 99
0 95
58 23
23 99
0 99
74 99
73 99
62 99
0 27
70 99
61 38
38 99
96 99
2 99
95 99
35 99
17 99
76 99
36 99
51 99
87 99
97 99
68 99
44 99
46 99
89 99
79 99
80 99
0 58
48 99
0 44
57 99
61 99
98 99
27 99
81 3
59 99
54 99
6 99
3 99
75 99
30 99
66 99
0 43
0 40
0 8
77 99
72 99
14 99
65 99
0 70
78 99
0 33
85 99
88 99
41 99
0 37
85 82
26 99
10 99
86 20
82 99
40 99
0 46
55 99
0 94
0 87
0 79
7 99
0 85
93 99
0 6
49 99
34 99
43 99
56 99
0 14
58 99
0 92
1 99
21 99
83 99
15 99
0 22
84 99
0 59
92 99
77 20
20 99
63 99
31 99
19 99
0 13
4 99
18 99
42 99
94 99
0 77
52 99
