5
67
51
7
15
49
100
12 94
77 17
0 77
86 45
62 94
0 60
0 37
14 23
18 94
54 85
45 94
11 94
0 25
73 94
41 94
0 78
14 94
31 74
78 94
0 31
81 94
0 42
0 16
0 86
0 54
0 57
0 79
22 94
48 94
59 94
32 94
0 64
0 47
27 94
43 94
35 94
45 85
17 62
0 45
0 19
89 94
5 94
64 94
61 94
0 85
87 94
0 1
0 66
9 94
63 94
0 36
13 66
93 88
18 66
48 72
66 94
0 68
0 70
84 94
92 94
0 93
72 94
74 71
88 94
0 55
69 65
54 94
91 94
0 50
0 69
52 94
0 35
65 94
0 14
0 81
0 17
50 94
0 92
74 14
0 28
24 94
28 94
0 74
93 94
57 94
0 94
77 94
69 94
0 71
42 94
46 94
31 94
55 94
0 90
44 94
23 94
0 12
17 94
26 94
20 94
