5
12
86
54
70
4
100
0 60
0 78
0 79
0 18
0 6
0 43
0 75
0 71
28 89
0 66
0 24
0 88
0 63
0 21
0 7
0 61
0 22
0 13
0 50
0 40
37 16
37 77
37 67
37 69
37 26
37 36
37 83
37 51
37 48
37 34
19 89
37 24
37 29
37 31
37 11
37 56
37 79
37 19
37 46
37 9
2 69
2 82
27 89
87 89
2 40
2 11
2 58
2 36
64 89
2 67
2 23
2 44
2 32
2 53
2 10
2 29
2 57
1 89
2 43
81 89
25 35
55 77
55 59
59 89
33 60
55 45
55 27
55 85
55 76
61 43
55 32
55 38
64 62
55 71
55 24
55 64
55 39
55 36
55 66
55 13
55 33
55 78
8 1
19 44
19 11
19 66
19 8
19 3
19 24
19 64
19 6
19 18
19 62
47 63
47 44
47 14
47 78
85 64
47 17
47 3
