5
49
23
42
69
74
100
57 22
96 84
5 99
1 17
18 99
70 80
92 21
56 2
31 66
93 63
6 17
58 73
56 53
70 1
62 97
81 52
8 56
95 92
9 11
53 83
95 58
8 47
29 97
26 24
57 44
97 99
61 92
22 99
15 99
24 92
66 92
90 77
40 99
93 34
76 83
14 99
53 58
53 66
41 58
70 90
8 79
63 58
48 66
81 20
8 28
92 58
66 99
55 78
38 95
83 99
70 25
38 36
70 81
27 99
60 62
88 34
73 62
57 93
77 30
66 3
1 31
15 58
58 99
2 99
13 36
13 24
76 45
7 91
3 99
13 95
53 1
72 95
53 38
72 94
17 99
32 96
15 41
48 61
13 7
16 36
61 41
77 1
96 1
96 94
5 90
73 43
92 99
70 55
0 99
27 68
57 77
12 94
45 41
60 26
9 12
60 43
27 38
0 70
53 77
84 43
