0
93
70 75
0 5
2 7
4 9
94 99
95 97
6 11
6 8
3 5
8 13
10 15
10 12
7 12
9 14
11 13
38 43
16 18
16 21
14 19
17 22
46 48
17 15
19 24
21 26
23 28
23 18
25 27
25 30
22 24
27 32
29 34
29 31
26 28
31 33
36 41
36 34
38 40
33 35
30 32
76 81
35 40
37 42
37 39
39 41
44 49
52 57
44 46
42 47
45 50
45 43
56 58
47 49
52 54
50 55
48 53
51 53
51 56
54 59
61 63
61 66
59 64
57 62
55 60
58 63
60 62
65 67
65 70
68 73
68 70
73 75
66 71
64 69
67 72
83 85
88 90
78 83
71 76
69 74
78 80
74 79
77 82
77 75
79 84
81 86
88 86
93 91
93 95
96 94
91 89
84 89
82 87
85 90
87 92
