5
39
3
6
29
72
100
0 24
0 87
0 14
0 19
0 12
0 67
0 55
82 1
0 47
0 42
0 32
0 82
0 90
0 81
0 43
0 77
0 26
0 71
0 63
0 93
0 79
0 23
0 17
0 60
84 94
0 91
0 92
0 61
0 66
0 80
0 21
38 94
0 46
0 34
0 10
0 45
0 44
25 94
0 8
0 36
0 25
0 57
0 48
0 85
0 41
0 53
0 89
0 76
0 38
0 52
41 94
0 15
0 58
0 18
0 49
0 20
0 11
62 94
74 94
0 9
0 51
0 7
0 64
0 86
0 65
0 62
0 59
0 2
0 30
0 1
0 70
0 94
0 22
0 13
0 50
0 74
1 94
0 56
0 84
0 33
0 37
0 73
0 40
0 31
0 68
0 35
9 94
0 83
0 69
0 5
0 78
0 75
4 70
0 4
0 88
0 27
0 28
0 54
16 70
16 86
