5
80
92
22
36
60
100
37 29
29 38
72 70
74 41
83 16
76 35
93 51
9 57
8 77
8 51
23 3
48 74
97 3
26 84
48 9
72 45
85 81
69 16
39 81
3 38
95 44
2 34
34 70
43 35
43 77
83 88
51 35
86 82
5 39
72 5
8 98
7 38
35 54
41 82
13 56
35 77
86 71
23 64
95 31
11 1
54 38
58 86
47 87
72 14
56 64
58 90
87 1
23 81
46 89
9 62
9 93
25 14
41 43
25 75
32 79
69 81
86 88
85 69
17 65
42 64
5 40
85 46
21 8
20 69
13 97
13 30
28 57
20 41
1 82
57 65
95 20
17 57
37 6
91 65
34 81
79 81
0 49
27 69
72 23
19 41
19 32
75 2
39 69
33 18
13 19
89 62
93 89
72 9
45 26
37 33
83 58
78 65
55 5
16 84
11 39
87 68
48 72
44 66
93 94
13 72
