5
66
20
28
32
40
100
71 15
16 67
15 74
71 74
43 74
73 74
7 17
46 74
48 74
44 74
0 38
33 74
54 74
58 74
42 74
16 47
37 30
7 8
17 74
7 47
11 74
38 74
30 74
7 16
0 7
23 74
31 74
0 69
57 74
0 48
25 74
1 74
59 74
24 74
0 46
3 74
55 74
67 74
10 74
0 11
0 4
35 74
56 74
0 60
4 74
2 74
21 74
60 74
51 74
0 1
45 74
36 74
69 74
0 61
34 74
29 74
0 58
0 74
12 74
39 74
64 74
8 74
18 74
70 74
6 74
61 27
62 52
27 74
37 74
52 74
16 74
63 74
47 74
9 74
14 74
61 74
6 60
7 74
49 74
65 74
13 74
0 62
0 21
68 74
72 74
26 74
53 74
19 74
50 74
5 74
41 74
22 74
0 6
0 10
36 62
0 53
0 36
73 59
0 51
0 29
