5
30
59
51
14
57
100
0 12
0 4
0 13
0 6
0 49
0 46
0 74
0 24
0 66
0 16
0 67
0 20
0 9
0 48
0 52
0 33
0 42
0 28
0 1
0 58
0 70
0 10
0 64
0 27
0 73
0 38
42 74
0 32
48 73
0 56
0 63
0 72
0 22
37 74
0 65
0 15
0 34
0 62
0 45
0 43
0 5
0 31
0 55
0 37
0 18
0 69
0 29
34 47
0 23
0 47
0 40
0 17
0 61
0 60
0 3
0 19
0 39
0 54
0 25
0 7
0 8
0 50
0 44
0 71
0 36
0 11
47 20
0 35
0 2
0 41
0 68
26 2
0 21
65 25
0 53
26 50
26 25
73 74
16 8
26 16
26 23
26 49
26 21
26 41
26 64
26 8
26 24
26 28
26 19
26 53
26 7
54 46
26 54
26 39
26 65
26 12
26 34
26 4
26 37
20 74
