5
62
8
7
50
17
100
0 99
41 70
86 99
29 21
25 99
79 80
67 80
80 99
39 15
82 76
64 99
86 70
9 13
70 76
53 76
39 9
86 96
20 37
68 76
0 39
0 29
0 14
43 21
76 99
22 99
21 99
0 71
0 23
2 99
43 72
61 99
36 93
2 72
71 79
69 13
3 99
18 14
36 91
33 11
93 99
51 71
79 99
18 2
42 99
66 99
34 99
26 54
0 18
0 69
52 73
49 71
30 60
13 67
16 23
89 57
57 92
52 3
0 37
97 91
60 99
54 99
53 99
11 99
32 99
0 42
91 22
0 5
19 92
85 82
83 99
34 82
63 82
83 96
52 82
56 92
82 99
0 58
0 43
0 27
0 89
5 99
38 92
47 92
92 99
25 36
26 85
58 99
81 20
90 36
20 99
65 99
0 63
0 79
0 35
75 99
0 25
0 65
73 10
0 16
0 83
