0
95
0 84
0 18
55 99
42 90
42 59
23 2
25 6
23 70
75 44
75 71
59 46
89 88
89 5
44 7
83 99
19 99
35 9
35 41
94 85
94 93
34 95
54 95
1 2
21 82
21 50
8 84
8 11
25 22
26 39
7 57
79 52
17 20
3 52
78 77
78 17
34 27
13 51
5 27
48 79
14 93
48 14
66 6
77 86
66 19
80 6
80 77
67 32
96 33
97 18
97 76
33 31
3 20
38 62
38 28
60 46
60 39
10 74
58 81
58 25
56 43
56 91
73 65
63 74
72 63
72 82
31 53
90 12
57 45
29 24
29 54
88 22
70 68
65 69
13 68
45 43
30 43
15 24
37 36
69 55
47 45
47 92
83 53
50 12
16 15
16 71
86 1
76 87
92 30
87 68
11 50
61 49
61 63
85 1
41 76
62 32
