1
54
100
0 98
36 98
22 98
57 98
3 98
25 98
42 98
66 98
9 98
61 98
37 98
41 98
23 98
5 98
24 98
50 98
60 98
17 98
21 98
22 62
67 62
0 59
85 62
0 71
0 67
24 62
15 62
21 62
86 62
26 62
81 62
37 91
58 62
91 62
0 42
77 62
68 62
96 62
90 62
23 62
42 62
95 62
71 62
51 62
97 62
78 62
83 62
12 62
5 62
75 62
65 62
0 25
53 60
0 16
92 60
22 60
0 56
81 60
25 60
34 60
0 60
85 60
9 60
79 60
37 60
65 60
94 60
0 86
94 42
42 60
41 60
14 51
10 60
69 60
73 60
90 60
51 60
87 60
15 60
35 80
96 60
80 60
4 60
14 60
88 60
14 95
31 95
48 95
13 95
5 95
0 37
1 8
57 95
24 95
0 41
0 72
48 57
41 95
22 95
4 95
