5
55
44
27
41
7
100
18 99
50 82
0 18
0 84
86 99
0 50
46 99
0 32
74 76
52 9
95 99
71 4
0 71
48 72
4 20
8 99
13 64
0 99
0 13
0 4
3 88
48 53
0 58
74 73
0 60
60 99
0 85
88 99
81 32
40 77
16 32
34 77
0 74
0 48
43 64
40 66
38 32
23 99
52 54
64 99
46 66
38 12
71 17
0 43
52 71
16 10
79 31
77 32
0 94
11 4
45 66
32 66
0 40
10 99
0 59
0 39
66 99
0 52
73 28
5 50
50 99
68 99
89 49
0 95
89 5
16 29
73 21
59 49
35 98
4 56
0 89
35 80
13 99
33 45
56 99
79 54
9 99
0 83
73 35
69 99
85 99
82 8
98 37
9 22
37 99
0 73
8 39
48 99
16 47
39 20
87 28
28 99
0 87
83 99
78 99
61 99
3 12
9 14
63 3
89 16
