0
100
47 25
0 41
89 92
2 44
4 11
58 90
51 92
29 92
87 68
49 34
20 81
80 81
2 75
74 76
19 10
70 68
77 68
4 72
19 86
30 38
19 60
48 6
30 83
76 92
46 42
67 42
63 42
31 68
71 13
23 92
4 49
25 3
17 74
36 64
25 74
71 83
42 92
71 10
26 82
19 3
51 3
68 92
37 11
6 92
37 72
64 81
14 81
23 73
58 36
30 3
2 78
30 84
26 81
48 3
64 69
83 81
80 34
19 5
71 41
14 41
59 61
60 92
81 92
77 90
52 5
69 61
20 45
61 92
58 5
58 18
17 51
40 38
0 92
19 24
37 40
34 36
26 90
56 90
33 11
0 4
58 80
73 85
42 11
87 80
26 40
0 89
41 92
3 92
58 87
45 30
78 49
71 12
66 46
78 36
85 90
49 11
2 17
26 13
16 40
71 90
