5
95
69
81
60
78
100
48 99
72 99
35 99
96 99
0 89
40 99
11 99
19 12
24 99
91 99
93 99
0 7
12 99
0 18
0 31
94 33
73 99
1 97
0 1
33 99
0 19
0 58
27 99
77 99
57 85
52 99
66 99
0 94
90 99
30 99
23 36
0 23
0 17
7 99
92 85
36 99
85 99
0 67
0 92
29 99
6 99
0 40
79 99
0 55
2 99
41 99
67 99
37 99
0 27
0 82
57 99
43 99
22 99
92 99
0 11
0 52
13 99
0 45
0 38
0 15
94 99
4 99
0 74
50 99
0 4
82 99
0 54
1 99
0 75
0 57
75 99
5 99
0 13
0 36
0 43
0 22
58 99
26 94
70 99
45 99
0 91
0 50
46 30
87 99
47 99
44 99
25 99
0 26
0 86
0 71
89 99
39 99
53 99
62 99
34 99
74 99
32 99
0 6
0 32
0 76
