0
98
55 99
60 80
0 31
0 70
0 15
0 34
0 52
0 85
47 61
47 34
16 89
47 55
73 56
2 43
28 70
7 43
48 14
34 65
9 96
34 48
30 56
34 9
34 60
71 35
37 88
90 42
90 60
78 69
31 63
6 8
11 3
11 8
11 31
40 68
56 21
5 2
40 67
63 86
62 16
69 84
45 21
40 5
40 69
62 33
24 82
24 12
33 1
53 26
53 88
98 93
87 56
87 41
87 25
3 38
27 61
76 51
27 59
27 35
98 10
39 67
98 72
98 59
66 15
7 51
66 36
68 32
79 20
79 56
72 23
72 39
54 83
77 45
51 83
54 89
50 23
44 4
25 1
94 85
93 30
51 17
92 1
91 76
22 74
22 70
97 32
95 39
23 26
13 32
70 59
89 17
57 74
70 7
91 64
81 60
4 89
75 97
91 70
36 70
