0
100
0 57
0 6
70 53
4 92
4 10
32 26
4 25
19 94
35 49
37 58
78 34
0 4
31 57
85 51
37 21
32 39
30 34
64 80
78 30
18 22
19 53
0 23
0 65
64 68
70 37
85 90
36 67
46 67
28 41
89 41
14 83
28 21
56 21
71 84
3 82
57 94
91 23
0 46
31 65
85 25
36 33
68 30
36 79
84 94
0 85
78 56
79 94
3 68
52 58
70 32
17 65
0 70
77 63
92 46
6 94
0 78
52 67
73 67
92 23
0 14
71 62
19 61
8 34
33 24
40 23
35 82
38 30
31 93
27 23
35 37
35 92
77 45
31 61
74 58
81 53
21 30
35 24
35 67
31 41
36 16
50 30
53 65
34 65
28 73
31 53
57 67
75 67
1 67
77 54
61 51
44 51
19 90
73 53
31 74
73 74
28 20
10 22
61 67
0 52
76 65
