0
90
60 79
72 76
61 66
78 76
66 79
60 61
72 61
72 78
60 78
72 60
75 79
66 76
73 63
63 79
66 71
62 74
24 39
28 26
31 26
24 37
22 26
24 34
22 29
22 27
35 38
45 42
40 54
45 59
41 51
47 42
43 54
21 31
24 30
25 33
27 39
32 31
62 61
75 61
64 79
67 61
74 70
24 21
22 32
36 38
20 28
71 79
66 69
72 62
67 74
63 76
70 76
64 76
71 69
66 77
49 43
52 43
40 59
52 40
58 41
36 39
31 39
20 34
48 40
49 44
57 40
39 38
72 67
68 78
77 69
72 65
70 73
72 66
65 64
71 74
77 62
73 78
77 64
60 64
65 71
78 79
64 69
64 74
49 48
49 56
53 44
49 50
77 60
65 63
62 70
48 46
