5
37
78
3
92
9
100
2 10
0 1
17 4
0 8
0 15
0 22
0 29
0 36
0 43
0 50
0 57
0 64
0 71
85 2
85 16
85 23
85 30
85 44
85 51
85 58
85 65
85 72
5 6
4 5
85 79
6 7
85 86
85 93
85 1
85 8
85 15
85 22
85 29
85 36
85 43
85 50
85 57
85 64
71 2
71 16
23 10
71 23
71 30
71 44
71 51
71 58
71 65
71 72
12 6
71 79
4 12
71 86
71 93
71 1
71 8
71 15
71 22
71 29
71 36
71 43
71 50
71 57
64 2
64 16
64 23
64 30
64 44
4 19
26 6
51 10
64 51
64 58
26 13
26 20
64 65
64 72
64 79
64 86
64 93
64 1
64 8
64 15
64 22
64 29
64 36
64 43
64 50
57 2
57 16
57 23
57 30
57 44
57 51
57 58
57 65
57 72
57 79
57 86
57 93
57 1
