0
96
91 99
0 75
2 86
2 29
2 62
3 24
17 46
59 91
0 2
0 3
1 20
7 19
1 10
7 67
70 19
1 2
17 19
6 44
15 57
1 48
1 12
11 87
1 94
17 73
61 19
17 27
1 21
1 11
1 33
1 15
4 5
1 4
1 74
1 36
1 6
1 66
23 14
10 7
14 25
14 78
10 30
10 90
17 54
60 7
17 13
32 55
24 83
17 26
17 24
17 38
32 7
17 72
35 7
35 22
4 2
54 4
76 8
54 80
54 82
54 93
53 13
39 18
28 7
16 7
16 11
42 40
5 2
5 12
5 41
3 2
30 14
50 30
7 2
7 33
7 34
7 18
13 2
7 8
7 80
7 4
30 59
7 22
59 2
7 71
51 34
7 69
24 43
26 14
4 9
14 2
14 9
21 2
14 85
18 2
18 40
47 40
