5
59
13
56
61
30
100
57 91
36 91
0 17
0 57
8 33
70 8
9 65
80 27
32 91
41 91
0 80
27 9
42 72
54 33
48 33
66 55
33 91
26 11
0 19
0 70
40 91
0 34
18 91
20 89
64 91
73 11
50 91
0 88
11 91
63 8
28 91
34 44
0 20
83 91
16 91
0 37
63 44
88 91
24 31
54 90
0 63
39 91
0 73
0 40
0 49
89 91
0 89
0 91
46 33
0 65
19 91
0 9
0 46
90 91
21 91
31 91
25 9
47 85
25 90
25 58
48 91
9 91
7 91
19 42
2 74
72 2
82 91
87 8
4 79
4 24
27 85
0 72
87 85
10 55
70 91
0 4
0 47
90 85
81 91
0 11
0 85
78 58
0 42
85 91
8 91
42 91
0 31
0 2
0 27
34 91
79 26
26 91
67 91
20 69
86 91
2 15
0 62
37 91
0 54
0 90
