5
49
90
40
59
25
100
60 99
69 72
0 19
0 2
0 92
0 61
0 58
0 69
0 88
0 98
0 12
0 18
0 7
0 93
0 15
0 1
0 23
0 22
0 20
0 62
0 99
0 67
0 47
63 45
0 30
0 63
0 71
0 34
65 87
0 84
38 68
0 39
0 57
12 74
0 38
0 9
0 26
0 95
48 99
0 6
79 99
0 31
0 33
23 99
0 37
0 72
0 14
0 5
32 68
0 75
0 94
0 44
25 30
0 4
0 25
27 97
27 13
27 29
27 55
33 49
27 14
27 84
27 23
27 89
27 80
27 72
27 38
27 61
27 39
27 42
27 16
27 78
27 69
27 7
27 65
27 70
27 11
27 37
27 81
27 45
27 34
27 21
27 82
61 78
83 49
27 88
27 48
27 63
27 98
27 92
27 62
77 99
27 33
27 28
27 18
27 36
27 9
27 52
27 26
27 44
