5
84
94
83
46
40
100
0 13
0 68
82 96
25 99
0 76
0 64
0 88
0 78
82 23
12 88
44 49
29 93
3 93
0 31
0 2
0 82
93 99
0 99
78 53
28 99
98 59
55 99
78 99
0 65
2 99
57 99
66 99
61 65
92 59
0 61
86 99
47 99
0 27
0 74
59 99
39 99
0 30
0 15
7 99
0 51
0 29
0 23
26 99
4 99
60 99
89 99
36 99
0 25
50 99
30 99
0 18
0 77
74 99
0 28
0 93
73 99
0 22
91 99
72 99
87 99
92 99
20 99
0 69
0 85
24 70
81 99
70 99
0 10
0 43
87 77
0 16
64 99
0 63
38 99
0 9
85 99
10 99
71 99
24 99
15 99
21 99
58 99
19 99
45 99
77 99
0 97
61 99
0 56
35 99
12 99
69 99
62 99
56 99
42 99
0 92
0 57
0 6
75 99
0 35
0 52
