5
98
95
83
45
62
100
55 70
97 99
55 96
80 96
94 99
55 59
4 43
4 7
55 85
97 80
14 53
58 96
0 4
0 1
0 5
0 2
3 55
55 73
55 81
55 97
55 75
72 96
55 88
86 96
73 96
64 87
79 94
55 78
55 64
55 72
55 61
55 71
55 58
71 96
55 67
55 77
55 94
70 96
46 55
55 92
55 68
92 96
93 96
65 96
57 96
55 57
55 56
55 87
55 66
69 75
85 96
55 69
59 96
75 96
55 80
78 96
55 93
77 96
55 74
91 96
64 96
55 82
55 60
55 90
87 96
55 63
55 76
55 84
55 86
74 96
90 96
67 96
84 96
55 89
55 91
55 65
69 96
79 96
81 96
88 96
94 96
60 96
68 96
63 96
66 96
27 43
97 96
69 82
82 96
61 96
89 96
76 96
78 57
79 60
73 97
3 9
3 35
81 56
67 56
79 88
