5
22
14
13
29
39
100
0 36
0 73
0 18
0 62
0 12
0 16
0 40
0 10
0 79
8 76
56 4
0 35
0 34
24 17
0 80
0 24
0 23
23 84
0 56
0 59
0 8
0 53
0 33
0 55
0 64
0 42
0 51
0 11
0 4
74 59
74 11
74 4
74 43
74 24
74 50
78 25
74 77
74 44
74 61
71 84
74 62
74 56
74 15
74 34
74 51
74 53
74 37
74 72
74 83
74 64
74 81
74 76
74 17
74 66
74 52
74 55
74 46
74 57
74 73
74 80
74 65
74 63
74 20
25 84
71 28
71 25
71 55
71 37
71 65
71 24
71 8
71 21
71 73
76 15
71 76
71 44
71 20
71 11
71 12
71 5
54 48
71 52
71 7
71 64
80 83
71 78
71 70
71 57
71 51
71 38
71 69
71 53
81 17
71 56
71 40
71 23
71 33
71 63
45 10
45 81
