5
10
11
9
17
20
100
51 53
0 1
50 53
0 2
49 53
0 4
3 8
3 7
6 4
6 1
2 8
2 7
5 12
5 4
1 7
8 12
19 24
18 23
19 22
18 21
12 15
19 23
18 22
18 24
12 14
12 13
21 28
21 27
21 26
16 19
14 19
15 19
25 30
25 31
25 29
25 32
22 27
24 28
24 27
23 28
23 27
25 24
25 22
26 32
26 31
26 30
26 29
28 30
28 29
28 31
32 33
32 36
32 34
32 35
27 31
27 30
29 36
29 35
29 33
34 39
34 38
34 40
34 37
34 30
31 36
31 33
35 38
35 39
35 37
35 40
30 36
33 39
33 38
33 40
37 41
37 43
37 42
37 44
36 38
36 39
40 42
41 47
40 44
40 43
41 48
41 45
41 46
39 44
41 38
39 43
42 47
42 48
42 46
42 45
38 43
44 48
44 47
44 45
46 52
46 43
