5
19
33
9
11
97
100
0 15
56 27
0 40
72 43
52 49
52 46
62 99
49 99
67 99
52 21
27 99
0 95
94 99
22 91
22 20
1 99
0 22
34 16
74 81
8 48
51 99
0 72
62 84
0 88
0 8
84 99
48 99
54 99
36 99
28 99
7 73
71 99
58 99
25 99
0 74
32 12
56 99
8 99
0 54
17 99
32 95
86 99
53 99
37 99
0 32
0 23
89 99
95 99
51 24
0 5
0 18
21 99
47 99
75 99
34 99
87 99
16 99
0 13
0 94
0 51
0 29
0 49
55 99
43 13
44 99
18 92
57 13
13 92
56 92
89 92
68 39
84 92
6 92
96 70
5 55
35 52
28 92
43 77
83 70
57 53
87 92
70 92
51 92
62 92
29 92
35 92
14 92
44 92
2 92
85 81
87 66
49 7
38 48
49 66
5 30
46 38
57 81
3 20
81 48
5 37
