5
98
38
26
65
17
100
0 66
0 54
0 43
0 35
56 80
0 10
0 89
0 53
0 67
0 80
64 21
0 57
0 85
0 12
0 14
0 64
0 23
34 68
34 28
34 58
34 8
34 88
34 24
34 64
34 30
34 25
50 14
34 80
34 9
34 56
34 16
34 10
34 36
34 71
34 3
34 79
34 32
4 20
4 75
4 5
4 19
4 58
4 12
4 69
4 44
4 3
4 35
4 22
4 6
4 95
4 81
46 96
46 27
46 47
46 8
46 91
46 85
93 99
46 55
46 40
46 84
46 86
46 90
46 9
46 35
46 36
46 76
46 33
46 60
46 74
75 21
25 71
25 40
25 44
25 28
25 54
25 73
25 10
25 56
25 62
25 12
25 1
24 14
24 67
24 33
80 99
24 61
24 80
24 9
24 56
29 88
24 96
24 22
24 8
24 85
24 55
91 27
91 3
91 96
91 31
