0
100
0 49
40 46
40 1
33 45
28 53
16 17
8 77
41 61
42 3
8 30
82 3
8 64
41 6
67 76
3 45
21 76
8 47
32 5
62 60
90 58
14 45
0 40
33 54
3 86
96 65
55 41
78 29
80 46
61 56
55 8
26 50
26 15
18 70
75 36
42 87
0 28
61 33
84 23
89 39
67 47
58 46
26 69
54 44
2 15
82 5
2 80
26 24
38 74
45 99
76 17
51 27
50 29
51 85
38 25
30 88
91 77
26 39
74 78
17 99
94 72
51 50
58 70
15 99
77 44
88 44
51 10
79 10
33 22
75 3
93 67
27 57
11 62
9 10
66 56
76 27
32 66
25 24
31 12
86 97
68 46
69 67
67 10
93 80
26 32
47 65
27 97
56 30
5 57
44 99
30 97
5 64
46 99
93 83
27 80
51 76
97 67
15 90
48 76
6 80
37 83
