5
44
83
30
18
26
100
0 39
0 69
0 8
0 24
0 42
0 23
0 7
87 65
58 52
45 61
45 58
45 40
45 29
45 62
45 17
45 64
45 39
45 46
58 88
67 88
42 9
42 22
42 25
42 72
42 62
68 87
38 56
38 61
38 29
38 65
38 19
38 39
12 4
75 67
75 69
75 48
55 39
75 12
55 59
5 84
5 52
5 32
5 36
5 27
15 78
5 70
3 2
5 67
5 65
5 1
50 27
14 37
14 12
14 79
53 34
53 24
53 25
53 73
53 48
40 47
59 82
28 84
59 10
59 62
59 70
76 39
76 46
36 2
59 11
63 34
76 28
34 4
25 54
84 4
25 19
9 58
63 9
19 29
63 25
60 8
34 32
34 28
68 33
68 65
68 74
68 21
68 81
48 29
48 31
48 15
48 25
48 32
48 19
23 2
21 41
21 73
21 7
21 72
21 12
67 35
