0
100
0 99
1 99
0 98
77 79
77 78
48 49
25 26
48 50
44 45
44 46
75 76
12 14
9 11
75 77
40 42
37 38
60 62
12 13
37 39
51 52
17 18
25 27
64 66
3 5
54 56
82 84
7 9
28 30
17 19
40 41
54 55
31 32
28 29
26 27
51 53
7 8
29 30
61 63
88 90
34 36
38 39
18 20
15 16
0 2
3 4
41 43
64 65
92 93
65 67
95 97
42 43
70 72
66 67
70 71
4 6
73 74
87 89
83 85
5 6
92 94
79 81
45 47
57 59
35 36
55 56
60 61
46 47
86 88
82 83
68 69
21 23
68 70
95 96
93 94
86 87
31 33
52 53
1 2
8 10
57 58
34 35
72 74
20 22
32 33
96 97
89 91
22 24
84 85
80 81
23 24
13 14
17 16
19 21
10 11
58 59
78 80
90 91
98 99
71 73
62 63
