5
69
81
22
62
27
100
5 99
43 60
0 83
90 64
37 51
19 78
0 90
35 38
35 37
66 33
75 72
17 9
35 72
77 18
0 75
40 71
39 89
17 61
48 34
17 45
39 46
49 55
84 57
17 74
63 29
65 60
28 76
7 73
17 35
52 55
49 56
82 84
63 19
82 83
96 33
44 61
28 41
82 59
49 25
28 61
23 94
82 56
32 80
65 49
55 78
7 16
18 6
19 73
92 46
32 25
44 31
17 39
94 71
6 33
63 45
60 9
65 34
92 75
76 33
72 34
32 79
32 4
32 92
54 71
79 9
41 99
32 2
44 52
74 4
85 34
4 34
0 17
82 21
60 57
53 68
72 38
5 51
79 92
0 65
89 42
82 54
70 92
63 85
4 46
3 64
40 25
33 99
60 26
88 29
37 34
89 8
35 14
96 51
32 35
6 46
18 8
57 34
82 70
78 99
42 57
