5
22
46
13
58
28
100
0 15
0 20
0 60
0 47
0 1
0 17
0 40
10 71
0 68
0 49
0 66
0 16
0 23
0 67
0 26
0 30
0 53
0 50
0 65
0 14
0 4
0 7
26 71
39 18
0 36
0 9
0 19
0 2
25 27
0 25
0 8
0 31
0 62
0 32
0 33
0 24
0 64
0 10
0 11
0 63
0 27
0 44
0 5
0 55
4 71
0 52
0 57
0 59
0 37
0 61
0 39
43 2
43 48
43 57
43 66
43 8
43 38
43 59
43 36
43 12
43 9
55 71
43 37
43 20
43 68
43 33
43 60
43 63
43 32
43 41
43 14
43 55
43 26
43 24
43 51
43 65
5 71
43 42
43 40
43 39
43 3
43 67
43 29
43 71
43 17
43 10
43 62
43 4
43 49
43 19
43 47
43 5
43 7
43 31
43 27
43 61
43 52
43 25
43 44
56 26
