0
100
35 43
5 79
3 41
49 79
38 29
30 24
35 39
42 61
4 45
42 33
1 32
30 35
25 75
60 73
4 32
73 45
1 18
0 46
31 43
0 31
32 71
38 15
0 16
30 40
30 48
47 26
7 24
23 57
42 3
45 26
30 25
26 79
47 29
3 37
49 58
24 79
12 29
4 46
41 79
28 69
8 79
0 66
4 28
4 17
0 2
14 65
74 29
0 30
13 27
38 16
24 46
71 79
19 58
37 59
15 52
28 52
28 58
0 1
38 3
29 79
39 31
39 46
36 9
18 65
54 36
7 45
7 37
0 7
73 61
32 5
5 31
24 70
4 1
4 66
27 31
60 31
72 73
18 75
4 55
44 61
24 43
65 57
0 4
24 65
70 45
27 48
51 46
42 13
24 77
18 72
6 47
58 79
76 16
33 47
17 46
27 33
0 42
0 12
24 59
9 57
