5
33
64
18
5
67
100
0 49
0 62
0 56
0 41
17 81
25 81
0 20
0 36
0 25
0 23
0 29
24 66
24 53
24 12
24 2
24 63
24 38
24 23
24 54
24 61
4 59
4 46
4 78
78 81
4 14
4 45
4 69
4 38
4 63
4 21
4 11
44 81
4 6
75 81
4 58
35 66
35 3
35 75
35 62
30 76
35 26
36 48
35 58
35 36
35 59
35 63
56 48
35 14
7 56
7 16
66 38
7 39
7 23
77 65
7 44
7 75
7 8
7 65
7 30
10 42
10 13
10 14
49 21
10 71
10 25
10 63
10 79
10 39
10 3
10 15
66 44
66 61
66 25
66 22
66 75
55 81
66 68
66 77
66 3
29 27
29 63
29 48
29 21
29 76
48 81
29 71
29 60
29 3
29 45
29 79
52 21
29 80
29 46
29 20
65 81
29 8
29 41
65 46
65 53
11 25
