5
98
21
18
10
60
100
0 84
22 24
0 22
0 13
0 26
0 76
0 79
0 71
0 1
0 78
0 74
0 34
0 43
0 44
0 91
0 48
0 96
0 25
0 2
0 53
0 72
0 55
2 99
0 52
0 99
0 87
0 7
0 14
0 30
0 35
0 17
0 33
0 11
0 46
0 70
0 68
0 80
0 61
0 19
0 20
0 95
0 50
0 64
0 73
0 92
0 62
0 31
0 97
0 89
0 83
0 69
0 81
0 49
0 63
0 38
23 99
67 99
0 77
0 27
0 29
0 67
0 24
0 39
0 32
0 93
0 56
0 9
0 82
0 51
0 42
0 57
0 36
0 37
0 59
0 58
0 16
0 65
0 23
0 41
0 28
0 6
0 86
0 47
0 75
0 54
0 4
0 8
0 3
0 5
0 12
0 90
0 15
69 99
0 40
0 45
94 31
0 94
0 88
0 85
66 82
