5
85
49
66
86
45
100
72 24
7 96
71 40
80 35
57 96
35 54
10 89
64 35
25 38
0 62
64 29
47 96
40 27
90 54
64 30
0 50
23 58
55 7
24 54
58 34
42 7
54 96
25 80
17 65
25 32
70 75
18 75
14 96
57 23
76 42
76 52
59 94
25 72
53 74
95 60
8 10
35 37
48 30
44 34
95 2
26 91
48 27
44 63
0 25
61 10
13 38
57 59
95 12
9 21
88 5
37 81
62 72
64 62
52 10
89 96
82 33
64 92
54 29
27 96
60 23
57 72
57 32
48 94
70 50
58 38
82 35
20 42
70 26
70 30
44 30
16 55
14 36
13 37
60 94
39 24
18 61
91 29
34 96
57 22
58 41
29 96
32 50
73 61
95 63
70 88
16 59
19 77
39 77
93 7
0 64
0 70
28 77
73 50
69 53
95 20
82 20
82 69
54 41
79 17
28 68
