5
59
57
74
16
67
100
0 91
0 12
0 33
70 46
54 29
68 29
9 13
42 91
70 38
0 20
47 29
79 25
70 23
51 29
30 81
0 26
29 91
60 85
13 91
79 30
76 34
0 89
2 34
9 77
34 91
56 83
77 91
0 79
0 44
42 49
83 91
42 2
70 91
43 8
0 70
18 91
49 46
88 91
53 82
58 20
53 2
0 71
42 73
0 45
46 91
21 3
0 78
0 76
77 76
25 91
27 91
0 21
85 91
0 42
0 75
82 91
76 91
11 7
30 60
9 91
0 80
47 91
0 43
0 29
17 46
58 42
81 90
0 81
0 30
0 58
84 12
21 77
0 17
0 47
7 91
0 61
15 49
87 91
62 90
62 6
61 91
14 91
0 52
15 11
62 89
37 91
52 91
80 91
76 60
23 60
66 60
0 15
56 91
60 91
0 62
79 91
12 91
0 63
40 91
35 91
