5
38
32
61
68
54
100
42 99
0 77
0 9
0 21
0 16
0 67
0 5
0 73
0 66
0 33
0 34
0 76
0 46
0 84
0 92
0 80
0 96
0 30
0 75
0 56
0 95
0 53
0 51
87 6
40 99
0 63
0 12
0 98
0 57
0 43
0 25
0 18
0 2
17 6
0 7
0 59
0 14
0 49
0 82
0 23
0 72
24 99
0 62
0 20
0 4
0 8
0 6
0 11
0 94
0 65
0 70
0 69
0 93
0 87
64 13
0 1
0 31
0 22
0 78
0 89
0 10
0 3
0 99
0 74
0 13
0 29
0 44
0 55
0 24
0 81
0 19
0 15
13 99
0 47
0 88
0 37
0 27
0 39
0 83
0 41
0 52
0 42
0 64
0 90
0 71
0 60
0 28
58 7
0 45
0 26
0 50
0 17
0 36
0 58
0 97
0 91
0 48
0 35
0 86
0 79
