0
100
89 11
27 94
27 28
74 28
40 96
27 21
34 11
74 62
27 47
20 94
60 94
0 74
55 17
0 55
31 28
0 27
89 27
41 74
0 89
94 64
26 15
18 96
37 64
0 5
58 11
78 28
28 64
0 78
36 49
18 72
18 46
64 96
40 61
95 74
47 72
18 29
3 49
86 12
26 56
83 72
55 70
49 11
63 42
16 81
26 58
26 94
95 32
76 5
85 72
47 57
29 25
40 68
82 78
0 40
79 69
12 11
26 29
33 61
0 26
18 34
0 82
7 50
18 37
46 6
86 9
43 75
15 44
75 72
10 58
50 53
28 58
25 45
52 50
11 96
7 25
46 25
15 10
28 77
43 45
66 32
18 88
18 80
15 43
28 17
18 52
6 32
83 88
93 8
93 28
2 58
83 51
50 86
65 10
0 93
76 33
39 37
1 14
39 25
38 58
61 96
