5
21
28
36
56
65
100
0 68
0 84
0 91
0 9
0 58
0 27
0 72
0 4
0 31
37 24
0 23
0 37
0 13
0 57
0 76
0 79
0 69
0 67
0 94
0 12
0 44
0 19
0 34
0 75
0 59
0 66
61 32
0 10
0 61
0 63
0 51
0 85
0 39
0 40
0 53
0 18
0 15
0 70
0 17
0 64
66 96
0 93
0 50
0 46
0 78
0 60
87 20
0 87
20 72
90 81
17 96
72 96
0 41
0 95
0 90
0 20
38 96
0 47
0 3
0 11
0 92
0 32
0 35
54 92
0 54
74 63
74 3
74 80
74 68
74 26
74 47
74 93
74 27
74 6
74 32
74 44
74 94
74 40
74 57
74 86
74 48
74 62
18 96
74 59
74 43
74 55
74 61
74 9
74 8
74 96
85 96
74 37
74 60
74 14
74 18
74 85
74 42
74 92
74 64
74 69
