5
42
70
75
28
90
100
0 5
0 49
0 66
0 85
0 31
0 29
0 97
53 82
76 83
0 58
0 53
47 99
0 88
44 24
0 55
0 76
0 34
0 71
0 18
0 51
0 99
0 36
0 50
0 74
0 19
0 57
0 72
0 20
0 87
0 54
0 60
0 81
0 62
61 27
0 1
92 50
92 45
92 56
92 31
92 54
92 52
92 29
92 11
10 24
92 62
92 82
92 22
92 8
92 79
92 67
92 65
92 94
92 68
6 99
92 80
92 89
92 71
92 74
55 99
92 19
92 51
92 36
92 46
92 84
92 98
79 69
92 17
92 64
92 77
92 32
83 47
83 50
83 85
83 5
83 78
82 99
83 2
1 87
83 11
83 18
83 79
83 56
83 64
83 96
83 32
83 43
27 15
83 72
83 4
83 24
83 88
83 19
83 94
83 33
93 88
83 58
83 36
48 99
83 48
83 84
