5
42
97
77
46
2
100
0 88
0 1
0 12
20 99
0 14
0 28
51 8
0 11
0 69
0 72
0 83
0 82
0 21
0 74
0 34
0 20
62 44
0 62
0 75
0 85
0 87
0 57
0 18
0 47
65 90
0 53
81 99
0 65
0 68
0 24
0 55
0 15
0 36
0 92
0 19
0 80
0 70
0 6
0 56
23 99
0 33
0 10
0 43
0 94
0 22
0 31
0 17
0 51
90 96
90 8
90 17
66 99
90 19
90 37
35 99
90 5
90 67
90 55
90 33
90 78
90 87
90 28
90 43
90 93
90 7
90 9
90 30
90 29
53 99
90 10
90 48
3 93
90 3
90 18
90 76
74 95
90 14
90 15
90 6
90 22
90 84
90 61
90 92
90 75
90 21
90 98
63 99
90 64
24 63
24 11
24 43
24 7
25 4
24 25
24 19
24 98
24 28
24 57
24 80
24 30
