5
67
64
83
22
86
100
44 99
79 70
79 10
89 63
55 99
0 53
26 99
79 20
55 88
5 99
56 47
58 50
53 99
0 42
10 31
75 47
77 99
0 89
31 99
61 51
47 99
45 99
55 2
9 99
12 99
76 99
56 84
52 99
84 99
77 73
12 1
1 99
73 99
56 37
10 99
72 37
46 14
14 99
20 99
0 74
35 90
0 77
17 96
90 99
0 79
15 99
13 99
33 99
66 99
72 99
0 99
11 99
91 99
89 99
25 99
17 99
19 99
63 99
32 99
28 99
37 99
82 99
27 99
8 99
69 99
58 99
74 99
4 99
57 99
30 99
18 99
68 99
38 99
21 99
69 79
92 79
0 17
88 79
37 79
76 79
42 79
9 79
15 89
0 29
49 79
89 79
50 79
5 79
98 79
25 79
61 79
12 79
34 21
12 98
21 79
62 79
18 79
91 79
8 79
57 79
