5
2
53
3
1
31
100
0 99
0 73
0 95
0 25
0 6
47 5
0 8
71 32
71 34
70 84
70 36
70 79
70 41
70 47
66 84
66 8
66 28
66 86
66 96
66 56
63 19
63 13
12 72
12 82
12 14
12 10
12 50
12 35
12 51
12 60
12 34
45 76
12 65
79 34
79 45
77 98
77 28
49 84
49 27
49 5
49 59
49 40
49 89
36 39
36 80
36 85
36 22
55 74
55 26
55 17
83 92
83 60
55 93
55 78
44 37
84 99
44 90
44 51
44 74
94 99
44 83
62 34
62 18
62 88
62 8
62 92
62 61
41 76
22 64
41 81
41 61
41 86
41 97
41 35
41 42
73 14
39 99
73 78
73 60
73 39
73 56
15 99
73 46
13 82
13 45
86 4
86 94
92 99
86 92
86 91
86 80
86 15
86 54
18 14
51 60
14 76
51 78
48 28
48 75
48 74
