5
98
70
23
26
96
100
92 99
71 13
0 68
0 37
38 99
13 99
0 71
14 36
0 57
36 99
0 28
0 9
9 99
0 80
72 61
61 29
87 10
6 59
0 6
28 85
59 99
0 86
0 55
0 75
10 1
18 82
71 99
82 99
0 99
85 99
20 54
72 25
5 55
94 54
33 99
95 33
84 33
44 66
11 45
86 99
5 58
1 99
94 46
87 19
28 41
49 75
51 34
0 94
91 54
62 55
35 19
92 19
25 19
34 19
11 97
0 11
67 89
5 16
89 19
71 54
20 48
0 72
48 99
19 99
67 41
60 92
50 41
60 41
0 20
0 5
49 41
0 49
0 41
38 93
0 51
78 34
71 60
83 89
93 54
69 92
0 77
84 99
0 58
44 40
78 66
75 22
54 99
78 99
0 2
81 84
22 99
76 28
31 40
76 83
72 87
0 78
76 94
69 99
48 87
42 61
