5
55
22
43
34
95
100
0 35
0 59
0 62
0 76
0 45
0 65
0 84
0 77
90 99
0 5
0 74
0 16
0 51
0 60
0 30
0 26
0 31
0 10
0 87
0 72
0 23
0 57
0 71
0 36
0 54
0 93
0 82
9 99
0 21
0 79
81 71
0 52
0 47
0 44
0 39
84 99
0 12
71 99
0 53
0 20
8 99
0 68
0 11
0 81
0 19
0 63
0 24
0 88
0 96
87 99
0 33
0 91
7 99
15 99
0 17
0 83
0 90
0 80
0 2
0 86
0 32
0 48
0 94
0 61
0 97
67 99
0 70
56 8
0 38
0 42
73 69
20 99
0 56
0 49
59 40
0 73
94 99
0 89
37 69
0 6
0 37
0 98
0 1
33 99
0 7
0 78
0 15
0 50
0 66
58 76
58 47
58 17
58 64
58 75
58 66
58 20
58 13
58 30
58 45
57 99
