0
100
0 87
0 78
4 32
10 61
32 98
15 98
36 60
61 98
36 87
16 91
24 91
76 81
97 40
22 92
0 21
0 36
0 26
15 67
4 82
16 59
23 8
16 78
31 82
0 16
4 56
4 2
4 33
3 25
81 51
40 98
70 24
0 22
31 57
82 51
31 83
72 51
15 71
86 10
14 10
23 31
2 56
45 98
48 67
72 92
96 82
67 98
70 17
0 15
14 16
23 3
5 21
0 23
50 38
84 54
74 34
45 91
0 70
90 60
35 18
35 27
90 38
82 38
5 98
79 43
42 92
64 67
89 92
24 37
80 53
64 43
69 92
91 98
24 92
44 55
65 43
69 30
10 38
8 98
79 19
60 68
64 53
5 11
91 92
83 30
35 87
36 43
71 43
40 44
30 38
56 6
30 68
39 11
65 62
9 43
17 32
31 32
5 87
90 1
33 72
24 68
