5
13
34
71
26
67
100
0 43
0 48
88 35
88 76
88 43
88 72
88 42
88 27
61 51
40 49
61 12
61 28
61 59
64 59
64 27
64 12
37 69
37 66
37 16
37 28
37 42
7 89
44 72
44 65
58 89
10 18
30 60
30 12
30 53
30 9
45 65
45 86
45 85
63 66
63 25
83 89
70 89
9 20
63 68
19 83
63 4
5 19
5 69
5 2
28 78
22 83
22 84
66 69
66 11
66 14
66 39
15 23
15 16
20 25
20 80
79 7
85 82
83 49
73 82
20 79
20 54
81 41
81 40
2 49
57 49
23 86
62 70
62 2
54 76
54 33
87 51
87 16
87 29
36 57
36 25
23 19
23 46
23 33
24 19
24 68
25 46
6 72
6 41
6 52
35 27
35 53
3 83
16 52
69 14
57 14
77 69
77 39
76 19
76 17
75 70
75 47
75 40
11 38
11 27
72 27
