5
34
57
59
42
29
100
13 60
35 60
44 40
14 60
16 15
0 2
0 16
0 21
9 40
9 15
0 36
40 60
15 60
44 11
50 11
9 11
22 11
0 13
9 2
48 11
41 11
0 44
9 36
0 9
2 11
0 22
50 6
50 16
23 11
50 49
50 33
7 11
50 3
50 4
14 11
31 11
20 11
50 26
58 11
50 17
46 11
24 11
43 11
50 55
27 11
36 11
38 11
21 11
40 11
50 35
50 30
1 11
28 11
5 11
56 11
37 11
10 11
39 11
50 25
45 11
52 11
50 18
13 11
50 15
50 32
50 53
50 51
12 11
50 54
50 8
50 19
50 47
43 6
50 58
50 43
6 11
46 16
41 16
46 3
38 16
14 49
33 11
50 2
55 11
35 11
50 7
25 11
26 11
50 28
14 17
50 45
16 11
30 11
3 11
50 41
51 11
50 48
4 11
49 11
23 17
