5
74
68
76
11
66
100
82 36
0 99
57 99
67 99
12 20
0 50
0 77
84 77
36 99
0 20
20 99
72 99
35 99
3 99
22 99
61 99
0 82
30 92
0 24
0 2
37 99
0 27
92 99
69 99
0 22
44 99
0 47
87 60
0 87
44 54
0 15
12 24
12 99
30 12
43 99
42 99
95 99
85 24
67 40
88 54
41 4
44 65
54 24
34 99
50 99
0 44
2 33
24 99
14 75
0 72
32 77
51 75
9 62
0 92
38 26
0 41
0 79
0 85
49 99
8 65
0 8
29 15
51 85
75 99
4 77
72 77
10 77
15 77
83 99
77 99
88 26
0 53
0 42
45 99
13 98
93 63
6 26
93 4
40 53
63 13
12 78
0 46
0 18
6 96
29 83
23 84
5 99
0 55
29 84
86 26
13 99
26 99
95 18
98 99
0 29
53 99
0 57
21 99
78 99
1 99
