5
1
8
67
11
24
100
0 10
0 7
0 9
0 3
48 54
0 6
27 32
0 2
0 4
5 18
5 19
5 14
5 13
5 16
5 15
91 99
5 12
5 20
17 28
17 9
17 4
17 30
17 22
17 26
17 23
17 27
17 29
17 3
17 25
28 34
17 2
17 10
17 21
17 7
12 28
6 13
76 84
6 12
6 15
6 18
6 20
26 36
6 14
6 16
19 27
19 23
19 7
19 29
19 26
19 30
19 21
19 28
19 9
19 22
19 25
42 56
19 2
19 3
19 10
4 13
4 18
4 15
4 16
4 14
4 12
20 26
20 30
20 9
20 25
35 47
20 22
20 23
20 28
20 29
18 27
20 21
20 27
20 7
20 10
20 2
3 16
3 15
3 13
69 76
3 14
3 18
12 25
12 23
12 29
12 26
12 9
12 7
12 27
12 10
12 30
12 22
12 2
21 38
21 37
21 39
