5
36
81
96
89
80
100
48 11
0 46
0 10
0 45
14 99
0 83
5 99
0 20
88 15
0 75
60 53
0 13
88 68
0 60
0 47
0 88
32 99
29 53
0 99
0 92
0 24
60 97
64 6
0 64
60 99
0 86
71 11
0 12
0 42
0 23
95 75
0 33
0 77
53 99
0 67
0 87
70 99
0 95
0 1
0 68
0 70
0 51
0 11
0 62
0 15
0 37
0 9
0 74
0 59
0 32
0 29
0 93
0 50
18 57
0 4
0 27
0 53
0 14
0 7
0 85
0 72
0 41
54 1
11 99
20 46
0 63
0 2
0 49
0 54
40 99
0 48
0 66
75 99
0 56
0 73
0 90
0 52
0 44
0 61
0 22
0 30
0 19
0 34
0 55
0 3
0 69
0 71
0 65
0 97
0 78
0 18
0 98
0 35
0 26
0 43
15 99
0 5
0 8
57 99
0 91
