0
100
23 98
0 84
59 98
0 4
7 72
42 72
0 61
18 98
0 71
76 72
0 60
0 21
14 98
91 98
7 77
72 98
0 22
29 98
6 98
92 98
27 4
96 98
9 98
84 98
0 3
78 90
0 17
0 23
0 7
5 98
90 4
90 98
0 48
25 85
63 60
18 17
0 75
95 98
0 58
94 50
70 65
0 43
55 27
28 98
49 75
12 38
10 15
97 71
56 98
0 89
0 49
65 98
0 79
5 38
0 33
0 18
32 10
35 85
0 35
15 98
10 98
73 1
94 87
30 27
76 73
38 98
0 26
68 98
53 23
92 13
0 91
77 98
81 27
0 42
59 75
0 82
15 60
50 98
83 98
59 48
96 33
74 98
70 62
54 98
0 25
14 61
0 76
74 71
1 7
0 53
0 72
0 70
23 27
8 98
60 98
13 46
78 75
27 98
4 98
21 98
