5
59
36
38
88
72
100
92 99
8 11
87 86
63 66
0 4
86 99
62 53
53 99
26 40
95 41
40 66
48 64
21 99
12 99
0 19
14 8
57 86
0 61
83 99
14 30
78 66
46 99
49 42
0 14
6 77
94 23
0 95
77 56
0 94
60 66
24 17
3 21
31 66
44 12
85 87
0 91
24 41
26 71
82 23
93 42
58 27
0 26
24 82
24 31
22 29
63 42
24 64
24 15
0 43
0 24
70 7
66 99
56 99
0 27
27 7
58 18
46 58
78 18
10 27
98 29
42 99
22 20
10 78
10 30
46 30
46 13
40 30
39 89
46 60
46 10
87 44
90 98
30 99
90 47
87 92
25 29
63 27
46 90
46 17
56 37
39 73
52 99
80 5
96 99
60 77
93 68
46 39
46 54
43 81
13 75
56 86
17 91
46 56
85 40
62 43
46 62
42 28
42 18
91 75
91 74
