5
87
15
33
9
88
100
0 52
0 94
0 35
61 94
13 94
0 25
0 83
0 33
77 94
0 14
0 70
0 72
90 8
0 34
0 61
0 42
0 56
0 39
0 76
0 43
0 80
0 17
20 89
0 79
0 8
0 48
0 69
0 49
0 40
0 21
0 36
0 66
0 31
0 28
0 37
0 11
0 38
0 86
0 9
0 65
0 55
60 44
0 18
0 57
81 67
0 45
0 92
0 26
0 54
0 60
0 81
0 64
0 6
0 84
0 90
0 7
0 75
0 44
0 3
0 85
0 82
0 93
85 94
0 71
53 12
0 22
0 23
0 63
0 53
90 39
0 19
0 50
0 47
0 67
0 12
0 24
0 91
0 1
0 58
0 10
0 78
0 29
0 89
0 68
0 4
0 77
0 62
0 41
0 16
0 27
0 20
0 46
0 59
0 2
0 73
0 32
0 51
0 5
0 13
0 30
