5
57
52
98
24
19
100
0 40
83 99
53 99
0 23
50 99
79 41
0 69
0 3
75 99
36 99
63 99
76 99
70 99
29 99
20 99
89 99
21 99
87 99
23 82
73 4
51 99
82 99
69 99
80 99
7 99
0 11
0 27
42 99
88 99
8 99
18 99
61 99
22 99
85 99
5 99
0 59
32 99
71 99
0 95
39 99
0 73
44 99
92 99
0 7
93 99
0 72
66 99
0 82
0 37
91 99
81 99
16 99
45 99
67 99
34 99
54 99
0 71
0 41
0 76
40 99
56 99
9 99
30 99
90 99
92 17
17 99
10 99
15 99
0 94
0 67
25 99
95 99
0 38
1 99
11 99
0 99
37 99
2 99
12 99
48 99
41 99
65 99
0 79
27 99
31 99
18 55
97 99
55 99
72 99
96 99
77 99
47 99
0 87
86 99
3 99
33 99
62 99
4 99
0 15
0 33
