5
47
81
29
16
55
100
0 62
0 14
0 22
75 61
0 2
0 48
18 10
61 26
0 6
0 64
34 17
0 89
0 80
0 57
0 1
0 95
0 88
60 17
0 18
0 93
0 91
0 25
0 4
23 43
23 57
23 68
23 61
23 79
23 28
23 99
23 93
23 27
23 34
71 99
23 85
17 99
5 34
5 4
5 53
5 15
5 19
5 35
5 79
83 26
38 88
38 17
38 2
38 98
38 11
38 31
38 44
38 82
38 84
38 72
74 88
44 99
38 93
38 76
38 33
38 74
38 86
53 4
53 86
53 62
53 97
53 3
53 33
18 37
18 96
18 84
17 92
21 99
18 17
57 27
58 52
18 43
18 36
58 20
58 93
58 33
58 86
58 96
58 79
58 17
58 40
58 66
58 68
2 19
15 89
15 98
15 6
15 12
15 22
15 78
15 95
15 11
15 83
61 80
35 4
61 36
