5
70
32
29
56
80
100
41 99
47 99
0 16
72 39
8 99
26 99
86 99
22 99
90 99
33 99
14 54
54 99
0 72
64 99
11 69
69 99
74 99
9 99
15 99
84 99
23 99
77 99
40 16
50 99
26 50
59 99
16 99
58 99
28 99
67 99
4 99
13 99
2 99
79 99
72 99
88 99
40 99
92 99
35 36
0 53
38 99
36 99
93 99
0 99
81 99
48 99
21 99
0 26
0 14
49 99
0 93
0 61
18 99
0 66
68 99
68 34
34 99
42 99
5 99
66 99
75 99
0 18
98 99
0 36
60 99
62 99
85 99
10 99
60 96
17 90
30 99
97 99
39 99
0 17
51 99
0 13
25 99
44 99
7 99
24 99
57 99
95 99
63 99
43 99
0 46
76 99
0 9
78 99
46 99
91 99
6 99
83 99
96 99
0 60
0 48
0 95
0 20
0 84
0 55
0 57
