5
9
6
3
21
7
100
0 50
0 1
0 2
0 4
0 5
0 8
0 10
0 11
0 12
0 13
0 14
0 15
0 16
0 17
18 1
0 18
0 19
0 20
0 22
0 23
0 24
0 25
0 26
27 1
0 27
0 28
0 29
0 30
31 1
0 31
0 32
1 50
0 33
2 50
34 4
5 50
0 35
0 36
0 37
0 38
0 39
0 40
0 41
0 42
0 43
0 44
0 45
0 46
0 47
0 48
0 49
1 4
34 2
34 5
1 2
5 4
8 4
1 10
1 11
1 12
1 13
1 14
1 15
1 16
1 17
1 19
20 4
1 22
1 23
24 4
1 25
1 26
1 28
1 29
1 30
1 32
1 33
1 35
1 36
1 37
1 38
1 39
40 4
1 41
1 42
1 43
1 44
45 4
1 46
1 47
1 48
1 49
1 5
1 8
1 20
1 24
1 40
45 2
5 2
5 10
