5
67
25
60
53
77
100
62 44
35 17
32 50
0 48
0 37
35 61
32 81
37 93
40 52
40 1
0 41
15 78
35 40
76 93
52 30
30 93
0 90
90 93
35 42
38 50
81 50
0 35
32 85
10 34
58 80
46 22
32 1
68 50
38 36
32 88
68 34
20 50
89 50
50 93
0 79
46 37
44 93
89 93
0 46
83 93
88 29
10 47
0 76
11 34
34 93
48 87
20 29
10 69
10 13
62 12
36 37
29 93
32 57
91 75
37 38
0 32
12 47
0 72
24 38
10 58
45 72
0 10
0 45
0 82
13 93
86 72
57 26
57 19
0 57
0 30
0 78
0 54
6 93
68 71
0 68
47 93
11 93
40 80
0 69
16 90
16 28
16 36
14 55
6 70
90 55
58 46
0 52
55 93
0 88
8 93
54 93
0 14
0 6
16 18
2 93
0 83
65 81
0 65
15 93
16 42
