5
46
80
38
55
48
100
0 81
0 63
0 84
0 41
65 99
0 28
0 12
0 30
0 99
0 39
0 67
0 89
0 83
0 32
0 33
0 8
0 68
0 17
0 13
0 62
0 65
0 3
0 76
0 77
45 99
0 22
0 69
0 37
0 16
0 14
0 43
0 73
50 28
0 35
0 70
0 42
0 44
0 75
31 99
0 56
0 36
25 58
0 48
0 26
0 98
0 96
0 7
0 29
0 66
0 74
0 6
58 99
0 45
0 10
0 27
0 46
0 2
0 57
0 82
0 23
0 58
0 91
1 99
0 93
0 21
0 1
38 98
0 11
0 72
0 19
0 34
0 90
0 71
0 31
71 80
0 40
0 64
0 78
0 47
0 54
0 25
0 88
0 86
0 49
0 79
0 92
0 18
0 52
21 6
94 55
0 50
0 94
0 59
0 15
28 99
0 9
0 97
0 85
0 55
60 75
