5
32
8
2
27
29
100
42 97
0 65
23 97
0 57
87 97
70 39
18 97
10 14
69 97
10 44
95 59
4 24
0 4
84 5
63 47
19 91
41 59
91 30
60 39
0 84
59 97
45 97
10 87
78 74
41 38
79 9
74 24
14 97
3 97
23 34
77 12
19 75
19 42
33 95
69 7
18 25
19 15
0 69
9 97
19 77
38 97
7 62
10 4
17 90
85 70
24 97
0 79
0 19
30 97
0 20
0 95
45 26
53 3
0 45
94 89
53 87
10 53
21 42
72 90
17 48
57 47
0 10
31 5
36 97
34 56
0 75
52 89
90 97
67 51
0 17
62 97
4 94
0 46
0 28
5 97
56 97
76 97
81 97
16 97
4 97
0 23
71 37
0 47
30 47
71 82
0 51
0 82
0 16
71 97
47 97
40 61
71 31
34 58
6 33
0 6
16 58
70 61
61 97
40 57
0 68
