5
20
22
5
77
6
100
0 7
0 4
0 2
68 75
0 1
0 3
0 8
87 91
9 16
9 3
9 11
9 10
84 91
9 13
9 15
9 18
9 14
9 17
9 2
10 19
9 12
9 8
9 7
9 4
1 8
1 7
53 60
1 2
1 10
1 3
4 2
4 12
4 13
4 10
4 8
4 11
4 7
3 10
3 11
3 7
3 12
35 37
3 8
2 10
2 8
2 11
7 10
7 16
7 12
7 8
7 11
7 14
7 15
13 18
13 17
13 21
37 44
13 15
30 38
13 19
33 42
13 11
13 10
13 16
13 12
13 8
82 91
76 82
14 23
14 18
14 15
14 19
14 16
14 21
14 8
14 17
14 11
14 10
12 10
12 16
12 17
12 21
53 51
12 19
12 11
12 18
51 54
12 15
8 15
8 16
8 17
8 10
11 19
11 18
11 16
11 10
63 67
11 17
15 18
32 38
