5
53
78
8
42
45
100
0 57
16 99
0 72
51 91
51 16
0 51
0 7
0 75
36 98
0 11
0 32
85 99
0 4
0 22
0 50
0 37
0 95
98 99
60 99
7 33
0 14
65 99
0 88
0 9
30 38
0 46
84 92
0 5
10 33
59 33
33 99
0 84
44 99
0 24
19 9
19 79
0 85
0 13
0 19
0 30
66 56
0 67
9 28
28 99
38 99
66 99
0 66
0 18
89 79
0 40
0 86
0 98
89 15
0 41
0 89
49 4
49 96
0 82
56 99
21 10
36 10
16 68
17 95
6 99
0 17
0 49
0 60
21 68
32 99
0 52
0 47
0 21
80 57
81 99
50 99
10 99
92 3
0 80
0 6
0 61
86 99
13 73
3 99
84 99
77 95
76 99
29 99
27 99
0 77
96 30
73 99
0 34
95 99
41 46
96 41
44 72
15 40
46 99
74 39
12 72
