5
56
40
33
45
50
100
0 59
26 49
20 59
19 38
0 22
32 17
26 51
49 59
41 27
38 59
0 26
0 35
25 29
52 59
19 58
35 44
29 10
30 10
25 44
25 32
23 44
29 36
17 36
32 54
15 20
55 16
36 10
43 10
7 10
22 4
31 28
35 1
3 7
30 49
52 28
37 7
23 1
35 23
8 7
41 24
34 52
24 28
54 44
42 21
47 16
49 28
31 13
25 35
5 13
57 16
43 13
16 13
47 5
25 22
11 19
11 38
29 58
35 19
32 19
58 17
5 17
52 21
55 2
23 2
11 22
11 47
18 22
27 30
21 17
30 17
11 35
49 1
42 48
18 47
6 47
6 42
41 43
41 23
46 54
41 5
22 51
46 22
41 22
16 15
16 23
34 16
57 43
38 30
37 30
37 44
37 24
49 21
8 43
57 58
42 58
36 58
5 23
57 44
31 23
31 15
