5
40
59
87
85
98
100
0 32
0 16
83 99
0 30
0 54
0 43
0 74
0 10
0 29
0 6
0 63
64 82
64 68
64 5
97 88
64 90
28 63
55 88
42 88
64 48
7 88
64 28
64 1
3 88
48 88
72 36
62 81
63 88
96 81
72 86
51 19
90 49
19 86
48 16
90 74
91 86
72 71
72 30
72 31
72 9
72 76
5 14
54 70
72 18
7 33
19 28
89 63
19 49
10 68
3 70
51 77
19 80
19 39
4 33
82 77
22 60
58 80
19 82
19 22
19 1
68 4
19 47
14 68
52 70
14 48
21 14
21 58
68 80
4 70
93 32
93 68
93 38
53 54
33 70
34 63
25 13
10 44
93 4
82 89
7 8
50 44
93 7
25 12
25 28
25 27
25 39
25 51
13 44
9 23
41 63
75 63
94 32
37 44
51 46
94 4
94 89
16 74
67 12
91 63
94 79
