5
28
22
18
12
60
100
0 99
57 99
0 85
0 19
0 92
19 99
87 99
31 99
53 99
2 99
89 99
85 99
44 99
0 84
42 96
38 99
71 99
58 99
55 15
23 99
4 99
0 87
0 62
62 90
32 90
33 99
83 90
4 90
52 99
10 99
90 99
0 86
30 99
78 67
55 37
67 99
37 99
0 1
17 99
0 42
5 86
43 99
52 59
55 52
89 39
0 98
0 55
41 99
54 99
0 47
0 43
74 99
86 99
71 44
96 51
6 44
0 96
24 51
88 99
51 99
0 17
3 99
0 26
55 99
19 80
80 99
72 48
83 99
0 13
0 9
50 37
20 99
0 68
50 52
50 4
0 77
50 23
7 99
48 99
41 77
79 99
0 72
20 77
77 99
29 99
68 99
0 81
0 46
0 50
36 99
4 26
70 6
0 49
0 6
26 99
4 98
38 6
0 10
96 99
0 20
