0
100
18 20
53 19
61 13
65 39
53 33
78 51
65 49
13 62
51 62
21 49
93 36
65 93
59 29
14 20
9 68
26 20
11 8
93 39
60 39
9 64
18 93
81 90
70 47
84 92
28 21
14 8
17 36
29 39
95 88
61 35
77 37
9 78
47 20
9 53
65 78
50 75
61 33
1 90
61 72
30 42
43 76
59 94
69 50
96 3
40 22
38 20
52 71
42 72
44 34
32 50
63 90
43 74
2 59
49 35
22 71
82 78
92 33
60 76
37 69
6 3
32 78
42 71
55 64
16 72
96 50
29 36
2 30
87 93
27 20
43 82
62 99
18 52
64 71
87 45
61 50
51 69
38 71
12 21
2 44
9 43
36 19
68 75
86 69
18 2
41 71
18 95
96 22
12 52
28 53
36 33
51 59
4 50
56 45
28 32
86 24
41 73
18 32
14 15
10 25
51 94
