5
65
59
69
15
14
100
8 44
95 91
58 60
32 94
21 9
98 9
44 58
51 7
21 8
46 99
95 48
81 1
80 51
5 99
50 20
75 96
0 21
86 94
54 58
7 19
19 28
32 53
18 82
68 51
58 81
91 20
0 36
27 4
17 27
21 98
41 62
64 23
6 99
91 99
80 57
80 53
75 36
71 87
64 57
38 50
53 94
41 99
4 18
62 99
19 67
30 3
78 8
57 7
76 17
67 39
76 48
90 13
37 5
39 99
97 11
33 76
31 34
20 99
45 93
0 33
30 36
85 93
75 92
29 93
77 36
96 85
96 29
29 61
56 93
64 61
61 93
89 93
30 98
51 12
36 96
54 23
63 98
36 3
35 93
8 79
0 75
89 83
0 63
92 68
80 23
92 42
54 79
19 12
61 35
56 35
92 74
96 89
0 49
0 73
49 36
85 83
35 83
77 49
56 83
54 72
