5
88
60
82
19
45
100
27 99
72 40
47 17
72 89
32 34
6 3
72 84
25 40
0 6
15 41
90 63
42 40
14 90
47 15
7 40
40 99
0 27
72 56
51 6
0 5
41 99
95 63
32 15
72 52
35 18
86 41
70 39
0 72
0 67
47 4
39 99
97 54
0 24
7 65
9 26
17 92
20 98
92 34
70 44
67 52
9 27
0 9
34 99
0 47
0 32
0 97
90 99
0 84
20 33
29 99
0 20
26 99
39 52
27 49
43 50
16 99
0 29
53 77
44 90
52 99
10 99
77 50
0 59
44 13
59 99
44 62
39 63
44 57
53 79
0 44
71 57
0 95
75 73
36 46
61 62
0 25
62 99
54 84
0 36
76 99
96 99
0 12
89 96
0 75
0 78
46 3
54 65
63 99
37 95
95 99
43 54
0 43
70 33
0 74
77 69
0 77
0 71
33 99
73 94
56 34
