0
100
26 99
69 21
51 93
32 52
26 78
76 30
54 73
5 42
48 92
98 52
9 74
71 53
52 42
87 53
39 28
17 61
84 92
35 28
60 32
56 19
32 53
69 76
49 50
75 24
71 80
1 11
37 55
27 36
59 47
43 84
49 48
49 26
92 19
59 76
36 11
28 99
17 90
58 68
17 43
35 38
19 62
62 53
17 75
59 54
69 1
5 21
3 54
67 78
58 76
66 79
0 49
94 53
23 87
66 50
0 17
0 69
44 99
92 38
26 27
42 99
47 78
16 76
89 76
55 73
44 92
40 76
0 89
26 15
9 24
28 70
25 99
57 68
28 11
47 98
26 13
12 99
92 68
63 16
9 50
57 80
78 99
9 79
19 80
44 63
55 11
48 76
14 82
43 73
72 27
44 55
52 97
53 73
80 38
15 38
44 4
21 56
15 76
15 8
18 8
7 55
