3
18
13
68
100
0 99
6 99
0 84
75 99
12 99
43 99
36 76
0 29
61 99
51 99
70 99
78 99
0 77
0 33
15 76
17 99
0 36
76 99
11 99
73 99
73 27
53 99
36 99
77 99
87 99
16 99
84 99
73 63
0 20
21 99
73 62
0 71
42 99
0 67
27 99
53 49
34 99
62 99
2 99
19 99
47 99
74 99
0 38
0 26
5 99
23 99
49 99
41 48
0 63
15 99
52 3
53 19
48 99
49 25
0 73
90 99
88 99
25 99
39 99
52 58
66 99
41 99
0 8
21 83
58 99
74 36
63 99
21 45
45 99
72 99
0 9
0 21
9 99
64 99
1 99
95 99
80 99
0 53
0 44
35 99
38 99
5 7
0 57
0 62
50 99
0 19
0 87
82 99
66 72
8 99
65 99
56 99
14 99
98 99
0 23
40 99
10 99
22 99
86 99
0 78
