5
54
38
41
14
36
100
28 23
0 20
0 28
17 32
50 53
50 51
0 17
22 49
0 44
0 2
0 7
0 40
0 26
0 22
0 37
0 11
0 34
0 30
0 10
0 8
16 49
3 31
20 49
0 27
0 16
0 29
0 31
0 19
0 48
0 12
0 32
0 6
0 21
0 33
0 5
0 18
0 49
0 13
0 35
0 42
0 43
0 9
0 39
0 24
0 1
0 4
0 25
0 46
0 47
0 45
0 23
0 15
3 7
3 5
9 49
15 5
3 17
3 35
7 49
3 42
3 40
23 31
6 49
3 27
10 33
42 49
9 33
33 49
3 23
8 49
28 49
27 49
3 20
31 49
11 49
3 43
2 49
3 47
3 25
4 49
40 49
25 49
3 49
13 17
1 49
3 6
3 24
30 24
3 30
3 4
3 45
3 29
3 44
3 8
13 49
18 49
3 12
39 49
3 1
3 37
