5
97
37
65
76
98
100
0 87
0 21
0 72
0 52
0 74
0 80
0 45
0 20
0 85
0 60
0 18
62 99
0 81
71 94
0 27
0 84
0 36
0 49
0 64
0 94
0 40
0 62
0 86
0 43
0 2
83 99
0 19
0 31
0 8
23 40
0 30
0 46
0 54
0 56
0 5
0 35
0 82
0 59
0 51
0 83
0 33
22 99
0 88
0 3
0 93
0 90
0 1
0 99
0 13
0 91
63 91
16 18
0 95
0 12
0 63
92 99
0 48
12 87
0 14
0 25
0 34
0 66
0 78
0 29
0 41
0 28
0 44
0 57
0 10
18 99
0 22
0 32
0 16
48 93
0 96
55 99
0 61
0 50
0 70
0 89
0 67
0 11
0 92
0 39
0 26
0 68
0 6
0 17
0 23
0 53
0 58
7 35
0 4
0 47
0 73
0 7
0 71
0 9
55 42
55 45
