5
25
20
13
75
90
100
16 27
0 1
0 36
27 99
35 99
51 99
26 66
0 39
0 23
0 72
0 26
15 99
36 99
45 99
33 99
0 29
32 99
0 51
29 99
0 12
77 99
0 85
0 49
64 99
0 15
0 63
79 99
0 79
0 92
0 61
10 99
98 99
46 99
0 59
0 68
7 99
0 71
0 99
50 99
39 99
0 41
0 44
92 99
0 9
0 69
0 65
24 99
0 76
0 7
71 99
0 11
73 99
47 99
28 99
0 62
57 99
42 99
40 99
22 99
21 99
38 99
56 99
61 99
54 99
97 99
0 43
86 29
65 99
89 99
0 17
76 99
74 99
0 86
88 99
0 48
6 99
93 99
0 28
26 99
0 27
0 24
42 62
96 99
62 99
55 99
0 5
81 99
83 99
91 99
23 99
34 99
70 99
30 99
0 34
0 81
78 87
0 50
0 82
3 99
0 93
