5
37
53
23
22
39
100
0 32
0 20
0 70
43 70
0 38
0 65
0 47
0 57
0 49
0 26
0 46
0 58
0 66
0 17
0 11
0 9
0 43
0 21
0 54
0 60
0 7
0 48
0 25
0 14
0 28
61 70
61 14
0 61
0 3
0 68
0 8
0 67
0 40
0 62
0 34
0 1
55 42
55 69
55 28
55 35
55 64
55 51
55 32
55 46
63 70
55 3
55 2
7 11
55 21
55 70
55 6
55 38
2 45
55 7
55 34
55 47
55 1
55 66
55 16
55 43
55 65
55 13
55 14
55 8
55 25
55 45
55 5
55 33
34 70
55 36
55 15
55 12
55 50
55 30
55 41
62 6
62 16
62 38
62 41
62 61
62 54
62 69
49 70
51 70
62 11
42 60
62 8
62 50
62 43
62 48
62 44
62 18
62 42
62 60
62 9
62 65
62 46
47 45
62 47
62 12
