5
43
87
24
9
20
100
86 67
0 50
0 47
0 35
0 94
0 61
0 57
0 96
80 99
0 46
0 75
0 74
0 28
0 81
0 72
0 95
0 15
0 76
49 99
0 91
0 51
41 83
41 54
41 78
41 12
41 17
3 44
41 60
41 63
41 86
6 99
41 69
41 71
41 21
41 33
49 17
49 85
49 77
49 57
49 44
49 26
49 15
49 59
49 60
49 84
49 33
49 89
96 16
96 79
65 11
96 39
96 27
96 2
96 30
96 53
96 32
66 99
96 34
96 1
96 59
91 59
91 47
91 81
91 36
91 88
91 58
91 28
91 10
91 52
91 74
91 86
91 85
91 48
51 5
51 25
51 18
51 80
51 86
51 22
51 60
51 62
36 88
51 57
51 77
51 11
38 93
51 6
75 34
75 53
75 54
75 32
75 80
75 27
75 85
75 6
75 5
78 42
75 67
64 27
64 33
