0
100
24 56
50 39
23 83
14 99
0 60
0 50
14 26
26 53
26 49
31 25
26 64
65 62
90 53
28 39
40 25
75 99
89 55
93 63
63 11
41 49
55 99
44 99
58 65
66 15
52 49
33 49
90 84
0 14
80 16
29 2
41 28
0 26
31 93
4 99
70 79
18 87
67 77
73 21
61 84
67 27
42 27
80 86
2 11
30 84
67 86
29 22
64 94
38 72
38 15
46 74
77 18
40 50
32 84
45 15
85 10
61 6
72 86
0 31
35 99
49 99
80 78
68 40
81 8
4 86
29 17
65 11
68 80
11 99
4 85
29 89
0 70
7 99
87 2
60 24
5 33
4 9
48 2
77 94
0 41
58 14
20 50
27 28
61 30
4 94
0 68
13 63
2 86
72 30
4 93
1 76
13 73
75 77
4 72
91 29
46 70
16 22
91 94
5 93
28 86
96 48
