5
8
30
20
33
45
100
31 43
2 19
0 2
0 31
6 50
0 14
6 15
0 44
32 50
0 12
25 38
0 6
0 18
19 50
0 41
0 50
0 19
43 50
0 36
0 1
0 29
0 35
0 39
21 50
29 50
38 50
0 46
0 17
0 13
0 37
0 24
0 43
0 26
17 50
0 32
0 49
46 50
0 47
0 16
36 50
0 21
0 9
22 2
1 25
48 50
0 38
0 3
0 22
25 50
18 50
0 42
28 50
0 4
0 28
44 16
37 50
0 10
27 50
39 50
0 27
0 11
0 7
0 40
0 48
0 34
47 50
24 50
4 50
12 50
13 50
0 23
0 5
0 15
9 50
41 50
3 50
5 50
15 50
34 50
49 50
25 6
26 50
11 50
14 50
22 50
31 50
44 50
40 50
23 50
42 50
16 50
10 50
2 50
1 50
25 27
25 13
7 50
25 5
25 18
25 35
