5
7
36
3
55
41
100
0 14
0 39
0 73
0 55
0 33
0 27
0 15
0 32
0 56
0 50
0 24
0 41
42 57
0 70
11 66
0 21
0 31
0 53
0 3
0 52
0 60
0 48
35 34
0 51
0 35
0 68
0 10
0 20
0 2
0 54
0 36
0 71
0 4
0 64
0 8
0 17
0 19
0 61
0 69
0 25
0 66
67 69
0 29
0 44
0 23
0 40
0 58
0 45
0 63
46 7
0 65
0 37
0 11
0 47
0 43
0 42
0 38
0 46
0 7
0 34
0 57
21 73
0 13
0 26
0 16
0 6
0 67
1 2
0 1
0 5
0 9
0 18
0 72
0 62
0 28
0 30
0 49
0 59
0 22
12 16
5 73
12 61
12 28
12 21
12 33
12 13
12 26
12 5
12 59
12 31
12 6
12 11
12 60
12 52
12 62
12 39
12 53
12 72
12 1
12 64
