5
44
38
11
94
6
100
90 99
10 99
84 99
17 99
42 72
66 99
71 99
42 95
75 99
98 99
68 99
76 25
55 99
0 42
0 17
0 56
74 99
0 76
32 99
0 96
63 99
79 99
41 99
73 99
21 99
0 36
0 66
0 18
34 99
15 37
86 99
0 74
60 99
0 39
65 99
0 63
0 87
0 77
56 99
87 99
30 99
9 99
19 99
0 99
91 53
53 99
64 99
0 15
0 95
0 40
0 86
0 48
48 99
2 99
0 73
0 65
1 99
16 99
0 24
47 99
0 19
29 99
0 62
78 99
0 92
40 99
18 99
0 20
0 9
37 99
0 93
0 80
0 98
13 99
5 99
28 99
85 99
0 60
7 99
0 30
0 43
62 99
0 16
58 8
0 45
0 10
0 58
26 99
35 99
0 57
88 99
91 99
92 99
0 59
82 99
0 22
0 49
69 99
48 27
50 99
