5
11
35
5
74
52
100
78 83
0 54
0 46
0 48
0 76
0 42
0 23
0 24
0 43
0 93
0 83
0 64
0 25
0 17
0 61
0 71
0 8
0 57
0 65
0 90
4 55
41 93
0 40
0 22
0 80
0 70
0 78
0 14
0 36
0 85
41 36
41 20
41 56
41 18
41 68
41 64
41 79
41 6
41 39
41 91
41 55
81 93
41 80
31 65
41 25
41 44
41 10
41 71
41 63
41 48
41 31
41 81
41 50
41 75
41 65
41 45
41 88
41 9
41 86
41 58
41 57
41 28
86 93
30 56
30 86
30 58
30 79
30 61
30 26
30 44
30 15
1 93
30 36
30 32
30 60
30 69
89 93
30 85
30 34
30 22
30 87
30 54
30 88
30 81
30 59
30 47
30 8
30 83
30 12
66 46
66 59
66 24
66 81
66 23
66 71
66 13
66 79
66 32
66 91
66 28
