5
25
14
8
37
61
85
0 27
95 99
23 95
96 97
7 34
1 67
97 99
1 2
21 20
5 71
53 74
70 98
0 6
87 88
50 49
94 93
0 24
19 59
19 20
31 32
52 31
82 91
53 54
55 56
3 63
18 17
94 96
94 95
3 11
97 98
70 71
3 55
74 95
93 99
95 96
74 88
79 80
2 44
4 5
57 58
89 90
57 63
22 57
76 75
33 32
94 89
86 87
71 45
73 59
46 47
71 72
65 64
71 15
88 91
94 69
67 68
47 10
69 68
16 17
34 35
85 88
92 91
79 62
78 73
47 81
83 82
13 10
11 10
74 73
43 44
82 81
29 28
95 27
71 94
42 41
65 66
77 78
48 41
84 67
86 85
48 49
38 66
45 46
39 38
41 97
