0
100
0 75
59 75
11 43
20 89
89 10
0 30
79 99
0 96
98 60
17 88
65 54
78 70
34 99
11 59
7 20
48 11
62 42
87 99
26 51
70 93
72 71
71 20
0 48
91 33
87 40
65 4
75 99
34 32
7 76
44 18
68 1
4 99
26 89
60 20
70 98
19 29
57 12
24 99
26 52
94 10
7 65
54 45
10 99
49 18
92 30
71 65
41 83
46 89
58 81
41 65
15 28
17 96
8 6
34 83
29 20
70 53
93 65
33 57
70 91
73 12
94 12
87 44
70 7
65 89
17 27
32 73
4 18
32 25
94 86
16 18
9 53
70 72
9 81
17 62
63 83
43 89
76 20
97 21
45 99
65 5
41 59
94 25
19 82
82 21
97 29
68 19
15 81
81 20
5 73
71 58
94 98
0 17
40 21
68 71
94 40
86 6
0 99
0 34
10 79
65 25
