0
95
0 89
41 68
38 35
62 99
33 11
72 5
71 64
37 17
70 4
67 10
2 6
7 6
32 38
20 8
66 11
38 44
85 60
80 49
70 64
91 70
91 81
26 37
4 69
4 40
67 29
4 60
88 36
43 83
90 82
91 53
56 23
52 19
18 57
82 16
24 75
24 60
48 14
88 62
87 49
6 99
40 13
95 68
65 84
39 53
61 3
56 43
84 3
32 71
18 48
22 55
85 53
91 35
85 63
0 27
66 12
50 51
67 38
16 55
30 76
81 46
30 63
92 69
8 49
61 7
17 28
89 69
46 45
5 86
95 6
89 1
5 7
92 50
49 6
86 62
5 98
71 98
42 44
73 25
94 57
94 4
28 65
21 19
45 78
69 6
96 78
33 83
55 78
96 10
20 58
84 34
70 58
2 85
48 93
7 88
21 62
