5
26
46
16
13
42
100
0 1
89 99
10 11
10 20
1 11
48 57
2 12
2 11
3 4
12 11
23 33
12 21
22 23
22 31
22 32
21 31
21 30
21 11
30 31
40 50
40 41
31 32
41 51
41 50
32 33
23 24
14 5
14 24
14 15
5 15
6 15
57 67
7 17
8 17
8 18
38 48
9 19
18 28
18 19
18 17
27 28
27 37
36 45
36 35
37 28
37 47
38 29
38 39
38 47
28 29
39 49
48 58
57 56
48 47
49 59
58 59
58 68
77 87
58 67
57 66
56 66
56 55
65 75
65 66
65 74
65 64
55 64
55 54
45 35
45 54
44 43
44 34
44 53
43 53
44 54
35 34
34 43
25 24
25 34
24 33
52 62
52 61
52 53
51 61
50 60
60 61
70 80
70 61
71 62
71 72
71 80
71 81
62 63
62 72
53 63
54 64
63 73
63 64
72 81
72 82
