0
100
67 21
86 18
0 86
11 49
0 2
69 97
79 33
69 96
7 27
79 69
83 12
9 29
11 27
54 2
97 8
80 99
7 86
29 99
49 99
87 98
38 53
21 99
0 54
91 5
11 33
64 99
92 94
18 5
45 85
0 99
40 23
89 94
73 23
22 5
7 6
7 87
76 94
10 34
11 74
77 2
92 51
43 82
28 33
92 76
7 72
0 45
28 34
11 10
42 17
55 3
91 90
48 56
91 59
0 79
7 73
0 7
93 2
29 63
94 5
55 67
19 10
55 93
96 3
26 17
38 72
77 17
91 73
11 72
87 34
33 2
4 93
31 5
93 5
4 17
5 99
83 77
11 38
6 2
38 67
19 22
42 12
64 35
4 54
86 67
68 52
91 68
87 74
43 12
80 12
89 40
19 62
24 49
11 45
71 42
96 49
0 11
51 9
91 71
29 43
30 74
