5
49
16
83
53
10
100
0 66
0 4
0 12
28 30
0 55
30 95
31 95
0 36
36 95
93 76
0 92
0 87
0 90
0 57
0 95
0 11
0 45
59 95
74 95
0 74
0 24
0 13
0 50
0 78
82 95
0 75
1 95
0 22
92 95
17 76
76 95
0 34
0 6
0 93
0 73
0 65
0 56
0 5
0 67
0 71
0 80
0 47
0 33
0 58
84 95
0 89
0 51
0 76
73 95
71 95
0 31
0 21
0 60
0 77
44 95
0 2
0 23
0 82
20 95
0 29
0 91
0 52
0 41
0 32
0 26
0 64
0 39
0 18
0 9
0 85
0 46
0 88
0 1
0 15
0 40
0 79
0 86
56 95
0 72
0 25
78 95
0 8
0 59
0 48
0 17
0 62
0 38
0 42
0 54
0 43
0 68
77 95
35 95
0 14
0 44
0 94
0 69
8 95
32 95
0 3
