0
100
0 42
93 7
11 23
11 75
40 38
11 18
33 27
33 34
88 14
68 8
68 90
68 95
17 84
58 81
58 36
58 41
12 37
12 81
23 48
23 93
43 3
43 31
43 32
98 49
51 79
51 25
51 57
44 55
44 49
44 94
89 34
36 50
36 87
55 37
55 5
20 5
55 24
92 3
62 99
92 34
21 70
54 70
54 1
93 72
93 87
52 86
38 52
73 72
15 99
73 31
28 80
78 63
28 2
69 42
62 13
62 34
25 65
25 50
56 10
6 8
1 99
6 67
16 97
94 60
9 14
27 26
27 67
60 79
61 79
60 46
60 72
42 90
29 2
97 39
29 22
15 29
15 50
26 91
10 91
94 14
71 81
71 95
71 29
3 4
35 75
84 66
86 99
39 99
86 74
4 65
8 66
63 99
30 46
53 81
82 5
53 45
80 19
13 59
45 49
80 32
