5
35
79
70
48
13
100
0 72
0 26
83 54
41 53
83 11
5 19
5 40
5 11
5 81
4 43
4 89
4 78
4 81
4 64
27 82
91 49
96 68
91 96
1 7
25 98
18 29
32 26
54 36
32 41
32 56
12 7
75 53
77 30
77 47
6 68
42 53
77 22
77 43
55 7
65 1
88 10
65 41
93 10
62 42
62 58
62 87
33 54
62 85
62 37
62 82
15 19
38 94
38 49
38 84
49 66
43 12
45 58
11 95
45 20
92 39
92 6
12 82
92 44
37 33
17 95
17 39
12 36
12 41
15 80
78 44
78 49
98 1
94 61
94 86
94 21
80 56
60 8
30 56
87 2
89 96
87 42
87 69
87 30
87 73
85 44
3 40
42 9
42 88
42 90
42 89
84 93
82 28
84 20
44 52
44 26
23 41
2 34
90 11
90 20
82 86
19 56
39 19
61 56
33 46
33 73
