5
63
34
58
42
55
100
0 99
52 99
49 99
0 39
39 99
70 71
0 70
0 91
52 60
33 99
60 99
85 19
17 40
75 99
0 17
0 16
46 99
26 45
66 99
85 99
23 99
29 99
27 99
0 52
0 87
10 99
61 99
43 99
0 40
79 99
69 99
0 62
0 3
87 99
82 99
88 99
40 99
78 99
95 99
86 99
45 99
57 99
65 99
89 99
67 99
16 99
12 99
5 99
0 13
94 99
62 99
0 85
67 95
32 99
25 99
0 14
0 9
76 99
1 99
0 67
70 99
72 99
84 99
21 47
73 99
93 99
4 99
47 99
68 99
0 60
6 99
0 44
0 43
0 33
14 99
0 6
90 99
9 99
64 99
0 77
0 54
0 5
0 4
18 99
80 99
37 99
30 99
11 99
2 99
26 99
0 47
0 8
44 99
97 99
35 99
0 83
22 99
98 99
48 99
3 99
