5
88
25
54
62
78
100
0 97
0 2
13 42
75 84
42 99
4 99
0 5
23 99
44 99
0 52
0 36
8 49
72 85
0 13
0 32
0 98
49 60
0 29
16 42
49 99
11 18
0 11
22 99
18 99
81 91
60 85
9 99
0 63
85 99
32 99
61 5
75 2
93 61
60 34
69 41
77 58
40 32
93 22
0 81
72 14
0 93
55 99
23 84
0 51
2 99
0 59
0 8
34 99
0 23
39 99
57 15
0 10
15 99
41 99
95 87
0 38
35 9
56 71
0 9
27 99
45 86
86 99
0 95
0 31
0 75
94 5
0 84
71 99
72 99
1 83
68 16
0 27
0 35
47 99
16 99
29 99
48 99
0 58
0 26
69 99
0 56
0 99
96 99
24 99
16 28
47 50
96 72
83 99
16 12
50 99
0 65
0 42
90 99
0 49
68 59
35 99
28 99
2 45
0 19
59 10
