5
90
38
49
85
59
89
44 99
2 41
61 45
22 41
23 32
94 82
0 2
11 8
45 25
0 20
1 3
2 6
19 29
1 2
17 6
17 20
1 4
7 6
63 74
68 66
29 25
1 86
1 20
65 75
56 68
8 7
46 18
54 88
20 5
18 7
5 25
80 24
70 24
98 87
62 24
0 76
87 24
54 87
81 3
43 44
57 82
54 50
72 23
24 23
21 23
27 9
96 3
17 22
21 22
39 34
29 26
95 92
3 2
97 22
22 10
18 74
39 33
2 4
5 10
8 37
39 65
69 3
12 16
89 42
4 16
34 52
57 71
92 91
82 18
40 21
40 34
81 27
48 45
42 84
2 62
22 14
29 3
18 15
12 9
67 17
73 12
30 22
5 4
92 4
66 71
24 17
8 31
9 58
20 77
