5
89
36
69
34
49
100
0 61
0 44
0 79
0 28
0 37
0 78
0 49
51 47
27 40
0 12
31 62
0 90
0 39
22 99
0 63
0 87
0 71
0 50
0 55
0 86
0 59
0 99
0 81
0 42
0 3
0 38
0 66
47 99
0 17
96 98
0 23
0 41
0 73
0 82
0 95
0 8
0 96
0 52
0 76
0 64
0 32
0 1
0 36
0 27
0 77
87 99
0 92
0 51
70 57
0 91
0 80
70 45
70 54
70 88
70 27
70 86
70 22
70 6
70 71
70 87
70 60
70 14
70 21
70 17
8 99
70 44
70 68
70 38
70 43
70 53
70 63
71 99
57 99
70 35
70 12
70 61
70 96
70 16
48 99
51 3
70 92
70 19
70 4
48 77
70 90
70 5
70 62
70 72
6 99
70 81
70 15
9 99
70 48
70 41
70 73
70 42
70 18
70 10
51 44
70 51
