0
100
0 37
0 25
80 8
83 19
44 32
0 31
35 17
89 19
92 37
44 50
0 16
11 97
37 17
38 90
14 68
32 17
38 66
21 66
42 80
11 83
8 3
29 73
64 17
60 17
26 80
8 73
42 92
49 17
84 3
45 33
28 75
3 97
4 94
87 68
4 68
45 21
84 17
83 57
43 68
31 80
11 68
8 68
20 54
11 59
73 17
45 20
76 20
42 79
19 97
31 55
17 97
45 25
53 63
76 12
6 81
38 44
11 53
64 97
51 15
14 26
93 79
29 50
0 14
9 77
0 45
40 9
48 63
52 97
96 68
11 5
73 81
21 68
11 8
70 81
8 30
40 66
61 36
11 67
72 56
81 97
23 36
42 83
49 30
76 26
59 44
94 92
11 89
8 57
22 35
36 20
51 12
42 48
52 35
77 20
11 28
49 60
69 86
75 92
42 76
0 38
