5
18
7
82
42
1
100
0 43
0 18
0 56
0 7
0 79
0 38
0 17
0 68
0 74
0 27
0 16
0 89
0 46
0 5
0 13
0 92
0 31
0 62
0 94
0 96
58 74
24 59
0 69
0 24
0 19
0 36
51 97
0 95
0 26
0 93
0 53
0 41
16 90
85 29
90 97
0 58
40 97
88 97
0 11
75 76
0 91
75 12
75 36
75 14
71 38
75 20
75 71
75 38
75 18
75 86
75 33
75 42
75 70
66 42
75 46
75 28
75 5
75 95
75 57
75 89
75 58
75 96
63 57
75 63
75 80
75 61
75 7
75 2
75 15
75 66
75 62
75 22
24 64
24 42
24 14
24 72
24 30
59 97
24 56
24 97
24 80
24 29
24 21
25 82
24 13
24 87
24 52
24 46
24 55
24 31
24 41
24 84
24 92
24 40
24 65
24 3
24 18
24 35
24 19
91 85
