0
100
0 2
69 79
0 25
41 62
69 60
0 4
45 58
29 79
47 79
7 19
71 22
20 22
73 36
27 65
48 19
59 58
45 30
16 25
27 16
67 62
45 32
15 75
12 31
73 71
18 10
62 79
63 21
44 59
45 27
75 43
63 59
17 35
30 6
59 43
55 79
25 21
60 36
0 51
32 63
2 48
45 20
58 21
17 19
8 19
69 51
48 77
32 5
76 5
13 32
29 1
38 1
48 1
54 42
56 30
3 18
53 3
5 64
19 36
12 28
52 77
0 11
63 77
59 21
18 9
16 9
31 21
76 6
22 67
19 67
33 26
58 78
9 34
2 17
43 55
71 10
8 17
73 56
5 42
29 10
32 49
75 6
57 24
42 17
4 24
61 10
60 6
45 47
12 65
73 2
23 37
43 65
4 37
25 6
70 5
43 16
37 22
24 10
77 19
53 2
7 3
