0
100
0 99
0 72
0 78
0 26
0 87
33 99
0 23
0 85
0 28
0 20
0 13
0 43
0 86
0 98
0 52
0 82
0 48
0 64
0 51
76 77
0 37
0 24
0 39
0 33
0 29
0 32
0 9
0 41
0 67
20 99
0 68
0 6
0 12
0 25
0 92
0 94
0 7
0 4
0 76
0 17
0 19
0 89
0 58
0 38
0 22
0 75
0 44
0 91
0 11
0 55
0 71
0 83
77 46
0 16
0 31
0 14
0 40
0 57
17 99
77 47
77 55
77 90
77 1
77 28
46 99
77 97
77 25
77 9
77 83
77 73
74 47
77 8
77 39
77 51
77 26
77 72
77 98
77 68
52 47
31 43
77 64
77 40
77 54
77 74
77 56
77 99
82 60
77 63
77 69
29 58
77 3
77 93
77 29
77 71
77 48
77 19
77 52
81 99
77 44
77 57
